2022-05-01 04:34:04,320 - INFO - Config:
2022-05-01 04:34:04,321 - INFO - {
    "L2_regularisation": 0,
    "alpha": 100,
    "base_dir": "models/experiments/final/eICU/LoS/TempOnly",
    "batch_norm": "mybatchnorm",
    "batch_size": 64,
    "batch_size_test": 32,
    "batchnorm": "mybatchnorm",
    "dataset": "eICU",
    "diagnosis_size": 64,
    "disable_cuda": false,
    "exp_name": "TempOnly",
    "intermediate_reporting": false,
    "kernel_size": 4,
    "labs_only": false,
    "last_linear_size": 17,
    "learning_rate": 0.00226,
    "loss": "msle",
    "main_dropout_rate": 0.45,
    "mode": "train",
    "model_type": "temp_only",
    "n_epochs": 15,
    "n_layers": 9,
    "name": "TempOnly",
    "no_diag": false,
    "no_exp": false,
    "no_labs": false,
    "no_mask": false,
    "no_skip_connections": false,
    "no_temp_kernels": 12,
    "percentage_data": 100.0,
    "point_size": 13,
    "point_sizes": [
        13,
        13,
        13,
        13,
        13,
        13,
        13,
        13,
        13
    ],
    "save_results_csv": false,
    "seed": 2195549687,
    "share_weights": false,
    "shuffle_train": true,
    "sum_losses": true,
    "task": "LoS",
    "temp_dropout_rate": 0.05,
    "temp_kernels": [
        12,
        12,
        12,
        12,
        12,
        12,
        12,
        12,
        12
    ]
}
2022-05-01 04:34:10,233 - INFO - Experiment set up.
2022-05-01 04:34:13,661 - INFO - TempPointConv(
  (relu): ReLU()
  (sigmoid): Sigmoid()
  (hardtanh): Hardtanh(min_val=0.020833333333333332, max_val=100)
  (msle_loss): MSLELoss(
    (squared_error): MSELoss()
  )
  (mse_loss): MSELoss(
    (squared_error): MSELoss()
  )
  (bce_loss): BCELoss()
  (main_dropout): Dropout(p=0.45, inplace=False)
  (temp_dropout): Dropout(p=0.05, inplace=False)
  (empty_module): EmptyModule()
  (diagnosis_encoder): Linear(in_features=293, out_features=64, bias=True)
  (bn_diagnosis_encoder): MyBatchNorm1d(64, eps=1e-05, momentum=0.1, affine=True, track_running_stats=True)
  (bn_point_last_los): MyBatchNorm1d(17, eps=1e-05, momentum=0.1, affine=True, track_running_stats=True)
  (bn_point_last_mort): MyBatchNorm1d(17, eps=1e-05, momentum=0.1, affine=True, track_running_stats=True)
  (point_final_los): Linear(in_features=17, out_features=1, bias=True)
  (point_final_mort): Linear(in_features=17, out_features=1, bias=True)
  (layer_modules): ModuleDict(
    (0): ModuleDict(
      (temp): Conv1d(174, 1044, kernel_size=(4,), stride=(1,), groups=87)
      (bn_temp): MyBatchNorm1d(1044, eps=1e-05, momentum=0.1, affine=True, track_running_stats=True)
    )
    (1): ModuleDict(
      (temp): Conv1d(1131, 1044, kernel_size=(4,), stride=(1,), dilation=(3,), groups=87)
      (bn_temp): MyBatchNorm1d(1044, eps=1e-05, momentum=0.1, affine=True, track_running_stats=True)
    )
    (2): ModuleDict(
      (temp): Conv1d(1131, 1044, kernel_size=(4,), stride=(1,), dilation=(6,), groups=87)
      (bn_temp): MyBatchNorm1d(1044, eps=1e-05, momentum=0.1, affine=True, track_running_stats=True)
    )
    (3): ModuleDict(
      (temp): Conv1d(1131, 1044, kernel_size=(4,), stride=(1,), dilation=(9,), groups=87)
      (bn_temp): MyBatchNorm1d(1044, eps=1e-05, momentum=0.1, affine=True, track_running_stats=True)
    )
    (4): ModuleDict(
      (temp): Conv1d(1131, 1044, kernel_size=(4,), stride=(1,), dilation=(12,), groups=87)
      (bn_temp): MyBatchNorm1d(1044, eps=1e-05, momentum=0.1, affine=True, track_running_stats=True)
    )
    (5): ModuleDict(
      (temp): Conv1d(1131, 1044, kernel_size=(4,), stride=(1,), dilation=(15,), groups=87)
      (bn_temp): MyBatchNorm1d(1044, eps=1e-05, momentum=0.1, affine=True, track_running_stats=True)
    )
    (6): ModuleDict(
      (temp): Conv1d(1131, 1044, kernel_size=(4,), stride=(1,), dilation=(18,), groups=87)
      (bn_temp): MyBatchNorm1d(1044, eps=1e-05, momentum=0.1, affine=True, track_running_stats=True)
    )
    (7): ModuleDict(
      (temp): Conv1d(1131, 1044, kernel_size=(4,), stride=(1,), dilation=(21,), groups=87)
      (bn_temp): MyBatchNorm1d(1044, eps=1e-05, momentum=0.1, affine=True, track_running_stats=True)
    )
    (8): ModuleDict(
      (temp): Conv1d(1131, 1044, kernel_size=(4,), stride=(1,), dilation=(24,), groups=87)
      (bn_temp): MyBatchNorm1d(1044, eps=1e-05, momentum=0.1, affine=True, track_running_stats=True)
    )
  )
  (point_last_los): Linear(in_features=1260, out_features=17, bias=True)
  (point_last_mort): Linear(in_features=1260, out_features=17, bias=True)
)
2022-05-01 04:42:20,814 - INFO - Custom bins confusion matrix:
2022-05-01 04:42:20,815 - INFO - [[924599 899438 172147  54735  22833  11104   6160   3573   6246   1534]
 [365921 573049 169462  65362  28438  14198   7679   4510   7594   1789]
 [155253 338945 137681  60501  28664  14852   8341   4993   8569   1911]
 [ 73048 208490 106888  52380  26623  14398   8323   4895   8790   2026]
 [ 39796 133001  81721  44157  23473  13059   7818   4943   8902   2274]
 [ 23615  89951  63347  36419  20641  11944   7033   4311   8426   2291]
 [ 14347  64375  50190  30215  17295  10275   6522   4000   7946   2203]
 [  9003  46795  40552  25403  14981   8816   5445   3582   6982   2125]
 [ 21622 130289 126642  85255  52448  33011  21045  13833  28756   8879]
 [  9676  66171  75528  57377  38991  25539  17115  11625  25673   9133]]
2022-05-01 04:42:29,060 - INFO - Epoch: 0 | Train Loss: 103.9953
2022-05-01 04:47:01,717 - INFO - Custom bins confusion matrix:
2022-05-01 04:47:01,717 - INFO - [[259400 146740  28827   9129   3460   1088    521    208    209     22]
 [ 92704 108919  36288  15327   6044   2050    927    386    320     31]
 [ 34538  64264  31447  17026   7625   3312   1497    768    703     35]
 [ 15337  36724  23594  14985   7422   3812   2251   1221   1218     79]
 [  7621  21981  16751  12185   7403   4039   2257   1268   1676    217]
 [  4545  14263  12197  10081   6710   3583   2102   1329   1890    304]
 [  2736   8653   9001   8323   5724   3116   1896   1478   2139    264]
 [  1826   6020   6677   6563   4939   2947   1813   1250   2287    245]
 [  3505  14773  18662  21264  17438  12445   7586   4651   9126   1570]
 [  1403   6240   9891  12449  12116   9441   6901   4264   7654   1322]]
2022-05-01 04:47:03,665 - INFO - Epoch: 0 | Validation Loss: 83.3374
2022-05-01 04:54:53,839 - INFO - Custom bins confusion matrix:
2022-05-01 04:54:53,840 - INFO - [[1046800  801316  160395   51127   20313    9422    4900    2780    4483
      880]
 [ 386628  546689  175062   67088   29189   14087    7399    4170    6542
     1274]
 [ 147410  318908  150053   68531   32658   16892    9305    5358    9038
     1711]
 [  62825  182253  117474   62485   33040   17806   10256    6194   11157
     2479]
 [  31516  106834   86889   53082   30257   17367   10810    6654   12622
     3221]
 [  17461   66658   63478   43821   26689   16079   10246    6510   13072
     4017]
 [  10380   43593   48500   35214   22960   14513    9220    6099   12743
     4194]
 [   6214   29796   37283   29014   19116   12401    8215    5585   11891
     4202]
 [  14123   73572  109512   93590   66184   45171   30191   21249   48951
    19270]
 [   5863   34285   58571   58020   45074   32667   23597   17284   42383
    19084]]
2022-05-01 04:55:01,771 - INFO - Epoch: 1 | Train Loss: 90.6338
2022-05-01 04:56:46,701 - INFO - Custom bins confusion matrix:
2022-05-01 04:56:46,703 - INFO - [[300225 115643  22560   7267   2322    861    331    197    198      0]
 [103400 104830  33281  13479   4888   1765    652    382    318      1]
 [ 34152  62631  32326  17960   8042   3355   1409    724    592     24]
 [ 14078  32593  23767  17384   9362   4602   2294   1195   1301     67]
 [  6308  17880  16720  13888   8618   5632   2798   1464   1942    148]
 [  3751  11155  11641  10347   7439   4950   3070   1811   2651    189]
 [  2349   6545   8051   7819   6353   4278   2792   1812   3082    249]
 [  1490   4986   5439   5753   5221   3998   2761   1714   2939    266]
 [  2573  10368  15265  17820  18166  14173  10358   7200  13276   1821]
 [  1127   4546   6975  10308  12544   9969   7939   5533  11353   1387]]
2022-05-01 04:56:48,780 - INFO - Epoch: 1 | Validation Loss: 71.4345
2022-05-01 05:04:25,715 - INFO - Custom bins confusion matrix:
2022-05-01 05:04:25,715 - INFO - [[1123330  752137  142272   45959   18304    8452    4631    2499    4093
      701]
 [ 393698  557623  165827   63221   26982   12958    6821    3825    6045
     1074]
 [ 137214  327648  153204   68340   32163   16436    8999    5318    8810
     1641]
 [  54473  177988  122046   65063   34709   19176   11087    6867   11900
     2605]
 [  26105   98502   88871   55624   32710   19427   12144    7589   14574
     3679]
 [  14433   58632   62898   45175   28686   18134   11400    7563   16155
     4950]
 [   8450   36954   46017   36181   24629   15974   10597    7107   15891
     5616]
 [   5060   24349   33830   29315   20435   13818    9371    6574   14977
     5997]
 [  11156   58895   96135   88856   66935   48299   34249   24986   62329
    29986]
 [   4937   28353   50457   53143   44221   33737   25136   19125   50283
    27436]]
2022-05-01 05:04:33,767 - INFO - Epoch: 2 | Train Loss: 84.0131
2022-05-01 05:06:18,688 - INFO - Custom bins confusion matrix:
2022-05-01 05:06:18,690 - INFO - [[307078 117654  17409   4902   1705    510    192    105     49      0]
 [ 95901 123978  29132   9373   3121    950    308    105    127      1]
 [ 26937  75826  36016  14677   5118   1656    579    204    196      6]
 [ 10112  36651  30421  16994   7587   2853   1203    430    378     14]
 [  4572  18716  20948  14907   8808   3935   1798    871    800     43]
 [  2682  10862  13947  12297   8137   4277   2325   1167   1250     60]
 [  1659   6371   8928   9728   6975   4415   2443   1195   1546     70]
 [  1018   4411   6412   7335   5913   3832   2371   1374   1767    134]
 [  1881   9924  16511  21145  19347  14047   9470   6196  11047   1452]
 [   755   4458   7120  11433  12124  10288   7940   5510  10451   1602]]
2022-05-01 05:06:20,766 - INFO - Epoch: 2 | Validation Loss: 66.1072
2022-05-01 05:14:26,276 - INFO - Custom bins confusion matrix:
2022-05-01 05:14:26,276 - INFO - [[1169909  721896  132307   42222   16953    8057    4080    2401    3893
      727]
 [ 396995  562999  162677   60194   25531   12327    6626    3704    5946
     1113]
 [ 129628  331754  155926   68630   32149   16597    9124    5362    8892
     1759]
 [  49910  173080  125844   68067   35508   19609   11458    6922   12552
     2916]
 [  23443   92654   90089   57581   34159   20311   12585    8058   15937
     4298]
 [  12670   53959   62520   45756   30109   19034   12470    8114   17753
     5563]
 [   7447   32979   44650   36661   25374   16844   11327    7765   17782
     6515]
 [   4510   21713   32187   28778   21049   14647   10017    7061   16784
     6908]
 [   9753   52358   88215   86073   67713   49526   36619   26875   69778
    34617]
 [   4303   24771   47045   51236   43400   34428   26194   19696   54176
    31495]]
2022-05-01 05:14:34,299 - INFO - Epoch: 3 | Train Loss: 80.3711
2022-05-01 05:16:19,067 - INFO - Custom bins confusion matrix:
2022-05-01 05:16:19,069 - INFO - [[318530 104264  18600   5260   1938    641    262     85     24      0]
 [ 94292 117941  33112  11133   4345   1431    464    167    111      0]
 [ 24482  68098  38256  17933   7924   2814   1056    468    184      0]
 [  8915  30418  28704  19328  10886   4822   1977    871    721      1]
 [  3820  14796  17460  15960  11400   6100   2906   1336   1572     48]
 [  2210   8551  10990  12015   8969   6223   3552   1787   2613     94]
 [  1365   5085   6617   8266   7576   5488   3533   1977   3232    191]
 [   770   3674   4703   6092   5614   4660   3278   2024   3565    187]
 [  1445   7288  12432  16945  17865  15188  11742   8684  17593   1838]
 [   764   3092   4791   8437  10921  10849   8710   6924  15111   2082]]
2022-05-01 05:16:21,221 - INFO - Epoch: 3 | Validation Loss: 59.7777
2022-05-01 05:24:08,231 - INFO - Custom bins confusion matrix:
2022-05-01 05:24:08,231 - INFO - [[1218381  688383  123158   39219   15693    7214    3898    2234    3575
      690]
 [ 398653  573870  156388   57116   24314   11517    6219    3506    5642
      980]
 [ 121070  337073  159875   68940   31921   16207    8873    5320    8818
     1715]
 [  44052  168583  131194   69931   37044   20452   11695    7122   12867
     2959]
 [  19836   86632   91371   60128   36179   21633   13320    8481   16942
     4661]
 [  10872   48709   61413   47359   31465   20400   13256    9021   19341
     6177]
 [   6208   29782   42963   36722   26035   17816   12201    8517   19749
     7439]
 [   3460   19147   31130   28320   21451   15232   10668    7715   18644
     7974]
 [   8404   46322   82221   82960   67274   50902   37910   28629   76323
    40881]
 [   3475   20824   42330   47753   42503   33951   26900   20760   60680
    37652]]
2022-05-01 05:24:16,270 - INFO - Epoch: 4 | Train Loss: 76.4248
2022-05-01 05:26:01,686 - INFO - Custom bins confusion matrix:
2022-05-01 05:26:01,686 - INFO - [[344213  87464  11846   3795   1446    501    241     56     42      0]
 [108363 116998  24064   8154   3445   1198    488    163    114      9]
 [ 28539  73008  33514  14938   6470   2582   1134    528    498      4]
 [  9890  34901  26919  16006   9467   4751   2325   1195   1125     64]
 [  4164  16612  17539  14153   9740   6100   3085   1753   2018    234]
 [  2368   9369  11190  10603   8486   5529   3673   2231   3239    316]
 [  1517   5326   7051   7479   6906   4798   3409   2358   3941    545]
 [   918   3751   4556   5490   5278   4326   3230   2063   4251    704]
 [  1744   8194  11517  15735  16406  14039  10820   8329  19571   4665]
 [  1077   3396   5259   7781   8952   9058   8589   6520  16657   4392]]
2022-05-01 05:26:03,774 - INFO - Epoch: 4 | Validation Loss: 57.2653
2022-05-01 05:33:47,068 - INFO - Custom bins confusion matrix:
2022-05-01 05:33:47,069 - INFO - [[1244339  673583  116466   36811   14830    6865    3567    2022    3393
      609]
 [ 398958  581253  152784   54955   23479   11166    5825    3300    5410
     1043]
 [ 117243  341385  161100   67907   31609   16023    8814    5199    8760
     1766]
 [  42024  167667  132435   70505   37119   20565   11940    7348   13222
     3066]
 [  18658   85353   91910   60765   35941   21744   13535    8796   17735
     4731]
 [   9780   47324   61309   47835   31658   20614   13659    9085   20239
     6456]
 [   5752   28732   42572   36016   25870   18312   12650    8745   20947
     7748]
 [   3381   18483   30118   28121   21079   15306   11073    8004   19661
     8419]
 [   7898   43567   77818   81189   66697   51304   38696   29251   80194
    45027]
 [   3286   19650   40555   46615   41232   33469   26277   21235   62540
    41939]]
2022-05-01 05:33:55,215 - INFO - Epoch: 5 | Train Loss: 74.3645
2022-05-01 05:35:41,723 - INFO - Custom bins confusion matrix:
2022-05-01 05:35:41,724 - INFO - [[326454 101208  15137   4424   1625    443    183     63     67      0]
 [ 87136 131615  30410   8857   3299   1153    287    144     95      0]
 [ 19505  72445  43057  16118   6330   2459    810    256    235      0]
 [  6540  29885  32205  20758   9614   4207   2035    789    603      7]
 [  2474  13202  18785  17691  11666   5844   2776   1472   1450     38]
 [  1287   7018  10919  12858  10413   6467   3511   1947   2534     50]
 [   778   3825   6362   8555   8083   6103   3712   2417   3354    141]
 [   423   2675   4146   5705   6345   4986   3689   2390   3951    257]
 [   908   4961   9134  15424  17332  16741  13266   9836  20417   3001]
 [   566   2626   4051   6461  10010  10436   8890   7337  18089   3215]]
2022-05-01 05:35:43,769 - INFO - Epoch: 5 | Validation Loss: 53.1180
2022-05-01 05:43:49,600 - INFO - Custom bins confusion matrix:
2022-05-01 05:43:49,600 - INFO - [[1275257  654099  109333   34219   13784    6562    3398    1909    3218
      601]
 [ 399434  588690  149871   52383   22160   10621    5575    3130    5241
      952]
 [ 112854  342965  164925   68197   31308   15748    8561    5094    8302
     1781]
 [  39372  164730  135164   72769   37829   20717   11880    7194   13174
     3069]
 [  17407   81436   92549   61728   37315   22582   14066    9113   18167
     4803]
 [   9325   43722   60320   48172   32829   21784   14561    9590   20955
     6729]
 [   5212   25906   40750   36459   27242   18889   13400    9400   21895
     8239]
 [   2995   16283   28424   27956   21574   15924   11591    8481   21180
     9298]
 [   6335   38887   73808   78806   65826   51951   40097   30398   86125
    49578]
 [   2860   17807   38230   44568   40521   33719   27039   21563   64971
    45550]]
2022-05-01 05:43:57,427 - INFO - Epoch: 6 | Train Loss: 71.7252
2022-05-01 05:45:41,140 - INFO - Custom bins confusion matrix:
2022-05-01 05:45:41,140 - INFO - [[343314  87240  12611   3956   1454    544    293    116     75      1]
 [ 95883 124384  28523   8584   3409   1300    528    234    151      0]
 [ 22488  69391  40112  17609   6980   2697   1053    431    439     15]
 [  7467  28613  29449  19896  11127   5391   2360   1131   1161     48]
 [  2891  12663  16403  16276  12092   7051   3748   1872   2256    146]
 [  1460   6864   9289  11507  10061   6994   4106   2570   3865    288]
 [   826   3954   5228   7418   7504   6019   4167   2893   4841    480]
 [   572   2532   3782   5358   4994   4527   3813   2698   5581    710]
 [   998   5178   8440  13218  14739  14626  12327  10014  25452   6028]
 [   706   2319   3607   5790   7948   8746   8235   6947  20945   6438]]
2022-05-01 05:45:43,262 - INFO - Epoch: 6 | Validation Loss: 50.9989
2022-05-01 05:53:25,260 - INFO - Custom bins confusion matrix:
2022-05-01 05:53:25,261 - INFO - [[1300044  637926  104394   32549   13216    6065    3136    1797    2778
      484]
 [ 396932  597706  146309   51105   21544   10301    5335    3062    4855
      865]
 [ 107564  347553  165454   68010   31336   15641    8787    5070    8542
     1691]
 [  37006  160350  137148   74145   38831   21411   12452    7659   13843
     2933]
 [  15867   77079   92286   63392   38764   23544   14831    9585   18995
     4782]
 [   8389   41559   59629   48731   33438   22152   14908   10079   22169
     6869]
 [   4765   24790   39937   36733   27079   19250   13387    9594   23148
     8698]
 [   2599   15791   27659   27583   21818   16077   11682    8808   21880
     9830]
 [   6396   37022   70397   77079   65675   51969   40086   31157   88617
    53428]
 [   2708   16389   35476   42775   39804   33707   27237   22134   68711
    47557]]
2022-05-01 05:53:33,215 - INFO - Epoch: 7 | Train Loss: 69.7972
2022-05-01 05:55:19,196 - INFO - Custom bins confusion matrix:
2022-05-01 05:55:19,197 - INFO - [[347646  82782  13032   3867   1427    463    257     86     44      0]
 [ 91755 125959  31308   8967   3278   1025    398    166    140      0]
 [ 20303  63313  46874  19805   6607   2630    985    346    340     12]
 [  6475  23974  29957  23814  12785   5382   2294    948    976     38]
 [  2553  10294  15031  17750  13469   7865   4153   2105   2056    122]
 [  1484   5628   8279  11239  10808   7761   4606   2976   3991    232]
 [   808   3032   4934   7372   7887   6396   4419   2971   5142    369]
 [   523   2327   3515   4740   5594   5003   3973   2663   5535    694]
 [   926   4544   8353  12478  15120  14725  12857  10485  25381   6151]
 [   646   2123   3836   5740   7781   8733   7811   6938  21745   6328]]
2022-05-01 05:55:21,258 - INFO - Epoch: 7 | Validation Loss: 48.0710
2022-05-01 06:03:03,279 - INFO - Custom bins confusion matrix:
2022-05-01 06:03:03,280 - INFO - [[1322852  620669  100855   31412   12493    5928    3088    1798    2844
      501]
 [ 393272  606032  144637   49918   20475    9908    5222    2990    4805
      935]
 [ 103314  348268  168911   68874   31122   15838    8518    4926    8345
     1720]
 [  34928  156423  141576   75586   39343   21365   12437    7611   13523
     3166]
 [  14680   73675   93814   64987   39333   23736   15098    9635   19195
     5051]
 [   7818   38983   59682   49630   34319   22599   15045   10246   22547
     7126]
 [   4330   23063   40061   36859   27428   19527   13676    9757   23553
     9138]
 [   2422   14693   27378   27466   22029   16270   12197    8750   22378
    10110]
 [   6006   34666   68852   75666   65304   52545   40548   31469   91338
    55257]
 [   2667   15564   33925   41363   38842   33679   27441   21988   70030
    51329]]
2022-05-01 06:03:11,347 - INFO - Epoch: 8 | Train Loss: 68.0364
2022-05-01 06:04:55,037 - INFO - Custom bins confusion matrix:
2022-05-01 06:04:55,037 - INFO - [[358533  76031  10324   3004   1043    435    173     46     15      0]
 [100418 122320  28394   7769   2642    900    362    139     52      0]
 [ 21811  68387  42692  18017   6562   2417    810    305    213      1]
 [  6561  27083  29694  22334  11817   5256   2126    955    813      4]
 [  2462  11301  15868  17401  12847   7565   3934   2045   1911     64]
 [  1452   5761   8484  11568  10634   7829   4486   2817   3844    129]
 [   683   3047   5194   7322   7727   6224   4507   3100   5182    344]
 [   399   2221   3654   4648   5564   4891   3858   2895   5736    701]
 [   790   4074   7835  11970  15005  14664  13388  10710  26698   5886]
 [   573   1867   2929   5442   7613   8431   8395   7453  23318   5660]]
2022-05-01 06:04:57,040 - INFO - Epoch: 8 | Validation Loss: 46.5129
2022-05-01 06:12:31,781 - INFO - Custom bins confusion matrix:
2022-05-01 06:12:31,782 - INFO - [[1341245  610384   96368   29628   11805    5428    2904    1629    2632
      413]
 [ 388412  616194  143099   47993   19924    9479    4957    2755    4543
      779]
 [  98217  353111  172140   68083   30226   15045    8265    5009    8039
     1662]
 [  32025  155797  143618   77166   39529   21446   12418    7293   13421
     3204]
 [  13914   71209   94092   66090   40376   24333   15034    9752   19235
     5169]
 [   7086   37182   58856   49994   34815   23083   15539   10607   23341
     7480]
 [   3959   22141   38664   36549   27889   19983   14250   10130   24406
     9416]
 [   2430   13226   26758   27059   22146   16689   12160    9215   23484
    10538]
 [   5090   31786   65770   74032   64887   52477   41255   32325   94965
    59224]
 [   2226   14149   31794   39857   37995   32898   27192   22574   72362
    55781]]
2022-05-01 06:12:39,483 - INFO - Epoch: 9 | Train Loss: 66.1272
2022-05-01 06:14:23,072 - INFO - Custom bins confusion matrix:
2022-05-01 06:14:23,073 - INFO - [[350584  84286  10588   2721    897    327    126     38     37      0]
 [ 81972 143810  26588   7187   2186    736    311    162     44      0]
 [ 14309  74805  46449  16717   5596   2043    733    339    224      0]
 [  4094  25581  34335  23594  10812   4612   2025    779    784     27]
 [  1464  10032  17189  19178  13280   6968   3613   1795   1784     95]
 [   864   5015   9273  12744  11473   7350   4497   2484   3152    152]
 [   467   2824   5235   8013   8664   6098   4476   2974   4324    255]
 [   303   1909   3669   5531   5901   5022   3867   2550   5184    631]
 [   589   3690   8009  13615  15531  15479  13095   9958  25743   5311]
 [   312   1887   3353   5824   8476   8788   8745   7085  20765   6446]]
2022-05-01 06:14:25,032 - INFO - Epoch: 9 | Validation Loss: 44.3156
2022-05-01 06:22:30,982 - INFO - Custom bins confusion matrix:
2022-05-01 06:22:30,983 - INFO - [[1360404  597272   92493   28401   11292    5266    2865    1507    2504
      394]
 [ 387510  621505  141064   47097   19428    8987    4752    2672    4328
      761]
 [  94997  354298  173593   69194   30453   15118    8134    4658    7875
     1485]
 [  30177  152782  144169   78448   40816   22266   12759    7773   13853
     2907]
 [  12560   68577   92871   67472   41201   25371   15871   10249   20024
     4999]
 [   6599   35852   58122   50029   35059   23669   15961   10981   24117
     7570]
 [   3625   21209   38114   36158   27947   20615   14306   10324   25475
     9587]
 [   2076   13079   25642   26639   22264   16609   12563    9273   24430
    11118]
 [   5020   31028   63932   72887   64462   52392   41769   32748   96803
    60555]
 [   2257   13565   30929   38592   37272   32465   27306   22909   73446
    57982]]
2022-05-01 06:22:38,934 - INFO - Epoch: 10 | Train Loss: 64.7133
2022-05-01 06:24:23,416 - INFO - Custom bins confusion matrix:
2022-05-01 06:24:23,418 - INFO - [[364967  71437   9028   2748    893    369    114     35     13      0]
 [ 95759 128708  26859   7806   2574    794    341    133     22      0]
 [ 19736  68382  44348  17780   7214   2225    878    449    203      0]
 [  5654  24960  30369  22481  12301   6122   2475   1123   1138     20]
 [  2176   9795  14812  16985  13083   8341   4896   2554   2680     76]
 [  1174   4971   7653  10594  10857   7980   5452   3373   4778    172]
 [   575   2766   4119   6563   7701   6893   4899   3419   5982    413]
 [   399   1876   2969   4242   5345   5042   3973   3154   6763    804]
 [   680   3534   6390  10088  13608  14752  13190  11615  30087   7076]
 [   448   1503   2995   4863   6701   8180   7970   7474  23811   7736]]
2022-05-01 06:24:25,442 - INFO - Epoch: 10 | Validation Loss: 43.1327
2022-05-01 06:32:13,185 - INFO - Custom bins confusion matrix:
2022-05-01 06:32:13,187 - INFO - [[1374277  588784   88584   27468   11085    5194    2544    1613    2469
      407]
 [ 383971  631234  137298   45438   18679    8931    4706    2644    4397
      826]
 [  92654  355883  174944   69157   30078   14890    7903    4617    8031
     1628]
 [  29590  149830  145192   79948   41177   22474   12737    7740   14174
     3072]
 [  12390   66541   93471   67638   41751   25847   15720   10397   20378
     5091]
 [   6355   35198   56862   50038   35574   24394   16400   11101   24568
     7541]
 [   3640   20743   36961   36463   28054   20538   14758   10603   25854
     9802]
 [   1956   12945   24902   26195   22088   16839   12815    9648   24828
    11501]
 [   4443   29351   61214   71245   63876   52935   42430   33169  100087
    63036]
 [   2119   13071   30145   38301   37402   32473   27256   22903   74758
    58400]]
2022-05-01 06:32:21,171 - INFO - Epoch: 11 | Train Loss: 63.5627
2022-05-01 06:34:08,639 - INFO - Custom bins confusion matrix:
2022-05-01 06:34:08,640 - INFO - [[368411  69591   8017   2396    755    303    112     17      2      0]
 [ 93048 134617  25177   6849   2105    730    338     82     50      0]
 [ 17323  74322  43774  16623   5812   2026    792    295    248      0]
 [  4873  26840  32492  22995  11328   4753   1815    798    741      8]
 [  1725  10356  16985  18358  13753   7378   3749   1497   1563     34]
 [  1083   5303   8945  11724  11550   7900   4881   2763   2760     95]
 [   627   2956   4776   7369   8095   6954   5027   3161   4166    199]
 [   411   1886   3176   4971   5450   5578   4540   3050   5232    273]
 [   797   3563   7046  11586  14981  16189  14626  11949  26152   4131]
 [   528   1863   3070   5063   7668   8617   9240   8667  22163   4802]]
2022-05-01 06:34:10,808 - INFO - Epoch: 11 | Validation Loss: 42.2000
2022-05-01 06:42:01,048 - INFO - Custom bins confusion matrix:
2022-05-01 06:42:01,050 - INFO - [[1388685  580257   85167   26237   10392    4912    2600    1474    2222
      386]
 [ 379248  640409  135503   43944   18153    8705    4649    2562    4104
      736]
 [  88124  359566  176102   68727   30154   15159    8065    4639    7670
     1538]
 [  26966  147725  147811   81449   42017   22451   12779    7703   13979
     2980]
 [  11094   63785   93669   69243   42636   26562   16247   10388   20295
     5241]
 [   5734   32863   57165   50967   36644   24373   16483   11494   24749
     7487]
 [   3229   19604   36356   36537   28157   21024   14998   11142   26580
     9746]
 [   1902   12281   24331   26281   22431   17242   12676    9752   25649
    11172]
 [   4600   29241   60716   69952   63496   52790   42132   33574  100497
    64791]
 [   1850   12196   28439   36133   35810   31743   27153   22790   77046
    63668]]
2022-05-01 06:42:08,995 - INFO - Epoch: 12 | Train Loss: 62.0432
2022-05-01 06:43:55,016 - INFO - Custom bins confusion matrix:
2022-05-01 06:43:55,016 - INFO - [[353796  80580   9540   3400   1341    539    258     93     57      0]
 [ 81943 135894  29791   8694   3757   1617    681    321    290      8]
 [ 14545  66128  42448  20732   9275   4170   2003   1049    808     57]
 [  4261  21845  26017  22386  14789   8033   4115   2380   2689    128]
 [  1428   8115  12646  14236  13141   9832   6561   3947   5186    306]
 [   875   4097   6411   8322   9230   8473   6487   4713   7739    657]
 [   491   2267   3520   4787   6137   6192   5371   4114   9304   1147]
 [   276   1521   2444   3047   3951   4739   3762   3503   9614   1710]
 [   546   2556   4495   6814   9601  11491  11881  10992  39516  13128]
 [   386   1347   1949   3182   4484   5502   6455   6249  28544  13583]]
2022-05-01 06:43:57,083 - INFO - Epoch: 12 | Validation Loss: 40.7302
2022-05-01 06:51:44,433 - INFO - Custom bins confusion matrix:
2022-05-01 06:51:44,434 - INFO - [[1397354  573822   83233   26034   10490    4801    2538    1463    2230
      442]
 [ 374492  646915  133371   44242   18201    8676    4644    2676    4130
      800]
 [  86110  359896  177811   69087   30485   14792    8137    4565    7515
     1469]
 [  26049  146200  149925   81795   41946   22852   13013    7687   13451
     3016]
 [  10773   62881   92988   69769   43156   26615   16544   10741   20488
     5225]
 [   5439   32691   56422   50368   36582   24996   16982   11678   25105
     7698]
 [   3070   19648   35521   36134   28613   21192   15402   11046   26906
     9859]
 [   1805   11922   24132   26013   22394   17242   13224    9794   25711
    11480]
 [   4225   27672   59003   69416   63636   52852   42805   34302  102816
    65082]
 [   1733   12290   27795   35877   35692   31688   27048   22993   77128
    64584]]
2022-05-01 06:51:52,393 - INFO - Epoch: 13 | Train Loss: 61.2188
2022-05-01 06:53:38,952 - INFO - Custom bins confusion matrix:
2022-05-01 06:53:38,953 - INFO - [[344979  87197  11080   3605   1501    663    343    124    112      0]
 [ 70806 140387  33676  10446   4219   1772    875    414    372     29]
 [ 12366  60502  46587  22185  10154   4734   2409   1215   1013     50]
 [  3489  18182  26637  23363  15404   8707   4855   2789   3098    119]
 [  1202   6513  11473  14832  13760   9854   6555   4408   6353    448]
 [   723   3336   5459   8199   9607   8512   6208   4802   9161    997]
 [   418   1802   2995   4331   5872   6070   5303   4363  10441   1735]
 [   282   1173   2049   2937   3420   4112   3892   3453  10736   2513]
 [   476   2237   3780   5726   8319  10015  10423  10496  39732  19816]
 [   266   1038   1655   2780   3890   4875   5350   5659  27212  18956]]
2022-05-01 06:53:40,992 - INFO - Epoch: 13 | Validation Loss: 39.4991
2022-05-01 07:01:21,330 - INFO - Custom bins confusion matrix:
2022-05-01 07:01:21,331 - INFO - [[1408190  567411   80823   25182   10038    4617    2328    1323    2148
      348]
 [ 371357  652323  133731   43307   17649    8318    4332    2451    4013
      668]
 [  83283  359675  181674   69415   29669   14721    8019    4399    7452
     1505]
 [  25291  144496  151899   82520   42357   22643   13036    7637   13234
     2824]
 [  10340   61808   93848   70066   43782   26583   16525   10397   20570
     5297]
 [   5127   31351   56400   50995   37096   25029   17075   11548   25504
     7882]
 [   2958   18205   35514   36642   28942   21130   15314   11157   27119
    10411]
 [   1714   11503   23886   26175   22013   17244   13108    9989   26192
    11869]
 [   3942   26179   57459   68755   63018   52560   42843   34368  104751
    67719]
 [   1624   11604   27418   35169   34685   31500   27071   22921   77875
    66867]]
2022-05-01 07:01:29,190 - INFO - Epoch: 14 | Train Loss: 60.1807
2022-05-01 07:03:14,824 - INFO - Custom bins confusion matrix:
2022-05-01 07:03:14,825 - INFO - [[359927  76893   8746   2679    897    301    115     29     17      0]
 [ 78549 145287  28514   7082   2272    764    302    148     78      0]
 [ 13902  67270  51004  18968   6464   2280    808    318    193      8]
 [  3781  20602  33313  25844  13209   5901   2350    938    672     33]
 [  1287   7764  15010  19052  14691   9091   4401   2056   1986     60]
 [   879   3989   6989  11461  11857   9062   5538   3176   3897    156]
 [   524   2351   3746   5934   8030   7550   5617   3719   5464    395]
 [   300   1539   2626   3837   5212   5343   4903   3344   6763    700]
 [   486   2901   5774   9215  11853  13901  14457  12813  32689   6931]
 [   354   1469   2404   4259   6145   7287   7931   7761  25961   8110]]
2022-05-01 07:03:16,876 - INFO - Epoch: 14 | Validation Loss: 38.5135
2022-05-01 07:03:16,879 - INFO - Experiment ended. Checkpoints stored =)
