2022-05-05 23:38:47,563 - INFO - Config:
2022-05-05 23:38:47,564 - INFO - {
    "L2_regularisation": 0,
    "alpha": 100,
    "base_dir": "models/experiments/final/eICU/multitask2/TPC",
    "batch_norm": "mybatchnorm",
    "batch_size": 24,
    "batch_size_test": 24,
    "batchnorm": "mybatchnorm",
    "dataset": "eICU",
    "diagnosis_size": 64,
    "disable_cuda": false,
    "exp_name": "TPC",
    "intermediate_reporting": false,
    "kernel_size": 4,
    "labs_only": false,
    "last_linear_size": 17,
    "learning_rate": 0.00226,
    "loss": "msle",
    "main_dropout_rate": 0.45,
    "mode": "train",
    "model_type": "tpc",
    "n_epochs": 15,
    "n_layers": 9,
    "name": "TPC",
    "no_diag": false,
    "no_exp": false,
    "no_labs": false,
    "no_mask": false,
    "no_skip_connections": false,
    "no_temp_kernels": 12,
    "percentage_data": 100.0,
    "point_size": 13,
    "point_sizes": [
        13,
        13,
        13,
        13,
        13,
        13,
        13,
        13,
        13
    ],
    "save_results_csv": false,
    "seed": 3311487752,
    "share_weights": false,
    "shuffle_train": true,
    "sum_losses": true,
    "task": "multitask",
    "temp_dropout_rate": 0.05,
    "temp_kernels": [
        12,
        12,
        12,
        12,
        12,
        12,
        12,
        12,
        12
    ]
}
2022-05-05 23:38:53,017 - INFO - Experiment set up.
2022-05-05 23:39:00,086 - INFO - TempPointConv2(
  (relu): ReLU()
  (sigmoid): Sigmoid()
  (hardtanh): Hardtanh(min_val=0.020833333333333332, max_val=100)
  (msle_loss): MSLELoss(
    (squared_error): MSELoss()
  )
  (mse_loss): MSELoss(
    (squared_error): MSELoss()
  )
  (bce_loss): BCELoss()
  (main_dropout): Dropout(p=0.45, inplace=False)
  (temp_dropout): Dropout(p=0.05, inplace=False)
  (empty_module): EmptyModule()
  (diagnosis_encoder): Linear(in_features=293, out_features=64, bias=True)
  (bn_diagnosis_encoder): MyBatchNorm1d(64, eps=1e-05, momentum=0.1, affine=True, track_running_stats=True)
  (bn_point_last_los): MyBatchNorm1d(17, eps=1e-05, momentum=0.1, affine=True, track_running_stats=True)
  (bn_point_last_mort): MyBatchNorm1d(17, eps=1e-05, momentum=0.1, affine=True, track_running_stats=True)
  (point_final_los): Linear(in_features=17, out_features=1, bias=True)
  (point_final_mort): Linear(in_features=17, out_features=1, bias=True)
  (layer_modules): ModuleDict(
    (0): ModuleDict(
      (temp): Conv1d(174, 1044, kernel_size=(4,), stride=(1,), groups=87)
      (bn_temp): MyBatchNorm1d(1044, eps=1e-05, momentum=0.1, affine=True, track_running_stats=True)
      (point): Linear(in_features=241, out_features=13, bias=True)
      (bn_point): MyBatchNorm1d(13, eps=1e-05, momentum=0.1, affine=True, track_running_stats=True)
    )
    (1): ModuleDict(
      (temp): Conv1d(1400, 1200, kernel_size=(4,), stride=(1,), dilation=(3,), groups=100)
      (bn_temp): MyBatchNorm1d(1200, eps=1e-05, momentum=0.1, affine=True, track_running_stats=True)
      (point): Linear(in_features=1298, out_features=13, bias=True)
      (bn_point): MyBatchNorm1d(13, eps=1e-05, momentum=0.1, affine=True, track_running_stats=True)
    )
    (2): ModuleDict(
      (temp): Conv1d(1582, 1356, kernel_size=(4,), stride=(1,), dilation=(6,), groups=113)
      (bn_temp): MyBatchNorm1d(1356, eps=1e-05, momentum=0.1, affine=True, track_running_stats=True)
      (point): Linear(in_features=1454, out_features=13, bias=True)
      (bn_point): MyBatchNorm1d(13, eps=1e-05, momentum=0.1, affine=True, track_running_stats=True)
    )
    (3): ModuleDict(
      (temp): Conv1d(1764, 1512, kernel_size=(4,), stride=(1,), dilation=(9,), groups=126)
      (bn_temp): MyBatchNorm1d(1512, eps=1e-05, momentum=0.1, affine=True, track_running_stats=True)
      (point): Linear(in_features=1610, out_features=13, bias=True)
      (bn_point): MyBatchNorm1d(13, eps=1e-05, momentum=0.1, affine=True, track_running_stats=True)
    )
    (4): ModuleDict(
      (temp): Conv1d(1946, 1668, kernel_size=(4,), stride=(1,), dilation=(12,), groups=139)
      (bn_temp): MyBatchNorm1d(1668, eps=1e-05, momentum=0.1, affine=True, track_running_stats=True)
      (point): Linear(in_features=1766, out_features=13, bias=True)
      (bn_point): MyBatchNorm1d(13, eps=1e-05, momentum=0.1, affine=True, track_running_stats=True)
    )
    (5): ModuleDict(
      (temp): Conv1d(2128, 1824, kernel_size=(4,), stride=(1,), dilation=(15,), groups=152)
      (bn_temp): MyBatchNorm1d(1824, eps=1e-05, momentum=0.1, affine=True, track_running_stats=True)
      (point): Linear(in_features=1922, out_features=13, bias=True)
      (bn_point): MyBatchNorm1d(13, eps=1e-05, momentum=0.1, affine=True, track_running_stats=True)
    )
    (6): ModuleDict(
      (temp): Conv1d(2310, 1980, kernel_size=(4,), stride=(1,), dilation=(18,), groups=165)
      (bn_temp): MyBatchNorm1d(1980, eps=1e-05, momentum=0.1, affine=True, track_running_stats=True)
      (point): Linear(in_features=2078, out_features=13, bias=True)
      (bn_point): MyBatchNorm1d(13, eps=1e-05, momentum=0.1, affine=True, track_running_stats=True)
    )
    (7): ModuleDict(
      (temp): Conv1d(2492, 2136, kernel_size=(4,), stride=(1,), dilation=(21,), groups=178)
      (bn_temp): MyBatchNorm1d(2136, eps=1e-05, momentum=0.1, affine=True, track_running_stats=True)
      (point): Linear(in_features=2234, out_features=13, bias=True)
      (bn_point): MyBatchNorm1d(13, eps=1e-05, momentum=0.1, affine=True, track_running_stats=True)
    )
    (8): ModuleDict(
      (temp): Conv1d(2674, 2292, kernel_size=(4,), stride=(1,), dilation=(24,), groups=191)
      (bn_temp): MyBatchNorm1d(2292, eps=1e-05, momentum=0.1, affine=True, track_running_stats=True)
      (point): Linear(in_features=2390, out_features=13, bias=True)
      (bn_point): MyBatchNorm1d(13, eps=1e-05, momentum=0.1, affine=True, track_running_stats=True)
    )
  )
  (point_last_los): Linear(in_features=2985, out_features=17, bias=True)
  (point_last_mort): Linear(in_features=2985, out_features=17, bias=True)
)
2022-05-05 23:39:00,087 - INFO - number of parameters: 1151428
2022-05-05 23:39:00,087 - INFO - Experiment started at 22-05-05_23:39:00.
2022-05-05 23:52:19,647 - INFO - Train Metrics:
2022-05-05 23:52:19,649 - INFO - ==> Length of Stay:
2022-05-05 23:52:51,206 - INFO - Custom bins confusion matrix:
2022-05-05 23:52:51,206 - INFO - [[1300405  614100  121120   36152   14415    6746    3585    1935    3553
      882]
 [ 394380  538156  187286   62594   25497   11920    6460    3805    6707
     1565]
 [ 113871  297165  191832   77901   34479   17049    9486    5800    9990
     2384]
 [  42875  150235  145275   76035   37404   19711   11370    6873   12964
     3264]
 [  20578   83726   97941   63419   35125   19770   12252    7602   14758
     4081]
 [  11816   51070   66186   49428   30406   18465   12058    7550   16179
     4873]
 [   7129   33972   46547   37399   25275   16697   11093    7482   16441
     5381]
 [   4320   23651   32978   28904   21013   14268    9821    6748   16119
     5904]
 [  10662   60760   89103   83724   64681   48541   35204   26228   69851
    33072]
 [   5785   33192   49840   50446   40322   31747   24187   18335   52655
    30319]]
2022-05-05 23:52:58,419 - INFO - Mean absolute deviation (MAD) = 2.4886060279193933
2022-05-05 23:52:58,420 - INFO - Mean squared error (MSE) = 33.18021094473872
2022-05-05 23:52:58,420 - INFO - Mean absolute percentage error (MAPE) = 103.69045886127088
2022-05-05 23:52:58,420 - INFO - Mean squared logarithmic error (MSLE) = 1.20880554736815
2022-05-05 23:52:58,420 - INFO - R^2 Score = 0.09503343695628519
2022-05-05 23:52:58,420 - INFO - Cohen kappa score = 0.4335353729926913
2022-05-05 23:52:59,124 - INFO - ==> Mortality:
2022-05-05 23:52:59,268 - INFO - Confusion matrix:
2022-05-05 23:52:59,268 - INFO - [[60117   100]
 [ 6675    19]]
2022-05-05 23:52:59,311 - INFO - Accuracy = 0.8987460732460022
2022-05-05 23:52:59,311 - INFO - Precision Survived = 0.9000628590583801
2022-05-05 23:52:59,311 - INFO - Precision Died = 0.1596638709306717
2022-05-05 23:52:59,311 - INFO - Recall Survived = 0.9983393549919128
2022-05-05 23:52:59,311 - INFO - Recall Died = 0.002838362706825137
2022-05-05 23:52:59,311 - INFO - Area Under the Receiver Operating Characteristic curve (AUROC) = 0.7862193093409271
2022-05-05 23:52:59,311 - INFO - Area Under the Precision Recall curve (AUPRC) = 0.26590870006402884
2022-05-05 23:52:59,311 - INFO - F1 score (macro averaged) = 0.47611744789251625
2022-05-05 23:52:59,948 - INFO - Epoch: 0 | Train Loss: 84.8021
2022-05-05 23:54:42,535 - INFO - Validation Metrics:
2022-05-05 23:54:42,535 - INFO - ==> Length of Stay:
2022-05-05 23:54:49,633 - INFO - Custom bins confusion matrix:
2022-05-05 23:54:49,634 - INFO - [[334488  82928  20786   7455   2739   1000    347    118     66      0]
 [ 67590 109834  54084  20363   7232   2692    894    376    177      0]
 [  8240  40073  55086  33659  14802   5663   2340    940    586      3]
 [  2029  11362  28147  30272  18597   9081   4067   1936   1295      1]
 [   748   3941  12283  20064  17380  10667   5479   2805   2145     30]
 [   620   2036   5481  12003  13249  10715   6340   3521   3141     42]
 [   341   1101   2943   6677   8918   8356   6232   4154   4704     34]
 [   261    648   1768   4102   5826   6584   5514   3782   6034    106]
 [   533   1508   4600   8312  12458  15847  15663  14582  34523   3170]
 [   314    675   2172   3342   5406   7800   9150   9441  29122   4266]]
2022-05-05 23:54:51,035 - INFO - Mean absolute deviation (MAD) = 1.8927927598245045
2022-05-05 23:54:51,035 - INFO - Mean squared error (MSE) = 48.15820441148862
2022-05-05 23:54:51,035 - INFO - Mean absolute percentage error (MAPE) = 72.53592941675645
2022-05-05 23:54:51,035 - INFO - Mean squared logarithmic error (MSLE) = 0.6905692008816126
2022-05-05 23:54:51,035 - INFO - R^2 Score = 0.21920944518752383
2022-05-05 23:54:51,035 - INFO - Cohen kappa score = 0.6479244875695569
2022-05-05 23:54:51,573 - INFO - ==> Mortality:
2022-05-05 23:54:51,604 - INFO - Confusion matrix:
2022-05-05 23:54:51,604 - INFO - [[12964     0]
 [ 1347     0]]
2022-05-05 23:54:51,616 - INFO - Accuracy = 0.9058765769004822
2022-05-05 23:54:51,616 - INFO - Precision Survived = 0.9058765769004822
2022-05-05 23:54:51,617 - INFO - Precision Died = nan
2022-05-05 23:54:51,617 - INFO - Recall Survived = 1.0
2022-05-05 23:54:51,617 - INFO - Recall Died = 0.0
2022-05-05 23:54:51,617 - INFO - Area Under the Receiver Operating Characteristic curve (AUROC) = 0.8446578521252502
2022-05-05 23:54:51,617 - INFO - Area Under the Precision Recall curve (AUPRC) = 0.41890631216869173
2022-05-05 23:54:51,617 - INFO - F1 score (macro averaged) = 0.4753070577451879
2022-05-05 23:54:52,376 - INFO - Epoch: 0 | Validation Loss: 50.1806
2022-05-05 23:54:52,378 - INFO - Done epoch 0, spent 0:15:52.290765.
2022-05-06 00:08:07,441 - INFO - Train Metrics:
2022-05-06 00:08:07,443 - INFO - ==> Length of Stay:
2022-05-06 00:08:40,955 - INFO - Custom bins confusion matrix:
2022-05-06 00:08:40,956 - INFO - [[1528316  462136   78062   20730    7072    2982    1461     789    1170
      193]
 [ 329856  573671  241126   56312   19297    8274    4050    2184    3105
      541]
 [  53051  227759  300257  103491   38060   16555    8087    4577    6876
     1256]
 [  14271   74078  185636  118542   52973   25255   13306    7556   12141
     2265]
 [   6239   29396   95135   95568   54550   29514   17055   10129   17867
     3823]
 [   3401   14670   50401   67140   45936   28776   17946   11557   22615
     5613]
 [   2114    8475   29480   44904   35703   25353   17105   11712   25112
     7482]
 [   1191    4937   18742   31408   26742   20443   15045   10717   25440
     9076]
 [   3088   11232   42170   78122   69940   61595   49671   38070  109797
    58141]
 [   1859    5438   21169   41059   38053   35395   31174   25539   80957
    56185]]
2022-05-06 00:08:48,395 - INFO - Mean absolute deviation (MAD) = 2.1251236846517756
2022-05-06 00:08:48,396 - INFO - Mean squared error (MSE) = 29.66371056493508
2022-05-06 00:08:48,396 - INFO - Mean absolute percentage error (MAPE) = 74.77529464608273
2022-05-06 00:08:48,396 - INFO - Mean squared logarithmic error (MSLE) = 0.7935924471049532
2022-05-06 00:08:48,396 - INFO - R^2 Score = 0.1909240194484384
2022-05-06 00:08:48,396 - INFO - Cohen kappa score = 0.5958467345903309
2022-05-06 00:08:49,055 - INFO - ==> Mortality:
2022-05-06 00:08:49,198 - INFO - Confusion matrix:
2022-05-06 00:08:49,199 - INFO - [[60219     0]
 [ 6694     0]]
2022-05-06 00:08:49,242 - INFO - Accuracy = 0.8999596238136292
2022-05-06 00:08:49,242 - INFO - Precision Survived = 0.8999596238136292
2022-05-06 00:08:49,242 - INFO - Precision Died = nan
2022-05-06 00:08:49,242 - INFO - Recall Survived = 1.0
2022-05-06 00:08:49,242 - INFO - Recall Died = 0.0
2022-05-06 00:08:49,242 - INFO - Area Under the Receiver Operating Characteristic curve (AUROC) = 0.825258505340082
2022-05-06 00:08:49,242 - INFO - Area Under the Precision Recall curve (AUPRC) = 0.34338168325685875
2022-05-06 00:08:49,243 - INFO - F1 score (macro averaged) = 0.47367303275335876
2022-05-06 00:08:49,995 - INFO - Epoch: 1 | Train Loss: 57.4427
2022-05-06 00:10:32,940 - INFO - Validation Metrics:
2022-05-06 00:10:32,940 - INFO - ==> Length of Stay:
2022-05-06 00:10:40,213 - INFO - Custom bins confusion matrix:
2022-05-06 00:10:40,213 - INFO - [[351613  82256  10595   3548   1232    424    161     54     44      0]
 [ 43160 143409  58737  11764   3798   1539    540    183    112      0]
 [  3682  40354  78846  24272   8074   3575   1581    568    440      0]
 [  1381  11071  38343  31693  13125   5874   2877   1362   1060      1]
 [   586   4074  13777  23089  16780   8332   4407   2470   2010     17]
 [   470   2067   5963  12415  13828   9942   5564   3406   3452     41]
 [   293   1211   2766   6374   8421   8652   6290   4063   5323     67]
 [   260    864   1570   3599   5284   5907   5504   4260   7241    136]
 [   569   1598   3442   6920  10045  11572  13934  14713  44582   3821]
 [   269    784   1394   2613   4276   5478   6748   7678  35815   6633]]
2022-05-06 00:10:41,657 - INFO - Mean absolute deviation (MAD) = 1.6989151457642302
2022-05-06 00:10:41,657 - INFO - Mean squared error (MSE) = 46.29384152125418
2022-05-06 00:10:41,658 - INFO - Mean absolute percentage error (MAPE) = 54.89516870911214
2022-05-06 00:10:41,658 - INFO - Mean squared logarithmic error (MSLE) = 0.5135484485186507
2022-05-06 00:10:41,658 - INFO - R^2 Score = 0.24943642215285844
2022-05-06 00:10:41,658 - INFO - Cohen kappa score = 0.7045024120308689
2022-05-06 00:10:42,418 - INFO - ==> Mortality:
2022-05-06 00:10:42,449 - INFO - Confusion matrix:
2022-05-06 00:10:42,450 - INFO - [[12964     0]
 [ 1347     0]]
2022-05-06 00:10:42,459 - INFO - Accuracy = 0.9058765769004822
2022-05-06 00:10:42,459 - INFO - Precision Survived = 0.9058765769004822
2022-05-06 00:10:42,459 - INFO - Precision Died = nan
2022-05-06 00:10:42,459 - INFO - Recall Survived = 1.0
2022-05-06 00:10:42,459 - INFO - Recall Died = 0.0
2022-05-06 00:10:42,459 - INFO - Area Under the Receiver Operating Characteristic curve (AUROC) = 0.8491628751150752
2022-05-06 00:10:42,459 - INFO - Area Under the Precision Recall curve (AUPRC) = 0.421527575789907
2022-05-06 00:10:42,460 - INFO - F1 score (macro averaged) = 0.4753070577451879
2022-05-06 00:10:43,113 - INFO - Epoch: 1 | Validation Loss: 39.0215
2022-05-06 00:10:43,115 - INFO - Done epoch 1, spent 0:15:50.737725.
2022-05-06 00:23:57,395 - INFO - Train Metrics:
2022-05-06 00:23:57,397 - INFO - ==> Length of Stay:
2022-05-06 00:24:30,805 - INFO - Custom bins confusion matrix:
2022-05-06 00:24:30,806 - INFO - [[1599217  418656   58530   15759    5702    2424    1085     572     862
      106]
 [ 287775  618610  253158   47976   16260    6789    3359    1724    2398
      341]
 [  36102  211155  344107  101269   34616   14802    7345    3859    5857
      857]
 [  10096   58270  199438  127024   53740   24834   12639    7151   11015
     1799]
 [   4433   21465   89393  102295   59916   32171   17970   10597   17673
     3339]
 [   2499   10502   42594   66202   50668   32516   20539   12808   24486
     5217]
 [   1483    5872   23850   42393   37617   27622   19303   13327   28482
     7467]
 [    869    3372   14098   27621   27730   22065   16769   12153   29474
     9567]
 [   2421    7522   29508   63172   66362   62089   51278   41105  126861
    71508]
 [   1307    3766   13808   31114   32552   34739   30821   25802   92017
    70902]]
2022-05-06 00:24:37,981 - INFO - Mean absolute deviation (MAD) = 2.0003725189035735
2022-05-06 00:24:37,981 - INFO - Mean squared error (MSE) = 28.053569624298188
2022-05-06 00:24:37,981 - INFO - Mean absolute percentage error (MAPE) = 65.33789479520688
2022-05-06 00:24:37,981 - INFO - Mean squared logarithmic error (MSLE) = 0.6640438904069017
2022-05-06 00:24:37,981 - INFO - R^2 Score = 0.23485447882764043
2022-05-06 00:24:37,981 - INFO - Cohen kappa score = 0.64307577205022
2022-05-06 00:24:38,684 - INFO - ==> Mortality:
2022-05-06 00:24:38,830 - INFO - Confusion matrix:
2022-05-06 00:24:38,830 - INFO - [[60218     0]
 [ 6694     0]]
2022-05-06 00:24:38,875 - INFO - Accuracy = 0.8999581336975098
2022-05-06 00:24:38,875 - INFO - Precision Survived = 0.8999581336975098
2022-05-06 00:24:38,875 - INFO - Precision Died = nan
2022-05-06 00:24:38,875 - INFO - Recall Survived = 1.0
2022-05-06 00:24:38,875 - INFO - Recall Died = 0.0
2022-05-06 00:24:38,875 - INFO - Area Under the Receiver Operating Characteristic curve (AUROC) = 0.8290562948942117
2022-05-06 00:24:38,876 - INFO - Area Under the Precision Recall curve (AUPRC) = 0.3684975465893946
2022-05-06 00:24:38,876 - INFO - F1 score (macro averaged) = 0.4736726185794069
2022-05-06 00:24:39,819 - INFO - Epoch: 2 | Train Loss: 49.1644
2022-05-06 00:26:22,890 - INFO - Validation Metrics:
2022-05-06 00:26:22,890 - INFO - ==> Length of Stay:
2022-05-06 00:26:30,224 - INFO - Custom bins confusion matrix:
2022-05-06 00:26:30,224 - INFO - [[381582  57700   6751   2426    893    332    170     49     24      0]
 [ 52502 147978  47508   9819   3454   1256    478    170     77      0]
 [  4505  41350  75861  26203   7890   3386   1327    530    339      1]
 [  1494  10473  33858  34210  15597   6061   2655   1336   1102      1]
 [   624   3597  10546  22509  18872   9976   4311   2335   2739     33]
 [   341   1721   4328  10977  14244  11086   6525   3373   4456     97]
 [   196    899   2052   4971   8085   8610   7045   4758   6669    175]
 [   194    569   1132   2867   4470   5386   5790   5142   8751    324]
 [   275   1056   2204   4651   7691   9981  12844  13841  48726   9927]
 [   196    512    960   1699   2682   3798   4841   7008  37079  12913]]
2022-05-06 00:26:31,631 - INFO - Mean absolute deviation (MAD) = 1.5767718074084915
2022-05-06 00:26:31,631 - INFO - Mean squared error (MSE) = 45.05602026123505
2022-05-06 00:26:31,631 - INFO - Mean absolute percentage error (MAPE) = 45.6462148435583
2022-05-06 00:26:31,631 - INFO - Mean squared logarithmic error (MSLE) = 0.40842459174826284
2022-05-06 00:26:31,631 - INFO - R^2 Score = 0.26950525902457645
2022-05-06 00:26:31,631 - INFO - Cohen kappa score = 0.7457137214976404
2022-05-06 00:26:32,280 - INFO - ==> Mortality:
2022-05-06 00:26:32,312 - INFO - Confusion matrix:
2022-05-06 00:26:32,312 - INFO - [[12964     0]
 [ 1347     0]]
2022-05-06 00:26:32,322 - INFO - Accuracy = 0.9058765769004822
2022-05-06 00:26:32,322 - INFO - Precision Survived = 0.9058765769004822
2022-05-06 00:26:32,322 - INFO - Precision Died = nan
2022-05-06 00:26:32,322 - INFO - Recall Survived = 1.0
2022-05-06 00:26:32,322 - INFO - Recall Died = 0.0
2022-05-06 00:26:32,322 - INFO - Area Under the Receiver Operating Characteristic curve (AUROC) = 0.8573867224570492
2022-05-06 00:26:32,322 - INFO - Area Under the Precision Recall curve (AUPRC) = 0.4551471979778232
2022-05-06 00:26:32,322 - INFO - F1 score (macro averaged) = 0.4753070577451879
2022-05-06 00:26:33,046 - INFO - Epoch: 2 | Validation Loss: 32.3260
2022-05-06 00:26:33,048 - INFO - Done epoch 2, spent 0:15:49.932294.
2022-05-06 00:39:34,397 - INFO - Train Metrics:
2022-05-06 00:39:34,398 - INFO - ==> Length of Stay:
2022-05-06 00:40:07,786 - INFO - Custom bins confusion matrix:
2022-05-06 00:40:07,786 - INFO - [[1635379  399136   47613   12122    4484    1887     917     462     779
      116]
 [ 260932  649549  259396   41617   13988    5942    2919    1566    2162
      309]
 [  27144  195829  378967   96786   31888   13248    6531    3577    5214
      761]
 [   7133   48590  209617  132105   53953   24096   12038    6609   10278
     1579]
 [   3283   17011   86795  105971   63098   33434   18470   10769   17332
     3089]
 [   1810    7745   38812   66038   53085   34289   21688   13737   25565
     5262]
 [   1021    4312   20510   40048   38482   29139   20536   14445   31166
     7757]
 [    594    2462   11812   25870   27086   22561   17321   13074   32379
    10558]
 [   1554    5251   23274   56606   62109   61951   52254   43221  137635
    77904]
 [   1011    2751   11496   28867   29328   34041   30333   26065   96489
    76447]]
2022-05-06 00:40:15,155 - INFO - Mean absolute deviation (MAD) = 1.9307432318321442
2022-05-06 00:40:15,155 - INFO - Mean squared error (MSE) = 27.460309434311615
2022-05-06 00:40:15,155 - INFO - Mean absolute percentage error (MAPE) = 59.73626851917426
2022-05-06 00:40:15,155 - INFO - Mean squared logarithmic error (MSLE) = 0.5892959925844863
2022-05-06 00:40:15,155 - INFO - R^2 Score = 0.25104261075724643
2022-05-06 00:40:15,155 - INFO - Cohen kappa score = 0.6686198202641241
2022-05-06 00:40:15,822 - INFO - ==> Mortality:
2022-05-06 00:40:15,965 - INFO - Confusion matrix:
2022-05-06 00:40:15,965 - INFO - [[60218     0]
 [ 6693     0]]
2022-05-06 00:40:16,011 - INFO - Accuracy = 0.899971604347229
2022-05-06 00:40:16,011 - INFO - Precision Survived = 0.899971604347229
2022-05-06 00:40:16,011 - INFO - Precision Died = nan
2022-05-06 00:40:16,011 - INFO - Recall Survived = 1.0
2022-05-06 00:40:16,011 - INFO - Recall Died = 0.0
2022-05-06 00:40:16,011 - INFO - Area Under the Receiver Operating Characteristic curve (AUROC) = 0.8372814579759579
2022-05-06 00:40:16,011 - INFO - Area Under the Precision Recall curve (AUPRC) = 0.38157287296234194
2022-05-06 00:40:16,011 - INFO - F1 score (macro averaged) = 0.473676344500468
2022-05-06 00:40:16,775 - INFO - Epoch: 3 | Train Loss: 44.3804
2022-05-06 00:41:58,934 - INFO - Validation Metrics:
2022-05-06 00:41:58,934 - INFO - ==> Length of Stay:
2022-05-06 00:42:05,972 - INFO - Custom bins confusion matrix:
2022-05-06 00:42:05,972 - INFO - [[387755  54068   5134   1837    690    285     87     51     20      0]
 [ 48183 158081  45162   7188   2848   1065    480    147     88      0]
 [  3259  42257  86099  18868   6152   2534   1210    623    390      0]
 [  1050   9849  43120  32307  11586   4746   1977   1087   1055     10]
 [   431   3249  12882  26059  17499   7750   3636   2066   1945     25]
 [   297   1353   4793  12685  15616  10583   5554   2817   3404     46]
 [   179    681   1901   5742   9026   9913   6841   3953   5136     88]
 [   132    404   1207   2751   4640   7001   6573   4854   6905    158]
 [   276    861   2471   4589   7689  11403  14658  15692  48813   4744]
 [   112    332    853   1706   2710   4132   5213   6638  42049   7943]]
2022-05-06 00:42:07,396 - INFO - Mean absolute deviation (MAD) = 1.540376091212917
2022-05-06 00:42:07,396 - INFO - Mean squared error (MSE) = 44.944099453468446
2022-05-06 00:42:07,396 - INFO - Mean absolute percentage error (MAPE) = 40.68937711690464
2022-05-06 00:42:07,396 - INFO - Mean squared logarithmic error (MSLE) = 0.36363925136558384
2022-05-06 00:42:07,396 - INFO - R^2 Score = 0.27131983476839916
2022-05-06 00:42:07,396 - INFO - Cohen kappa score = 0.7514233971005851
2022-05-06 00:42:08,172 - INFO - ==> Mortality:
2022-05-06 00:42:08,204 - INFO - Confusion matrix:
2022-05-06 00:42:08,204 - INFO - [[12964     0]
 [ 1347     0]]
2022-05-06 00:42:08,214 - INFO - Accuracy = 0.9058765769004822
2022-05-06 00:42:08,214 - INFO - Precision Survived = 0.9058765769004822
2022-05-06 00:42:08,214 - INFO - Precision Died = nan
2022-05-06 00:42:08,214 - INFO - Recall Survived = 1.0
2022-05-06 00:42:08,214 - INFO - Recall Died = 0.0
2022-05-06 00:42:08,214 - INFO - Area Under the Receiver Operating Characteristic curve (AUROC) = 0.8664749072699065
2022-05-06 00:42:08,214 - INFO - Area Under the Precision Recall curve (AUPRC) = 0.48304222588279944
2022-05-06 00:42:08,214 - INFO - F1 score (macro averaged) = 0.4753070577451879
2022-05-06 00:42:08,888 - INFO - Epoch: 3 | Validation Loss: 29.4147
2022-05-06 00:42:08,890 - INFO - Done epoch 3, spent 0:15:35.842256.
2022-05-06 00:55:16,982 - INFO - Train Metrics:
2022-05-06 00:55:16,984 - INFO - ==> Length of Stay:
2022-05-06 00:55:50,994 - INFO - Custom bins confusion matrix:
2022-05-06 00:55:50,995 - INFO - [[1658303  384961   41336   10469    3950    1707     913     475     688
       92]
 [ 245586  675511  255898   37406   12364    5291    2595    1375    2091
      294]
 [  20916  185660  400945   95122   30163   12255    6065    3279    4864
      700]
 [   5618   41426  212795  137610   55260   24181   11733    6413    9477
     1493]
 [   2377   13558   82436  110067   66288   34875   18842   10715   17176
     2918]
 [   1266    6103   35461   66433   55347   36342   22575   14072   25450
     4982]
 [    806    3377   18493   39470   39379   30267   21333   15076   31498
     7717]
 [    444    1961   10810   24985   27555   23122   17946   13419   33066
    10414]
 [   1169    4072   21170   54764   60294   61622   52359   44029  141567
    80780]
 [    708    1986    9811   26986   26945   32230   30234   25389   99140
    83399]]
2022-05-06 00:55:58,407 - INFO - Mean absolute deviation (MAD) = 1.879967074778788
2022-05-06 00:55:58,408 - INFO - Mean squared error (MSE) = 26.728180950316368
2022-05-06 00:55:58,408 - INFO - Mean absolute percentage error (MAPE) = 56.32549083309083
2022-05-06 00:55:58,408 - INFO - Mean squared logarithmic error (MSLE) = 0.5421338703314253
2022-05-06 00:55:58,408 - INFO - R^2 Score = 0.27100296137622926
2022-05-06 00:55:58,408 - INFO - Cohen kappa score = 0.684436028497005
2022-05-06 00:55:59,108 - INFO - ==> Mortality:
2022-05-06 00:55:59,252 - INFO - Confusion matrix:
2022-05-06 00:55:59,252 - INFO - [[60219     0]
 [ 6693     0]]
2022-05-06 00:55:59,296 - INFO - Accuracy = 0.8999730944633484
2022-05-06 00:55:59,297 - INFO - Precision Survived = 0.8999730944633484
2022-05-06 00:55:59,297 - INFO - Precision Died = nan
2022-05-06 00:55:59,297 - INFO - Recall Survived = 1.0
2022-05-06 00:55:59,297 - INFO - Recall Died = 0.0
2022-05-06 00:55:59,297 - INFO - Area Under the Receiver Operating Characteristic curve (AUROC) = 0.8415169486198821
2022-05-06 00:55:59,297 - INFO - Area Under the Precision Recall curve (AUPRC) = 0.3872792818098901
2022-05-06 00:55:59,297 - INFO - F1 score (macro averaged) = 0.4736767586190623
2022-05-06 00:56:00,245 - INFO - Epoch: 4 | Train Loss: 41.3076
2022-05-06 00:57:43,868 - INFO - Validation Metrics:
2022-05-06 00:57:43,868 - INFO - ==> Length of Stay:
2022-05-06 00:57:51,190 - INFO - Custom bins confusion matrix:
2022-05-06 00:57:51,191 - INFO - [[379648  61516   6047   1759    595    229     84     38     11      0]
 [ 33467 168472  50875   6223   2600   1102    310    128     65      0]
 [  1553  32126  98966  18764   5616   2475   1100    479    310      3]
 [   382   5195  46932  34017  11583   4351   2288   1040    986     13]
 [   152   1465  13169  26404  18255   8159   3823   2090   2018      7]
 [    99    559   4573  12221  15788  11340   5892   3284   3379     13]
 [    96    285   1678   5125   9293   9785   7209   4431   5491     67]
 [    67    202    922   2736   4778   6574   6378   5083   7677    208]
 [   148    347   1655   4316   7321  10269  13748  15495  50900   6997]
 [    68    165    417   1319   2288   3564   5299   7641  39145  11782]]
2022-05-06 00:57:52,630 - INFO - Mean absolute deviation (MAD) = 1.4799913259499162
2022-05-06 00:57:52,630 - INFO - Mean squared error (MSE) = 44.04725154121411
2022-05-06 00:57:52,630 - INFO - Mean absolute percentage error (MAPE) = 39.731239314214896
2022-05-06 00:57:52,630 - INFO - Mean squared logarithmic error (MSLE) = 0.33034962502764564
2022-05-06 00:57:52,630 - INFO - R^2 Score = 0.2858604595186115
2022-05-06 00:57:52,630 - INFO - Cohen kappa score = 0.7706393520263054
2022-05-06 00:57:53,273 - INFO - ==> Mortality:
2022-05-06 00:57:53,304 - INFO - Confusion matrix:
2022-05-06 00:57:53,304 - INFO - [[12964     0]
 [ 1347     0]]
2022-05-06 00:57:53,314 - INFO - Accuracy = 0.9058765769004822
2022-05-06 00:57:53,314 - INFO - Precision Survived = 0.9058765769004822
2022-05-06 00:57:53,314 - INFO - Precision Died = nan
2022-05-06 00:57:53,314 - INFO - Recall Survived = 1.0
2022-05-06 00:57:53,314 - INFO - Recall Died = 0.0
2022-05-06 00:57:53,314 - INFO - Area Under the Receiver Operating Characteristic curve (AUROC) = 0.8684422936270092
2022-05-06 00:57:53,314 - INFO - Area Under the Precision Recall curve (AUPRC) = 0.47738794556943537
2022-05-06 00:57:53,314 - INFO - F1 score (macro averaged) = 0.4753070577451879
2022-05-06 00:57:54,016 - INFO - Epoch: 4 | Validation Loss: 27.2225
2022-05-06 00:57:54,018 - INFO - Done epoch 4, spent 0:15:45.127705.
2022-05-06 01:11:22,785 - INFO - Train Metrics:
2022-05-06 01:11:22,787 - INFO - ==> Length of Stay:
2022-05-06 01:11:56,977 - INFO - Custom bins confusion matrix:
2022-05-06 01:11:56,978 - INFO - [[1673748  376157   36877    9322    3439    1544     714     412     604
       87]
 [ 237343  692825  252816   33352   11459    4920    2366    1221    1886
      248]
 [  18221  177291  420880   90429   28026   11465    5623    3065    4355
      638]
 [   4457   36199  218079  140955   55162   23454   11217    6078    9007
     1422]
 [   2032   11602   79254  112396   68700   35596   19162   10717   17030
     2787]
 [   1013    5067   32787   65682   56891   37495   23620   14672   26011
     4817]
 [    583    2819   16379   38405   39758   31247   22409   15778   32527
     7535]
 [    383    1623    9197   23410   27364   23731   18631   14231   34857
    10314]
 [   1010    3409   18229   51838   58070   61581   52648   44471  146321
    84249]
 [    527    1662    8676   25080   24828   31757   30144   25617  101315
    87222]]
2022-05-06 01:12:04,237 - INFO - Mean absolute deviation (MAD) = 1.8418229896485956
2022-05-06 01:12:04,238 - INFO - Mean squared error (MSE) = 26.334787992572565
2022-05-06 01:12:04,238 - INFO - Mean absolute percentage error (MAPE) = 53.951416199731675
2022-05-06 01:12:04,238 - INFO - Mean squared logarithmic error (MSLE) = 0.5099589015572084
2022-05-06 01:12:04,238 - INFO - R^2 Score = 0.28171557111591605
2022-05-06 01:12:04,238 - INFO - Cohen kappa score = 0.6975107029716843
2022-05-06 01:12:05,043 - INFO - ==> Mortality:
2022-05-06 01:12:05,189 - INFO - Confusion matrix:
2022-05-06 01:12:05,189 - INFO - [[60219     0]
 [ 6694     0]]
2022-05-06 01:12:05,234 - INFO - Accuracy = 0.8999596238136292
2022-05-06 01:12:05,235 - INFO - Precision Survived = 0.8999596238136292
2022-05-06 01:12:05,235 - INFO - Precision Died = nan
2022-05-06 01:12:05,235 - INFO - Recall Survived = 1.0
2022-05-06 01:12:05,235 - INFO - Recall Died = 0.0
2022-05-06 01:12:05,235 - INFO - Area Under the Receiver Operating Characteristic curve (AUROC) = 0.848240927635344
2022-05-06 01:12:05,235 - INFO - Area Under the Precision Recall curve (AUPRC) = 0.4058363294325369
2022-05-06 01:12:05,235 - INFO - F1 score (macro averaged) = 0.47367303275335876
2022-05-06 01:12:05,980 - INFO - Epoch: 5 | Train Loss: 39.1746
2022-05-06 01:13:47,722 - INFO - Validation Metrics:
2022-05-06 01:13:47,723 - INFO - ==> Length of Stay:
2022-05-06 01:13:54,851 - INFO - Custom bins confusion matrix:
2022-05-06 01:13:54,852 - INFO - [[401690  43965   2372   1132    478    184     82     23      1      0]
 [ 55762 165326  34532   4350   1944    827    305    169     27      0]
 [  4943  51402  79098  17067   5130   2113    953    444    242      0]
 [  1578  13562  36354  33923  12527   4958   2195   1061    626      3]
 [   699   4588   9754  23652  19598   9276   4385   2006   1577      7]
 [   426   2118   3731  10295  15622  12102   6249   3330   3247     28]
 [   285   1120   1472   4082   8611  10274   7707   4666   5138    105]
 [   132    696   1041   2184   4468   6157   7123   5242   7386    196]
 [   233   1088   1853   3775   7412  10042  13054  14821  52694   6224]
 [    96    375    525   1209   2236   3715   5120   6035  40891  11486]]
2022-05-06 01:13:56,295 - INFO - Mean absolute deviation (MAD) = 1.4642546307566164
2022-05-06 01:13:56,295 - INFO - Mean squared error (MSE) = 43.82680894244194
2022-05-06 01:13:56,295 - INFO - Mean absolute percentage error (MAPE) = 35.112679735466564
2022-05-06 01:13:56,295 - INFO - Mean squared logarithmic error (MSLE) = 0.31209862832774193
2022-05-06 01:13:56,295 - INFO - R^2 Score = 0.2894345026355214
2022-05-06 01:13:56,295 - INFO - Cohen kappa score = 0.769337821695213
2022-05-06 01:13:56,871 - INFO - ==> Mortality:
2022-05-06 01:13:56,902 - INFO - Confusion matrix:
2022-05-06 01:13:56,902 - INFO - [[12964     0]
 [ 1347     0]]
2022-05-06 01:13:56,912 - INFO - Accuracy = 0.9058765769004822
2022-05-06 01:13:56,912 - INFO - Precision Survived = 0.9058765769004822
2022-05-06 01:13:56,912 - INFO - Precision Died = nan
2022-05-06 01:13:56,912 - INFO - Recall Survived = 1.0
2022-05-06 01:13:56,912 - INFO - Recall Died = 0.0
2022-05-06 01:13:56,912 - INFO - Area Under the Receiver Operating Characteristic curve (AUROC) = 0.8683247561003266
2022-05-06 01:13:56,912 - INFO - Area Under the Precision Recall curve (AUPRC) = 0.4747266223085756
2022-05-06 01:13:56,912 - INFO - F1 score (macro averaged) = 0.4753070577451879
2022-05-06 01:13:57,690 - INFO - Epoch: 5 | Validation Loss: 26.1393
2022-05-06 01:13:57,690 - INFO - Done epoch 5, spent 0:16:03.672724.
2022-05-06 01:27:14,347 - INFO - Train Metrics:
2022-05-06 01:27:14,349 - INFO - ==> Length of Stay:
2022-05-06 01:27:48,633 - INFO - Custom bins confusion matrix:
2022-05-06 01:27:48,634 - INFO - [[1688811  368223   32415    7916    2873    1242     587     321     462
       53]
 [ 230825  703146  253900   30819   10348    4432    2082    1153    1531
      173]
 [  15433  166811  435941   90666   27312   11086    5292    2761    4085
      582]
 [   3742   30984  216910  147265   56251   23483   11086    6007    8914
     1364]
 [   1729    9837   75230  114893   70718   36908   19429   11000   16800
     2708]
 [    898    4369   29807   65334   58366   39018   24328   15028   26109
     4774]
 [    532    2294   14871   37691   40491   31777   23021   16046   33364
     7329]
 [    293    1394    8403   22833   27088   23622   19227   14675   35847
    10335]
 [    796    2911   16501   49333   55899   61088   53333   44620  150558
    86659]
 [    420    1350    8127   23975   23551   30661   30188   25257  102814
    90485]]
2022-05-06 01:27:56,096 - INFO - Mean absolute deviation (MAD) = 1.8103768144097634
2022-05-06 01:27:56,096 - INFO - Mean squared error (MSE) = 25.882352621014142
2022-05-06 01:27:56,096 - INFO - Mean absolute percentage error (MAPE) = 51.70412909149281
2022-05-06 01:27:56,096 - INFO - Mean squared logarithmic error (MSLE) = 0.48183675641937745
2022-05-06 01:27:56,096 - INFO - R^2 Score = 0.29406793079715765
2022-05-06 01:27:56,096 - INFO - Cohen kappa score = 0.7079228766116685
2022-05-06 01:27:56,785 - INFO - ==> Mortality:
2022-05-06 01:27:56,929 - INFO - Confusion matrix:
2022-05-06 01:27:56,930 - INFO - [[60218     0]
 [ 6694     0]]
2022-05-06 01:27:56,975 - INFO - Accuracy = 0.8999581336975098
2022-05-06 01:27:56,975 - INFO - Precision Survived = 0.8999581336975098
2022-05-06 01:27:56,975 - INFO - Precision Died = nan
2022-05-06 01:27:56,975 - INFO - Recall Survived = 1.0
2022-05-06 01:27:56,975 - INFO - Recall Died = 0.0
2022-05-06 01:27:56,975 - INFO - Area Under the Receiver Operating Characteristic curve (AUROC) = 0.8501529692589983
2022-05-06 01:27:56,975 - INFO - Area Under the Precision Recall curve (AUPRC) = 0.4176067931638757
2022-05-06 01:27:56,975 - INFO - F1 score (macro averaged) = 0.4736726185794069
2022-05-06 01:27:57,743 - INFO - Epoch: 6 | Train Loss: 37.3506
2022-05-06 01:29:50,351 - INFO - Validation Metrics:
2022-05-06 01:29:50,351 - INFO - ==> Length of Stay:
2022-05-06 01:29:57,659 - INFO - Custom bins confusion matrix:
2022-05-06 01:29:57,659 - INFO - [[398221  45133   3811   1399    711    348    171     81     52      0]
 [ 43061 167521  42474   5424   2264   1102    739    366    291      0]
 [  2009  34813  95323  17622   5601   2565   1632    820    992     15]
 [   527   5660  44143  33486  11796   4749   2589   1588   2171     78]
 [   184   1476  11128  26705  17649   7888   4159   2394   3749    210]
 [   106    632   3485  11699  15892  10367   5790   3320   5430    427]
 [    69    284   1134   4658   8853   9701   6528   4084   7537    612]
 [    33    184    661   2238   4523   6381   6282   4245   9327    751]
 [    81    318   1220   2927   5859   9054  11499  12310  56515  11413]
 [    40    101    317    637   1189   2167   3411   4397  41416  18013]]
2022-05-06 01:29:59,112 - INFO - Mean absolute deviation (MAD) = 1.4254260826116492
2022-05-06 01:29:59,113 - INFO - Mean squared error (MSE) = 42.26074030174789
2022-05-06 01:29:59,113 - INFO - Mean absolute percentage error (MAPE) = 36.01449681909345
2022-05-06 01:29:59,113 - INFO - Mean squared logarithmic error (MSLE) = 0.2833296960698133
2022-05-06 01:29:59,113 - INFO - R^2 Score = 0.3148252251050293
2022-05-06 01:29:59,113 - INFO - Cohen kappa score = 0.7847982833442374
2022-05-06 01:29:59,726 - INFO - ==> Mortality:
2022-05-06 01:29:59,757 - INFO - Confusion matrix:
2022-05-06 01:29:59,758 - INFO - [[12964     0]
 [ 1347     0]]
2022-05-06 01:29:59,767 - INFO - Accuracy = 0.9058765769004822
2022-05-06 01:29:59,767 - INFO - Precision Survived = 0.9058765769004822
2022-05-06 01:29:59,767 - INFO - Precision Died = nan
2022-05-06 01:29:59,767 - INFO - Recall Survived = 1.0
2022-05-06 01:29:59,767 - INFO - Recall Died = 0.0
2022-05-06 01:29:59,767 - INFO - Area Under the Receiver Operating Characteristic curve (AUROC) = 0.8704877329190058
2022-05-06 01:29:59,767 - INFO - Area Under the Precision Recall curve (AUPRC) = 0.4778875345444455
2022-05-06 01:29:59,768 - INFO - F1 score (macro averaged) = 0.4753070577451879
2022-05-06 01:30:00,436 - INFO - Epoch: 6 | Validation Loss: 24.3060
2022-05-06 01:30:00,438 - INFO - Done epoch 6, spent 0:16:02.747943.
2022-05-06 01:43:07,485 - INFO - Train Metrics:
2022-05-06 01:43:07,486 - INFO - ==> Length of Stay:
2022-05-06 01:43:41,692 - INFO - Custom bins confusion matrix:
2022-05-06 01:43:41,692 - INFO - [[1701208  358823   29990    7258    2780    1270     616     297     569
       90]
 [ 221186  720575  250161   28035    9446    4067    1924    1191    1578
      252]
 [  13665  161867  447691   88619   25852   10261    4861    2603    3949
      625]
 [   3138   27704  216919  150932   57571   23312   10981    5758    8504
     1211]
 [   1372    8475   72462  115935   73138   37943   20011   10991   16339
     2610]
 [    770    3938   28617   65355   59550   39256   24800   15132   25966
     4671]
 [    399    2017   14758   37081   41111   32351   22922   16450   33150
     7201]
 [    262    1204    8382   22469   27278   24130   19217   14638   35922
    10239]
 [    667    2331   16327   49189   55110   60828   52895   45169  151450
    87860]
 [    351    1149    7818   23216   22504   29767   29449   24732  102436
    95406]]
2022-05-06 01:43:49,062 - INFO - Mean absolute deviation (MAD) = 1.7890194950035825
2022-05-06 01:43:49,062 - INFO - Mean squared error (MSE) = 25.676567527649453
2022-05-06 01:43:49,062 - INFO - Mean absolute percentage error (MAPE) = 50.28935880300984
2022-05-06 01:43:49,062 - INFO - Mean squared logarithmic error (MSLE) = 0.4619453701708993
2022-05-06 01:43:49,062 - INFO - R^2 Score = 0.2996707067966792
2022-05-06 01:43:49,062 - INFO - Cohen kappa score = 0.7146341566960037
2022-05-06 01:43:49,742 - INFO - ==> Mortality:
2022-05-06 01:43:49,885 - INFO - Confusion matrix:
2022-05-06 01:43:49,885 - INFO - [[60219     0]
 [ 6694     0]]
2022-05-06 01:43:49,929 - INFO - Accuracy = 0.8999596238136292
2022-05-06 01:43:49,929 - INFO - Precision Survived = 0.8999596238136292
2022-05-06 01:43:49,929 - INFO - Precision Died = nan
2022-05-06 01:43:49,929 - INFO - Recall Survived = 1.0
2022-05-06 01:43:49,929 - INFO - Recall Died = 0.0
2022-05-06 01:43:49,929 - INFO - Area Under the Receiver Operating Characteristic curve (AUROC) = 0.8549521303809167
2022-05-06 01:43:49,929 - INFO - Area Under the Precision Recall curve (AUPRC) = 0.43241994146745355
2022-05-06 01:43:49,929 - INFO - F1 score (macro averaged) = 0.47367303275335876
2022-05-06 01:43:50,852 - INFO - Epoch: 7 | Train Loss: 36.0109
2022-05-06 01:45:33,703 - INFO - Validation Metrics:
2022-05-06 01:45:33,703 - INFO - ==> Length of Stay:
2022-05-06 01:45:40,894 - INFO - Custom bins confusion matrix:
2022-05-06 01:45:40,894 - INFO - [[401875  42405   3373   1155    548    355    145     47     24      0]
 [ 45988 166806  41864   4619   1893   1049    554    237    232      0]
 [  1747  30423 100837  17696   5200   2576   1333    771    809      0]
 [   380   4053  41981  36190  12607   5445   2804   1371   1902     54]
 [   154   1028   8646  24198  20171   9910   4924   2767   3616    128]
 [   117    425   2713   8571  15373  12270   7137   4241   6031    270]
 [    57    218    916   3023   6957   9582   8288   5291   8494    634]
 [    32    112    545   1421   3498   5314   6262   5521  11072    848]
 [    59    202   1074   2284   4440   6786   9731  11989  60370  14261]
 [    23     62    321    639   1269   2059   3004   3917  37203  23191]]
2022-05-06 01:45:42,335 - INFO - Mean absolute deviation (MAD) = 1.3571748140640973
2022-05-06 01:45:42,336 - INFO - Mean squared error (MSE) = 41.60853015719919
2022-05-06 01:45:42,336 - INFO - Mean absolute percentage error (MAPE) = 34.230330206966705
2022-05-06 01:45:42,336 - INFO - Mean squared logarithmic error (MSLE) = 0.26144024216056766
2022-05-06 01:45:42,336 - INFO - R^2 Score = 0.3253995296672446
2022-05-06 01:45:42,336 - INFO - Cohen kappa score = 0.8048329967967409
2022-05-06 01:45:42,954 - INFO - ==> Mortality:
2022-05-06 01:45:42,985 - INFO - Confusion matrix:
2022-05-06 01:45:42,986 - INFO - [[12964     0]
 [ 1347     0]]
2022-05-06 01:45:42,995 - INFO - Accuracy = 0.9058765769004822
2022-05-06 01:45:42,995 - INFO - Precision Survived = 0.9058765769004822
2022-05-06 01:45:42,995 - INFO - Precision Died = nan
2022-05-06 01:45:42,995 - INFO - Recall Survived = 1.0
2022-05-06 01:45:42,996 - INFO - Recall Died = 0.0
2022-05-06 01:45:42,996 - INFO - Area Under the Receiver Operating Characteristic curve (AUROC) = 0.8707259862099992
2022-05-06 01:45:42,996 - INFO - Area Under the Precision Recall curve (AUPRC) = 0.481430517367301
2022-05-06 01:45:42,996 - INFO - F1 score (macro averaged) = 0.4753070577451879
2022-05-06 01:45:43,827 - INFO - Epoch: 7 | Validation Loss: 22.8663
2022-05-06 01:45:43,829 - INFO - Done epoch 7, spent 0:15:43.390899.
2022-05-06 01:59:00,325 - INFO - Train Metrics:
2022-05-06 01:59:00,328 - INFO - ==> Length of Stay:
2022-05-06 01:59:34,562 - INFO - Custom bins confusion matrix:
2022-05-06 01:59:34,562 - INFO - [[1704899  357558   28005    7001    2769    1209     567     324     497
       59]
 [ 216862  727295  249387   26823    9113    3997    1998    1090    1598
      216]
 [  12302  157039  457249   86315   24944   10174    4956    2663    3818
      509]
 [   2743   24901  218402  153422   57606   23068   10759    5662    8300
     1143]
 [   1270    7422   70217  117899   75186   37957   19898   10767   16234
     2402]
 [    692    3494   27025   65475   59950   40350   24994   15416   26150
     4485]
 [    396    1905   12836   36448   40832   33380   23793   16546   33973
     7307]
 [    215    1053    7451   21798   27337   24374   19570   14876   36745
    10298]
 [    574    2189   14678   47039   54035   60947   53918   45426  154217
    88726]
 [    314     980    7177   22397   22475   29287   30131   24774  103867
    95426]]
2022-05-06 01:59:41,871 - INFO - Mean absolute deviation (MAD) = 1.7708999745756329
2022-05-06 01:59:41,871 - INFO - Mean squared error (MSE) = 25.399056426002264
2022-05-06 01:59:41,871 - INFO - Mean absolute percentage error (MAPE) = 49.28903482236919
2022-05-06 01:59:41,871 - INFO - Mean squared logarithmic error (MSLE) = 0.44830250948045564
2022-05-06 01:59:41,871 - INFO - R^2 Score = 0.3072584497233821
2022-05-06 01:59:41,871 - INFO - Cohen kappa score = 0.7202941438360395
2022-05-06 01:59:42,558 - INFO - ==> Mortality:
2022-05-06 01:59:42,701 - INFO - Confusion matrix:
2022-05-06 01:59:42,702 - INFO - [[60217     0]
 [ 6694     0]]
2022-05-06 01:59:42,746 - INFO - Accuracy = 0.8999566435813904
2022-05-06 01:59:42,746 - INFO - Precision Survived = 0.8999566435813904
2022-05-06 01:59:42,746 - INFO - Precision Died = nan
2022-05-06 01:59:42,746 - INFO - Recall Survived = 1.0
2022-05-06 01:59:42,746 - INFO - Recall Died = 0.0
2022-05-06 01:59:42,746 - INFO - Area Under the Receiver Operating Characteristic curve (AUROC) = 0.8544703666327309
2022-05-06 01:59:42,746 - INFO - Area Under the Precision Recall curve (AUPRC) = 0.432665446771489
2022-05-06 01:59:42,746 - INFO - F1 score (macro averaged) = 0.47367220439242336
2022-05-06 01:59:43,527 - INFO - Epoch: 8 | Train Loss: 35.0841
2022-05-06 02:01:25,824 - INFO - Validation Metrics:
2022-05-06 02:01:25,825 - INFO - ==> Length of Stay:
2022-05-06 02:01:33,026 - INFO - Custom bins confusion matrix:
2022-05-06 02:01:33,026 - INFO - [[401926  43604   3149    887    242     78     25     14      2      0]
 [ 39631 174462  43217   4173   1194    384     80     64     37      0]
 [  1762  29606 105404  18046   4622   1328    372    176     76      0]
 [   483   4018  39846  41737  14157   4393   1442    458    252      1]
 [   226   1252   7447  26148  24160   9927   3947   1637    796      2]
 [   131    551   2479   9716  17831  14139   6640   3198   2463      0]
 [    69    258   1044   3751   8388  11565   8836   4676   4856     17]
 [    58    202    652   1830   4402   6848   7676   5448   7446     63]
 [   103    451   2266   4019   6700   9043  12518  14779  54156   7161]
 [    32    144    893   1408   2430   3768   4490   5738  37816  14969]]
2022-05-06 02:01:34,454 - INFO - Mean absolute deviation (MAD) = 1.3576383761328998
2022-05-06 02:01:34,454 - INFO - Mean squared error (MSE) = 43.218337803724786
2022-05-06 02:01:34,454 - INFO - Mean absolute percentage error (MAPE) = 30.46792768147458
2022-05-06 02:01:34,454 - INFO - Mean squared logarithmic error (MSLE) = 0.2485536498462971
2022-05-06 02:01:34,454 - INFO - R^2 Score = 0.2992996652551022
2022-05-06 02:01:34,454 - INFO - Cohen kappa score = 0.8019550852078801
2022-05-06 02:01:35,218 - INFO - ==> Mortality:
2022-05-06 02:01:35,249 - INFO - Confusion matrix:
2022-05-06 02:01:35,249 - INFO - [[12964     0]
 [ 1347     0]]
2022-05-06 02:01:35,258 - INFO - Accuracy = 0.9058765769004822
2022-05-06 02:01:35,258 - INFO - Precision Survived = 0.9058765769004822
2022-05-06 02:01:35,258 - INFO - Precision Died = nan
2022-05-06 02:01:35,258 - INFO - Recall Survived = 1.0
2022-05-06 02:01:35,258 - INFO - Recall Died = 0.0
2022-05-06 02:01:35,259 - INFO - Area Under the Receiver Operating Characteristic curve (AUROC) = 0.8680822365263914
2022-05-06 02:01:35,259 - INFO - Area Under the Precision Recall curve (AUPRC) = 0.477588076539998
2022-05-06 02:01:35,259 - INFO - F1 score (macro averaged) = 0.4753070577451879
2022-05-06 02:01:35,943 - INFO - Epoch: 8 | Validation Loss: 22.1858
2022-05-06 02:01:35,945 - INFO - Done epoch 8, spent 0:15:52.115694.
2022-05-06 02:14:51,567 - INFO - Train Metrics:
2022-05-06 02:14:51,569 - INFO - ==> Length of Stay:
2022-05-06 02:15:25,678 - INFO - Custom bins confusion matrix:
2022-05-06 02:15:25,679 - INFO - [[1715463  350115   26163    6394    2403    1085     541     261     417
       62]
 [ 209343  741986  246294   24667    8284    3540    1715     932    1427
      199]
 [  10718  152814  467224   84186   24340    9621    4436    2384    3681
      565]
 [   2399   22538  219072  154775   57825   23204   10891    5773    8263
     1270]
 [   1033    6565   68042  118123   76251   39212   20381   10969   16220
     2472]
 [    568    2908   26290   64750   60552   40959   25625   15676   26128
     4575]
 [    354    1697   12869   35997   40944   33422   24356   16845   33828
     7104]
 [    184    1020    7580   21308   27156   24357   19820   15090   36909
    10293]
 [    535    2011   14285   46632   53524   61142   52651   45455  155728
    89719]
 [    335     998    7015   22044   20921   28900   29215   24247  104328
    98719]]
2022-05-06 02:15:32,994 - INFO - Mean absolute deviation (MAD) = 1.7542775943074218
2022-05-06 02:15:32,994 - INFO - Mean squared error (MSE) = 25.316838201498303
2022-05-06 02:15:32,994 - INFO - Mean absolute percentage error (MAPE) = 48.02418903258403
2022-05-06 02:15:32,994 - INFO - Mean squared logarithmic error (MSLE) = 0.43387667332094093
2022-05-06 02:15:32,994 - INFO - R^2 Score = 0.30945279363541145
2022-05-06 02:15:32,994 - INFO - Cohen kappa score = 0.7257434536295684
2022-05-06 02:15:33,630 - INFO - ==> Mortality:
2022-05-06 02:15:33,772 - INFO - Confusion matrix:
2022-05-06 02:15:33,772 - INFO - [[60216     0]
 [ 6694     0]]
2022-05-06 02:15:33,817 - INFO - Accuracy = 0.899955153465271
2022-05-06 02:15:33,817 - INFO - Precision Survived = 0.899955153465271
2022-05-06 02:15:33,817 - INFO - Precision Died = nan
2022-05-06 02:15:33,817 - INFO - Recall Survived = 1.0
2022-05-06 02:15:33,817 - INFO - Recall Died = 0.0
2022-05-06 02:15:33,817 - INFO - Area Under the Receiver Operating Characteristic curve (AUROC) = 0.8569450992262928
2022-05-06 02:15:33,817 - INFO - Area Under the Precision Recall curve (AUPRC) = 0.43417756938303737
2022-05-06 02:15:33,817 - INFO - F1 score (macro averaged) = 0.47367179019240757
2022-05-06 02:15:34,694 - INFO - Epoch: 9 | Train Loss: 34.1452
2022-05-06 02:17:15,760 - INFO - Validation Metrics:
2022-05-06 02:17:15,760 - INFO - ==> Length of Stay:
2022-05-06 02:17:22,940 - INFO - Custom bins confusion matrix:
2022-05-06 02:17:22,940 - INFO - [[406768  38234   2691   1039    514    288    127     64    179     23]
 [ 57642 160927  37111   3580   1546    925    601    325    516     69]
 [  3915  37037  95461  15715   3914   1933   1203    712   1362    140]
 [   710   6084  43651  34633  11317   4199   2146   1281   2510    256]
 [   369   1621   9721  25829  18530   8573   4142   2282   4113    362]
 [   164    679   2827  11149  14972  10991   6319   3391   6158    498]
 [    84    358   1057   4333   8016   9128   6807   4570   8419    688]
 [    46    158    602   2035   4440   5581   6118   4544  10163    938]
 [   118    385   1109   2446   5056   7871  11548  11731  56465  14467]
 [    64    184    329    666   1079   2010   3039   4020  38626  21671]]
2022-05-06 02:17:24,388 - INFO - Mean absolute deviation (MAD) = 1.4198080080655149
2022-05-06 02:17:24,388 - INFO - Mean squared error (MSE) = 41.457764876500754
2022-05-06 02:17:24,388 - INFO - Mean absolute percentage error (MAPE) = 34.48498299735308
2022-05-06 02:17:24,388 - INFO - Mean squared logarithmic error (MSLE) = 0.2629475923918111
2022-05-06 02:17:24,388 - INFO - R^2 Score = 0.32784389213053666
2022-05-06 02:17:24,388 - INFO - Cohen kappa score = 0.7916596483924178
2022-05-06 02:17:24,955 - INFO - ==> Mortality:
2022-05-06 02:17:24,985 - INFO - Confusion matrix:
2022-05-06 02:17:24,985 - INFO - [[12964     0]
 [ 1347     0]]
2022-05-06 02:17:24,995 - INFO - Accuracy = 0.9058765769004822
2022-05-06 02:17:24,995 - INFO - Precision Survived = 0.9058765769004822
2022-05-06 02:17:24,995 - INFO - Precision Died = nan
2022-05-06 02:17:24,995 - INFO - Recall Survived = 1.0
2022-05-06 02:17:24,995 - INFO - Recall Died = 0.0
2022-05-06 02:17:24,995 - INFO - Area Under the Receiver Operating Characteristic curve (AUROC) = 0.8752475016761626
2022-05-06 02:17:24,995 - INFO - Area Under the Precision Recall curve (AUPRC) = 0.4953239714532219
2022-05-06 02:17:24,995 - INFO - F1 score (macro averaged) = 0.4753070577451879
2022-05-06 02:17:25,618 - INFO - Epoch: 9 | Validation Loss: 22.9158
2022-05-06 02:17:25,620 - INFO - Done epoch 9, spent 0:15:49.674901.
2022-05-06 02:30:38,138 - INFO - Train Metrics:
2022-05-06 02:30:38,140 - INFO - ==> Length of Stay:
2022-05-06 02:31:12,169 - INFO - Custom bins confusion matrix:
2022-05-06 02:31:12,169 - INFO - [[1718382  348717   24863    5958    2504    1132     491     315     435
       86]
 [ 204526  749858  244549   23328    8265    3473    1737     984    1471
      212]
 [  10434  148293  474205   83699   23403    9254    4378    2296    3452
      531]
 [   2223   20595  218573  158140   58637   22836   10476    5491    7882
     1129]
 [    872    5990   65611  119954   77576   39552   20421   10978   15870
     2404]
 [    530    2690   24555   64441   61864   41761   26124   15790   25841
     4411]
 [    300    1547   11988   35289   41502   34133   24452   17162   33953
     7066]
 [    163     893    6776   20940   27291   24660   20052   15474   37349
    10095]
 [    451    1851   13359   45240   52684   60812   53770   45582  157099
    90836]
 [    333     955    6790   21260   21133   28336   29317   24446  104692
    99566]]
2022-05-06 02:31:19,551 - INFO - Mean absolute deviation (MAD) = 1.7417530938221644
2022-05-06 02:31:19,551 - INFO - Mean squared error (MSE) = 25.261319436447017
2022-05-06 02:31:19,551 - INFO - Mean absolute percentage error (MAPE) = 47.34002382293678
2022-05-06 02:31:19,551 - INFO - Mean squared logarithmic error (MSLE) = 0.42351362274613097
2022-05-06 02:31:19,551 - INFO - R^2 Score = 0.3110279602561885
2022-05-06 02:31:19,551 - INFO - Cohen kappa score = 0.7301464894865457
2022-05-06 02:31:20,358 - INFO - ==> Mortality:
2022-05-06 02:31:20,502 - INFO - Confusion matrix:
2022-05-06 02:31:20,502 - INFO - [[60219     0]
 [ 6693     0]]
2022-05-06 02:31:20,546 - INFO - Accuracy = 0.8999730944633484
2022-05-06 02:31:20,546 - INFO - Precision Survived = 0.8999730944633484
2022-05-06 02:31:20,546 - INFO - Precision Died = nan
2022-05-06 02:31:20,546 - INFO - Recall Survived = 1.0
2022-05-06 02:31:20,546 - INFO - Recall Died = 0.0
2022-05-06 02:31:20,546 - INFO - Area Under the Receiver Operating Characteristic curve (AUROC) = 0.8594277458321501
2022-05-06 02:31:20,546 - INFO - Area Under the Precision Recall curve (AUPRC) = 0.4515426260302691
2022-05-06 02:31:20,546 - INFO - F1 score (macro averaged) = 0.4736767586190623
2022-05-06 02:31:21,278 - INFO - Epoch: 10 | Train Loss: 33.4965
2022-05-06 02:33:03,796 - INFO - Validation Metrics:
2022-05-06 02:33:03,796 - INFO - ==> Length of Stay:
2022-05-06 02:33:10,828 - INFO - Custom bins confusion matrix:
2022-05-06 02:33:10,828 - INFO - [[404875  40861   2814    919    297    113     33      4     11      0]
 [ 41981 175470  39631   4062   1368    466    191     46     27      0]
 [  1624  27758 104347  20393   4858   1629    484    171    128      0]
 [   340   3061  34878  46338  15298   4542   1578    470    278      4]
 [   235    661   4858  27587  25889  10392   3749   1437    734      0]
 [    81    277   1360   8809  21036  14448   6778   2750   1609      0]
 [    46    157    647   2916   9817  13710   8533   4387   3239      8]
 [    45    158    540   1308   4258   8590   8907   5602   5211      6]
 [    94    279   1927   3207   6099   9938  15243  18961  53101   2347]
 [    13     88    647   1418   2399   3693   5015   6580  43940   7895]]
2022-05-06 02:33:12,236 - INFO - Mean absolute deviation (MAD) = 1.353724051297063
2022-05-06 02:33:12,237 - INFO - Mean squared error (MSE) = 43.715214574214755
2022-05-06 02:33:12,237 - INFO - Mean absolute percentage error (MAPE) = 30.005652091677458
2022-05-06 02:33:12,237 - INFO - Mean squared logarithmic error (MSLE) = 0.23906961432562945
2022-05-06 02:33:12,237 - INFO - R^2 Score = 0.2912437858043364
2022-05-06 02:33:12,237 - INFO - Cohen kappa score = 0.805984256187747
2022-05-06 02:33:12,826 - INFO - ==> Mortality:
2022-05-06 02:33:12,857 - INFO - Confusion matrix:
2022-05-06 02:33:12,857 - INFO - [[12964     0]
 [ 1347     0]]
2022-05-06 02:33:12,867 - INFO - Accuracy = 0.9058765769004822
2022-05-06 02:33:12,867 - INFO - Precision Survived = 0.9058765769004822
2022-05-06 02:33:12,867 - INFO - Precision Died = nan
2022-05-06 02:33:12,867 - INFO - Recall Survived = 1.0
2022-05-06 02:33:12,867 - INFO - Recall Died = 0.0
2022-05-06 02:33:12,867 - INFO - Area Under the Receiver Operating Characteristic curve (AUROC) = 0.8739977671019534
2022-05-06 02:33:12,867 - INFO - Area Under the Precision Recall curve (AUPRC) = 0.49446457526492243
2022-05-06 02:33:12,867 - INFO - F1 score (macro averaged) = 0.4753070577451879
2022-05-06 02:33:13,669 - INFO - Epoch: 10 | Validation Loss: 21.4084
2022-05-06 02:33:13,670 - INFO - Done epoch 10, spent 0:15:48.049950.
2022-05-06 02:46:27,051 - INFO - Train Metrics:
2022-05-06 02:46:27,053 - INFO - ==> Length of Stay:
2022-05-06 02:47:01,159 - INFO - Custom bins confusion matrix:
2022-05-06 02:47:01,160 - INFO - [[1723349  345635   23395    5866    2300    1031     534     268     424
       83]
 [ 200833  757109  242907   22306    7692    3299    1678     951    1375
      220]
 [   9503  144633  482449   81768   22608    8698    4172    2244    3357
      519]
 [   2138   19313  219635  159345   58758   22698   10222    5321    7464
     1123]
 [    856    5538   64445  120183   78464   40237   20456   10866   15875
     2356]
 [    476    2572   24388   64512   62041   42084   25976   15797   25887
     4322]
 [    307    1432   11919   35100   41150   34318   24567   17176   34262
     7209]
 [    191     824    6614   20949   27474   24669   20016   15334   37503
    10167]
 [    473    2004   13537   45587   52349   60311   53783   45658  157115
    91009]
 [    277     847    6371   20785   20186   27740   29088   23926  104384
   103224]]
2022-05-06 02:47:08,374 - INFO - Mean absolute deviation (MAD) = 1.7256289902722588
2022-05-06 02:47:08,374 - INFO - Mean squared error (MSE) = 24.82480206724641
2022-05-06 02:47:08,374 - INFO - Mean absolute percentage error (MAPE) = 46.60942383364296
2022-05-06 02:47:08,374 - INFO - Mean squared logarithmic error (MSLE) = 0.41320594562882657
2022-05-06 02:47:08,374 - INFO - R^2 Score = 0.32291331214268226
2022-05-06 02:47:08,374 - INFO - Cohen kappa score = 0.7333197816023926
2022-05-06 02:47:09,012 - INFO - ==> Mortality:
2022-05-06 02:47:09,156 - INFO - Confusion matrix:
2022-05-06 02:47:09,156 - INFO - [[60217     0]
 [ 6694     0]]
2022-05-06 02:47:09,200 - INFO - Accuracy = 0.8999566435813904
2022-05-06 02:47:09,200 - INFO - Precision Survived = 0.8999566435813904
2022-05-06 02:47:09,200 - INFO - Precision Died = nan
2022-05-06 02:47:09,200 - INFO - Recall Survived = 1.0
2022-05-06 02:47:09,200 - INFO - Recall Died = 0.0
2022-05-06 02:47:09,200 - INFO - Area Under the Receiver Operating Characteristic curve (AUROC) = 0.8612725121288385
2022-05-06 02:47:09,200 - INFO - Area Under the Precision Recall curve (AUPRC) = 0.4563291061803295
2022-05-06 02:47:09,200 - INFO - F1 score (macro averaged) = 0.47367220439242336
2022-05-06 02:47:09,948 - INFO - Epoch: 11 | Train Loss: 32.7427
2022-05-06 02:48:52,107 - INFO - Validation Metrics:
2022-05-06 02:48:52,108 - INFO - ==> Length of Stay:
2022-05-06 02:48:59,280 - INFO - Custom bins confusion matrix:
2022-05-06 02:48:59,280 - INFO - [[405984  39955   2418   1004    384    123     28     18     13      0]
 [ 44586 173092  38430   4317   1745    705    246     62     59      0]
 [  2291  32413  97363  20348   5433   2063    887    370    224      0]
 [   545   4164  32664  45605  14826   5035   2110   1003    832      3]
 [   248   1210   4875  25773  25491  10049   3956   2003   1913     24]
 [   125    507   1617   7527  20033  14127   6553   3028   3596     35]
 [    83    338    754   2426   8998  12707   8086   4361   5639     68]
 [    33    273    595   1286   3652   7575   8063   5177   7865    106]
 [   118    411   1334   2529   5229   8618  13256  15678  58276   5747]
 [    24    156    434   1039   1781   2589   3663   5325  44876  11801]]
2022-05-06 02:49:00,690 - INFO - Mean absolute deviation (MAD) = 1.343824847428299
2022-05-06 02:49:00,690 - INFO - Mean squared error (MSE) = 42.35831317882738
2022-05-06 02:49:00,690 - INFO - Mean absolute percentage error (MAPE) = 30.514192125027336
2022-05-06 02:49:00,691 - INFO - Mean squared logarithmic error (MSLE) = 0.2348114547462245
2022-05-06 02:49:00,691 - INFO - R^2 Score = 0.313243272834164
2022-05-06 02:49:00,691 - INFO - Cohen kappa score = 0.8082163411757725
2022-05-06 02:49:01,410 - INFO - ==> Mortality:
2022-05-06 02:49:01,441 - INFO - Confusion matrix:
2022-05-06 02:49:01,441 - INFO - [[12964     0]
 [ 1347     0]]
2022-05-06 02:49:01,451 - INFO - Accuracy = 0.9058765769004822
2022-05-06 02:49:01,451 - INFO - Precision Survived = 0.9058765769004822
2022-05-06 02:49:01,451 - INFO - Precision Died = nan
2022-05-06 02:49:01,451 - INFO - Recall Survived = 1.0
2022-05-06 02:49:01,451 - INFO - Recall Died = 0.0
2022-05-06 02:49:01,451 - INFO - Area Under the Receiver Operating Characteristic curve (AUROC) = 0.8730213895965001
2022-05-06 02:49:01,451 - INFO - Area Under the Precision Recall curve (AUPRC) = 0.5066375001386757
2022-05-06 02:49:01,451 - INFO - F1 score (macro averaged) = 0.4753070577451879
2022-05-06 02:49:02,087 - INFO - Epoch: 11 | Validation Loss: 21.1819
2022-05-06 02:49:02,089 - INFO - Done epoch 11, spent 0:15:48.419309.
2022-05-06 03:02:32,568 - INFO - Train Metrics:
2022-05-06 03:02:32,570 - INFO - ==> Length of Stay:
2022-05-06 03:03:06,848 - INFO - Custom bins confusion matrix:
2022-05-06 03:03:06,848 - INFO - [[1727934  343281   22416    5225    2020     948     427     243     345
       49]
 [ 199113  759824  244032   21345    7152    3068    1523     868    1272
      187]
 [   8688  139480  490520   80790   22435    8436    3952    2124    3110
      434]
 [   1878   18021  219003  161342   59314   22678   10240    5246    7219
     1065]
 [    858    4958   63135  120866   79349   40843   20527   10982   15528
     2206]
 [    503    2399   22957   63816   62402   42689   26549   16448   26094
     4174]
 [    303    1431   11202   34608   41845   34495   24858   17362   34370
     6959]
 [    184     862    6248   20740   27104   24921   20314   15598   37485
    10285]
 [    350    1763   12886   44376   51736   61053   53554   45506  158615
    91987]
 [    269     764    6212   19798   19798   26678   29343   23782  104580
   105604]]
2022-05-06 03:03:14,186 - INFO - Mean absolute deviation (MAD) = 1.7146498724891925
2022-05-06 03:03:14,186 - INFO - Mean squared error (MSE) = 24.891062520048408
2022-05-06 03:03:14,186 - INFO - Mean absolute percentage error (MAPE) = 45.765232889247024
2022-05-06 03:03:14,186 - INFO - Mean squared logarithmic error (MSLE) = 0.40402582886377186
2022-05-06 03:03:14,186 - INFO - R^2 Score = 0.3211094598698564
2022-05-06 03:03:14,187 - INFO - Cohen kappa score = 0.7375514720789136
2022-05-06 03:03:14,836 - INFO - ==> Mortality:
2022-05-06 03:03:14,978 - INFO - Confusion matrix:
2022-05-06 03:03:14,978 - INFO - [[60217     0]
 [ 6694     0]]
2022-05-06 03:03:15,022 - INFO - Accuracy = 0.8999566435813904
2022-05-06 03:03:15,022 - INFO - Precision Survived = 0.8999566435813904
2022-05-06 03:03:15,022 - INFO - Precision Died = nan
2022-05-06 03:03:15,022 - INFO - Recall Survived = 1.0
2022-05-06 03:03:15,022 - INFO - Recall Died = 0.0
2022-05-06 03:03:15,022 - INFO - Area Under the Receiver Operating Characteristic curve (AUROC) = 0.8641091010557331
2022-05-06 03:03:15,022 - INFO - Area Under the Precision Recall curve (AUPRC) = 0.4597943423303472
2022-05-06 03:03:15,022 - INFO - F1 score (macro averaged) = 0.47367220439242336
2022-05-06 03:03:15,919 - INFO - Epoch: 12 | Train Loss: 32.1461
2022-05-06 03:04:57,959 - INFO - Validation Metrics:
2022-05-06 03:04:57,960 - INFO - ==> Length of Stay:
2022-05-06 03:05:05,070 - INFO - Custom bins confusion matrix:
2022-05-06 03:05:05,071 - INFO - [[396658  49343   2477    909    335    123     49     19     14      0]
 [ 35539 181677  40005   3720   1285    588    293     63     72      0]
 [  1474  27877 109012  16241   4219   1519    655    247    147      1]
 [   408   3218  44624  40127  12155   3765   1525    549    413      3]
 [   148    871   7044  32775  21381   8281   3099   1097    835     11]
 [   127    329   1473  12566  21962  11631   5370   2124   1534     32]
 [    61    179    588   3678  12960  13026   6668   3428   2847     25]
 [    29    102    463   1514   5713   9956   7923   4292   4578     55]
 [    52    284   1581   3283   6904  12058  17425  18159  48662   2788]
 [    18    141    433   1117   2220   3844   5584   7285  43025   8021]]
2022-05-06 03:05:06,490 - INFO - Mean absolute deviation (MAD) = 1.3862539556218345
2022-05-06 03:05:06,491 - INFO - Mean squared error (MSE) = 43.7783572659898
2022-05-06 03:05:06,491 - INFO - Mean absolute percentage error (MAPE) = 30.580643785151928
2022-05-06 03:05:06,491 - INFO - Mean squared logarithmic error (MSLE) = 0.2357435302390625
2022-05-06 03:05:06,491 - INFO - R^2 Score = 0.2902200512621983
2022-05-06 03:05:06,491 - INFO - Cohen kappa score = 0.7942547987151318
2022-05-06 03:05:07,095 - INFO - ==> Mortality:
2022-05-06 03:05:07,125 - INFO - Confusion matrix:
2022-05-06 03:05:07,125 - INFO - [[12964     0]
 [ 1347     0]]
2022-05-06 03:05:07,135 - INFO - Accuracy = 0.9058765769004822
2022-05-06 03:05:07,135 - INFO - Precision Survived = 0.9058765769004822
2022-05-06 03:05:07,135 - INFO - Precision Died = nan
2022-05-06 03:05:07,135 - INFO - Recall Survived = 1.0
2022-05-06 03:05:07,135 - INFO - Recall Died = 0.0
2022-05-06 03:05:07,135 - INFO - Area Under the Receiver Operating Characteristic curve (AUROC) = 0.8754253111866863
2022-05-06 03:05:07,135 - INFO - Area Under the Precision Recall curve (AUPRC) = 0.504387792015905
2022-05-06 03:05:07,135 - INFO - F1 score (macro averaged) = 0.4753070577451879
2022-05-06 03:05:07,938 - INFO - Epoch: 12 | Validation Loss: 21.1572
2022-05-06 03:05:07,940 - INFO - Done epoch 12, spent 0:16:05.851121.
2022-05-06 03:18:22,787 - INFO - Train Metrics:
2022-05-06 03:18:22,789 - INFO - ==> Length of Stay:
2022-05-06 03:18:57,035 - INFO - Custom bins confusion matrix:
2022-05-06 03:18:57,036 - INFO - [[1732197  340900   20880    5053    1933     903     425     229     342
       49]
 [ 194255  768006  242536   20245    6916    2941    1445     745    1141
      189]
 [   8349  137568  495226   79560   21465    8317    3932    2160    2977
      439]
 [   1712   16416  220291  162718   58806   22741    9982    5162    7207
      995]
 [    728    4726   61737  121245   80625   40755   20747   10794   15786
     2133]
 [    335    2126   22744   63381   62908   43351   26561   16065   26377
     4207]
 [    246    1189   11062   34473   41658   34554   25064   17545   34672
     6977]
 [    144     720    6148   20438   27350   25275   20361   15752   37483
    10070]
 [    395    1514   12405   43563   51118   60951   53906   46238  159312
    92424]
 [    224     762    5967   19697   19523   26556   28851   24212  104431
   106605]]
2022-05-06 03:19:04,313 - INFO - Mean absolute deviation (MAD) = 1.706158712072864
2022-05-06 03:19:04,313 - INFO - Mean squared error (MSE) = 24.74277488322902
2022-05-06 03:19:04,313 - INFO - Mean absolute percentage error (MAPE) = 45.14618996593875
2022-05-06 03:19:04,313 - INFO - Mean squared logarithmic error (MSLE) = 0.3949606896059619
2022-05-06 03:19:04,313 - INFO - R^2 Score = 0.32513885895431904
2022-05-06 03:19:04,313 - INFO - Cohen kappa score = 0.7405452816859468
2022-05-06 03:19:04,968 - INFO - ==> Mortality:
2022-05-06 03:19:05,111 - INFO - Confusion matrix:
2022-05-06 03:19:05,111 - INFO - [[60134    85]
 [ 6593   101]]
2022-05-06 03:19:05,155 - INFO - Accuracy = 0.900198757648468
2022-05-06 03:19:05,155 - INFO - Precision Survived = 0.9011943936347961
2022-05-06 03:19:05,155 - INFO - Precision Died = 0.5430107712745667
2022-05-06 03:19:05,155 - INFO - Recall Survived = 0.998588502407074
2022-05-06 03:19:05,155 - INFO - Recall Died = 0.015088138170540333
2022-05-06 03:19:05,155 - INFO - Area Under the Receiver Operating Characteristic curve (AUROC) = 0.8626058098278898
2022-05-06 03:19:05,155 - INFO - Area Under the Precision Recall curve (AUPRC) = 0.45784276775473776
2022-05-06 03:19:05,155 - INFO - F1 score (macro averaged) = 0.4883777102258093
2022-05-06 03:19:05,914 - INFO - Epoch: 13 | Train Loss: 31.5886
2022-05-06 03:20:49,057 - INFO - Validation Metrics:
2022-05-06 03:20:49,057 - INFO - ==> Length of Stay:
2022-05-06 03:20:56,389 - INFO - Custom bins confusion matrix:
2022-05-06 03:20:56,390 - INFO - [[410367  35816   1671    982    528    222    150     60    130      1]
 [ 45776 179731  31076   2866   1408    858    559    395    528     45]
 [  1843  31187 105827  13694   3709   1752   1116    634   1515    115]
 [   411   3049  44187  38743  10154   3977   2248   1304   2435    279]
 [   192    756   6956  28072  20680   8478   3851   2187   3961    409]
 [    81    372   1324   9070  18805  12003   5921   3206   5837    529]
 [    40    176    452   2710   8544  11166   7461   4524   7716    671]
 [    41     87    383   1217   3686   6462   6618   5226  10014    891]
 [    61    181    674   1648   4174   7343  10152  12200  58725  16038]
 [    24     81    139    346    733   1394   2234   3963  36131  26643]]
2022-05-06 03:20:57,809 - INFO - Mean absolute deviation (MAD) = 1.3274897541531259
2022-05-06 03:20:57,809 - INFO - Mean squared error (MSE) = 41.0011692042053
2022-05-06 03:20:57,809 - INFO - Mean absolute percentage error (MAPE) = 30.92748490742496
2022-05-06 03:20:57,809 - INFO - Mean squared logarithmic error (MSLE) = 0.22038432037915967
2022-05-06 03:20:57,809 - INFO - R^2 Score = 0.33524669280911623
2022-05-06 03:20:57,809 - INFO - Cohen kappa score = 0.8173321536816673
2022-05-06 03:20:58,553 - INFO - ==> Mortality:
2022-05-06 03:20:58,583 - INFO - Confusion matrix:
2022-05-06 03:20:58,584 - INFO - [[12964     0]
 [ 1347     0]]
2022-05-06 03:20:58,593 - INFO - Accuracy = 0.9058765769004822
2022-05-06 03:20:58,593 - INFO - Precision Survived = 0.9058765769004822
2022-05-06 03:20:58,593 - INFO - Precision Died = nan
2022-05-06 03:20:58,593 - INFO - Recall Survived = 1.0
2022-05-06 03:20:58,593 - INFO - Recall Died = 0.0
2022-05-06 03:20:58,593 - INFO - Area Under the Receiver Operating Characteristic curve (AUROC) = 0.8786647084141638
2022-05-06 03:20:58,593 - INFO - Area Under the Precision Recall curve (AUPRC) = 0.5200142925284883
2022-05-06 03:20:58,593 - INFO - F1 score (macro averaged) = 0.4753070577451879
2022-05-06 03:20:59,247 - INFO - Epoch: 13 | Validation Loss: 20.1514
2022-05-06 03:20:59,248 - INFO - Done epoch 13, spent 0:15:51.308184.
2022-05-06 03:34:04,567 - INFO - Train Metrics:
2022-05-06 03:34:04,571 - INFO - ==> Length of Stay:
2022-05-06 03:34:38,322 - INFO - Custom bins confusion matrix:
2022-05-06 03:34:38,323 - INFO - [[1734561  339563   20410    4799    1813     788     375     219     325
       52]
 [ 191653  773086  241401   19482    6495    2802    1426     765    1127
      161]
 [   7766  134913  500911   78128   21034    8012    3908    1978    2921
      398]
 [   1567   15434  219417  164597   59035   22716    9998    5113    7159
      970]
 [    708    4262   60882  122164   81443   41171   20665   10626   15199
     2148]
 [    393    1981   22086   63442   63933   43249   26967   16159   25836
     4009]
 [    239    1217   10498   34204   41545   34711   25437   17966   34784
     6839]
 [    136     750    6046   20081   27387   24917   20380   15757   38109
    10178]
 [    382    1629   12273   43204   50434   60506   53519   45656  160400
    93823]
 [    210     735    5844   19107   18744   26243   28796   23919  105167
   108063]]
2022-05-06 03:34:45,588 - INFO - Mean absolute deviation (MAD) = 1.695631923913104
2022-05-06 03:34:45,588 - INFO - Mean squared error (MSE) = 24.457925922761593
2022-05-06 03:34:45,588 - INFO - Mean absolute percentage error (MAPE) = 44.62210491024941
2022-05-06 03:34:45,588 - INFO - Mean squared logarithmic error (MSLE) = 0.38815388366769077
2022-05-06 03:34:45,588 - INFO - R^2 Score = 0.33291602339179327
2022-05-06 03:34:45,588 - INFO - Cohen kappa score = 0.7434617000080004
2022-05-06 03:34:46,246 - INFO - ==> Mortality:
2022-05-06 03:34:46,386 - INFO - Confusion matrix:
2022-05-06 03:34:46,386 - INFO - [[60214     5]
 [ 6689     4]]
2022-05-06 03:34:46,429 - INFO - Accuracy = 0.8999581336975098
2022-05-06 03:34:46,429 - INFO - Precision Survived = 0.9000194072723389
2022-05-06 03:34:46,429 - INFO - Precision Died = 0.4444444477558136
2022-05-06 03:34:46,429 - INFO - Recall Survived = 0.9999169707298279
2022-05-06 03:34:46,429 - INFO - Recall Died = 0.0005976393003948033
2022-05-06 03:34:46,430 - INFO - Area Under the Receiver Operating Characteristic curve (AUROC) = 0.8677509234329708
2022-05-06 03:34:46,430 - INFO - Area Under the Precision Recall curve (AUPRC) = 0.4712560898086806
2022-05-06 03:34:46,430 - INFO - F1 score (macro averaged) = 0.47426779851842105
2022-05-06 03:34:47,351 - INFO - Epoch: 14 | Train Loss: 31.1103
2022-05-06 03:36:28,833 - INFO - Validation Metrics:
2022-05-06 03:36:28,834 - INFO - ==> Length of Stay:
2022-05-06 03:36:35,805 - INFO - Custom bins confusion matrix:
2022-05-06 03:36:35,806 - INFO - [[411007  35390   2057    683    420    181     75     58     53      3]
 [ 41341 180789  35861   2604   1279    635    281    164    258     30]
 [  1322  29014 110954  13131   3408   1660    829    445    573     56]
 [   393   2929  45247  39892  10431   3714   1789   1039   1254     99]
 [   180    796   6805  29510  22089   8339   3428   1861   2391    143]
 [   140    358   1564   9192  20256  12737   5797   3000   3889    215]
 [    58    255    612   2436   9592  12531   7475   4100   6073    328]
 [    21    103    391   1138   4130   7449   7809   4841   8091    652]
 [    90    203    970   2327   5070   7448  11850  14229  57461  11548]
 [    56     90    205    615   1142   1985   2995   4216  37743  22641]]
2022-05-06 03:36:37,196 - INFO - Mean absolute deviation (MAD) = 1.285635483915372
2022-05-06 03:36:37,196 - INFO - Mean squared error (MSE) = 41.527895545465775
2022-05-06 03:36:37,196 - INFO - Mean absolute percentage error (MAPE) = 28.928431302042224
2022-05-06 03:36:37,196 - INFO - Mean squared logarithmic error (MSLE) = 0.21124015191242695
2022-05-06 03:36:37,196 - INFO - R^2 Score = 0.3267068612839815
2022-05-06 03:36:37,196 - INFO - Cohen kappa score = 0.8198013295649914
2022-05-06 03:36:37,818 - INFO - ==> Mortality:
2022-05-06 03:36:37,849 - INFO - Confusion matrix:
2022-05-06 03:36:37,849 - INFO - [[12964     0]
 [ 1347     0]]
2022-05-06 03:36:37,859 - INFO - Accuracy = 0.9058765769004822
2022-05-06 03:36:37,859 - INFO - Precision Survived = 0.9058765769004822
2022-05-06 03:36:37,859 - INFO - Precision Died = nan
2022-05-06 03:36:37,859 - INFO - Recall Survived = 1.0
2022-05-06 03:36:37,859 - INFO - Recall Died = 0.0
2022-05-06 03:36:37,859 - INFO - Area Under the Receiver Operating Characteristic curve (AUROC) = 0.878511608985376
2022-05-06 03:36:37,859 - INFO - Area Under the Precision Recall curve (AUPRC) = 0.5250532938282646
2022-05-06 03:36:37,859 - INFO - F1 score (macro averaged) = 0.4753070577451879
2022-05-06 03:36:38,535 - INFO - Epoch: 14 | Validation Loss: 19.7858
2022-05-06 03:36:38,537 - INFO - Done epoch 14, spent 0:15:39.288519.
2022-05-06 03:36:38,538 - INFO - Experiment ended. Checkpoints stored =)
2022-05-06 03:36:38,538 - INFO - Experiment ended at 22-05-06_03:36:38, spent 3:57:38.451401.
