2022-05-03 23:48:02,757 - INFO - Config:
2022-05-03 23:48:02,758 - INFO - {
    "L2_regularisation": 0,
    "alpha": 100,
    "base_dir": "models/experiments/final/eICU/LoS_mse/TPC",
    "batch_norm": "mybatchnorm",
    "batch_size": 24,
    "batch_size_test": 24,
    "batchnorm": "mybatchnorm",
    "dataset": "eICU",
    "diagnosis_size": 64,
    "disable_cuda": false,
    "exp_name": "TPC",
    "intermediate_reporting": false,
    "kernel_size": 4,
    "labs_only": false,
    "last_linear_size": 17,
    "learning_rate": 0.00226,
    "loss": "mse",
    "main_dropout_rate": 0.45,
    "mode": "train",
    "model_type": "tpc",
    "n_epochs": 15,
    "n_layers": 9,
    "name": "TPC",
    "no_diag": false,
    "no_exp": false,
    "no_labs": false,
    "no_mask": false,
    "no_skip_connections": false,
    "no_temp_kernels": 12,
    "percentage_data": 100.0,
    "point_size": 13,
    "point_sizes": [
        13,
        13,
        13,
        13,
        13,
        13,
        13,
        13,
        13
    ],
    "save_results_csv": false,
    "seed": 2643738720,
    "share_weights": false,
    "shuffle_train": true,
    "sum_losses": true,
    "task": "LoS",
    "temp_dropout_rate": 0.05,
    "temp_kernels": [
        12,
        12,
        12,
        12,
        12,
        12,
        12,
        12,
        12
    ]
}
2022-05-03 23:48:07,810 - INFO - Experiment set up.
2022-05-03 23:48:11,319 - INFO - TempPointConv(
  (relu): ReLU()
  (sigmoid): Sigmoid()
  (hardtanh): Hardtanh(min_val=0.020833333333333332, max_val=100)
  (msle_loss): MSLELoss(
    (squared_error): MSELoss()
  )
  (mse_loss): MSELoss(
    (squared_error): MSELoss()
  )
  (bce_loss): BCELoss()
  (main_dropout): Dropout(p=0.45, inplace=False)
  (temp_dropout): Dropout(p=0.05, inplace=False)
  (empty_module): EmptyModule()
  (diagnosis_encoder): Linear(in_features=293, out_features=64, bias=True)
  (bn_diagnosis_encoder): MyBatchNorm1d(64, eps=1e-05, momentum=0.1, affine=True, track_running_stats=True)
  (bn_point_last_los): MyBatchNorm1d(17, eps=1e-05, momentum=0.1, affine=True, track_running_stats=True)
  (bn_point_last_mort): MyBatchNorm1d(17, eps=1e-05, momentum=0.1, affine=True, track_running_stats=True)
  (point_final_los): Linear(in_features=17, out_features=1, bias=True)
  (point_final_mort): Linear(in_features=17, out_features=1, bias=True)
  (layer_modules): ModuleDict(
    (0): ModuleDict(
      (temp): Conv1d(174, 1044, kernel_size=(4,), stride=(1,), groups=87)
      (bn_temp): MyBatchNorm1d(1044, eps=1e-05, momentum=0.1, affine=True, track_running_stats=True)
      (point): Linear(in_features=241, out_features=13, bias=True)
      (bn_point): MyBatchNorm1d(13, eps=1e-05, momentum=0.1, affine=True, track_running_stats=True)
    )
    (1): ModuleDict(
      (temp): Conv1d(1300, 1200, kernel_size=(4,), stride=(1,), dilation=(3,), groups=100)
      (bn_temp): MyBatchNorm1d(1200, eps=1e-05, momentum=0.1, affine=True, track_running_stats=True)
      (point): Linear(in_features=1298, out_features=13, bias=True)
      (bn_point): MyBatchNorm1d(13, eps=1e-05, momentum=0.1, affine=True, track_running_stats=True)
    )
    (2): ModuleDict(
      (temp): Conv1d(1469, 1356, kernel_size=(4,), stride=(1,), dilation=(6,), groups=113)
      (bn_temp): MyBatchNorm1d(1356, eps=1e-05, momentum=0.1, affine=True, track_running_stats=True)
      (point): Linear(in_features=1454, out_features=13, bias=True)
      (bn_point): MyBatchNorm1d(13, eps=1e-05, momentum=0.1, affine=True, track_running_stats=True)
    )
    (3): ModuleDict(
      (temp): Conv1d(1638, 1512, kernel_size=(4,), stride=(1,), dilation=(9,), groups=126)
      (bn_temp): MyBatchNorm1d(1512, eps=1e-05, momentum=0.1, affine=True, track_running_stats=True)
      (point): Linear(in_features=1610, out_features=13, bias=True)
      (bn_point): MyBatchNorm1d(13, eps=1e-05, momentum=0.1, affine=True, track_running_stats=True)
    )
    (4): ModuleDict(
      (temp): Conv1d(1807, 1668, kernel_size=(4,), stride=(1,), dilation=(12,), groups=139)
      (bn_temp): MyBatchNorm1d(1668, eps=1e-05, momentum=0.1, affine=True, track_running_stats=True)
      (point): Linear(in_features=1766, out_features=13, bias=True)
      (bn_point): MyBatchNorm1d(13, eps=1e-05, momentum=0.1, affine=True, track_running_stats=True)
    )
    (5): ModuleDict(
      (temp): Conv1d(1976, 1824, kernel_size=(4,), stride=(1,), dilation=(15,), groups=152)
      (bn_temp): MyBatchNorm1d(1824, eps=1e-05, momentum=0.1, affine=True, track_running_stats=True)
      (point): Linear(in_features=1922, out_features=13, bias=True)
      (bn_point): MyBatchNorm1d(13, eps=1e-05, momentum=0.1, affine=True, track_running_stats=True)
    )
    (6): ModuleDict(
      (temp): Conv1d(2145, 1980, kernel_size=(4,), stride=(1,), dilation=(18,), groups=165)
      (bn_temp): MyBatchNorm1d(1980, eps=1e-05, momentum=0.1, affine=True, track_running_stats=True)
      (point): Linear(in_features=2078, out_features=13, bias=True)
      (bn_point): MyBatchNorm1d(13, eps=1e-05, momentum=0.1, affine=True, track_running_stats=True)
    )
    (7): ModuleDict(
      (temp): Conv1d(2314, 2136, kernel_size=(4,), stride=(1,), dilation=(21,), groups=178)
      (bn_temp): MyBatchNorm1d(2136, eps=1e-05, momentum=0.1, affine=True, track_running_stats=True)
      (point): Linear(in_features=2234, out_features=13, bias=True)
      (bn_point): MyBatchNorm1d(13, eps=1e-05, momentum=0.1, affine=True, track_running_stats=True)
    )
    (8): ModuleDict(
      (temp): Conv1d(2483, 2292, kernel_size=(4,), stride=(1,), dilation=(24,), groups=191)
      (bn_temp): MyBatchNorm1d(2292, eps=1e-05, momentum=0.1, affine=True, track_running_stats=True)
      (point): Linear(in_features=2390, out_features=13, bias=True)
      (bn_point): MyBatchNorm1d(13, eps=1e-05, momentum=0.1, affine=True, track_running_stats=True)
    )
  )
  (point_last_los): Linear(in_features=2781, out_features=17, bias=True)
  (point_last_mort): Linear(in_features=2781, out_features=17, bias=True)
)
2022-05-03 23:48:11,320 - INFO - Experiment started at 22-05-03_23:48:11.
2022-05-04 00:01:38,511 - INFO - Train Metrics:
2022-05-04 00:02:14,021 - INFO - Custom bins confusion matrix:
2022-05-04 00:02:14,022 - INFO - [[163502 874679 613075 227836 104634  52760  28145  15449  21067   1754]
 [ 57324 413917 376657 172396  91598  51556  29883  17470  25452   2153]
 [ 21140 199586 225892 122551  73123  44871  27317  16967  26202   2320]
 [  8177 102735 142757  89310  57880  38004  24330  15331  25123   2359]
 [  3459  56268  92954  66521  46490  31969  21470  14160  23548   2424]
 [  1680  32986  61958  49319  37864  27879  19165  12693  22144   2367]
 [   912  19968  41188  37997  31563  23595  17016  11679  21127   2395]
 [   520  12027  27843  28550  25922  20822  15197  10735  19768   2357]
 [   873  24115  62926  77370  81102  72635  58130  43074  89274  12327]
 [   251   9474  27204  39826  47550  47568  41715  33265  76850  13125]]
2022-05-04 00:02:22,087 - INFO - Epoch: 0 | Train Loss: 1928.8573
2022-05-04 00:04:05,423 - INFO - Validation Metrics:
2022-05-04 00:04:12,832 - INFO - Custom bins confusion matrix:
2022-05-04 00:04:12,833 - INFO - [[ 38756 202101 131495  44271  19436   8327   3412   1560    569      0]
 [ 10211  92773  89477  35255  18694   9859   4146   1942    885      0]
 [  2518  42586  56652  25975  16583   9372   4701   2108    897      0]
 [   468  20090  35893  20456  13934   8991   4110   1843   1002      0]
 [   161   9078  24135  15399  12390   7429   4191   1825    934      0]
 [    59   4828  16139  12289  10091   7098   3836   1754   1054      0]
 [    19   2146   9927   9843   8443   6705   3398   1745   1234      0]
 [     0   1010   6308   7518   7533   6033   3248   1737   1238      0]
 [    24   1733  10614  17081  25271  23968  16420   8704   7381      0]
 [     4    413   3070   7260  11798  16005  13401   9560  10177      0]]
2022-05-04 00:04:14,867 - INFO - Epoch: 0 | Validation Loss: 3380.1071
2022-05-04 00:04:14,868 - INFO - Done epoch 0, spent 0:16:03.548003.
2022-05-04 00:17:57,481 - INFO - Train Metrics:
2022-05-04 00:18:33,998 - INFO - Custom bins confusion matrix:
2022-05-04 00:18:33,998 - INFO - [[547711 628920 454271 224264 124719  52013  29355  17073  22944   1636]
 [203441 330169 293916 171331 102040  52850  33013  20130  29457   2032]
 [ 74938 166824 178667 124095  79197  47329  31900  21368  33205   2411]
 [ 27895  84932 109617  90488  63961  41354  29874  20500  34661   2700]
 [ 11143  43973  67355  65539  51284  36212  27185  19087  34369   3081]
 [  5116  23411  40727  46194  41854  31573  24408  17699  33834   3229]
 [  2598  12369  24312  31810  33829  27475  21897  16530  33154   3466]
 [  1193   7015  14790  20597  25179  23333  19888  15453  32681   3612]
 [  1943  12355  27037  40393  58509  69731  71009  62670 156574  21605]
 [   820   3993   8824  14114  23108  34422  42799  43597 139799  25352]]
2022-05-04 00:18:42,344 - INFO - Epoch: 1 | Train Loss: 1704.9983
2022-05-04 00:20:26,884 - INFO - Validation Metrics:
2022-05-04 00:20:34,556 - INFO - Custom bins confusion matrix:
2022-05-04 00:20:34,556 - INFO - [[129966 159622  83365  32574  16971  10071   7488   4772   5098      0]
 [ 38516  88783  60610  28015  15923  10213   8287   5712   7176      7]
 [  9910  41421  41840  22705  13485   8944   7671   6244   9148     24]
 [  2120  17426  26087  18400  11443   7811   7227   5878  10371     24]
 [   399   6574  14357  13303  10740   7128   6383   5727  10915     16]
 [   123   2619   7660   8482   9240   6630   5821   5231  11338      4]
 [    64   1065   3375   5254   6487   5200   5431   4971  11600     13]
 [    13    469   1722   3031   4172   4038   4885   4390  11862     43]
 [   112    685   3104   4826   6643   7910  11457  14835  61284    340]
 [    13    200    903   1306   1705   2895   4774   8053  50736   1103]]
2022-05-04 00:20:36,633 - INFO - Epoch: 1 | Validation Loss: 3039.5377
2022-05-04 00:20:36,635 - INFO - Done epoch 1, spent 0:16:21.766730.
2022-05-04 00:34:19,052 - INFO - Train Metrics:
2022-05-04 00:34:54,373 - INFO - Custom bins confusion matrix:
2022-05-04 00:34:54,373 - INFO - [[861976 510147 326952 161776  94954  92815  21424  13056  18728   1086]
 [356276 301085 225890 136189  80921  72351  24067  15774  24296   1530]
 [138631 168013 146266 105101  69296  59831  24617  17212  28971   2006]
 [ 49177  89216  93433  80126  62062  54153  24710  17967  32431   2712]
 [ 17057  43591  54541  56427  54184  52146  24273  18287  35619   3127]
 [  6353  20770  30695  35894  42344  47776  23755  18332  38163   3949]
 [  2775   9836  16749  22483  30276  38934  22565  17929  41140   4729]
 [  1270   5003   9147  13533  19924  29368  20214  17474  42447   5346]
 [  2417   7920  16082  24506  36114  59857  59966  62506 211694  40764]
 [   938   2835   5241   7645  12191  21928  27334  34748 170161  53807]]
2022-05-04 00:35:02,651 - INFO - Epoch: 2 | Train Loss: 1523.6662
2022-05-04 00:36:47,267 - INFO - Validation Metrics:
2022-05-04 00:36:54,563 - INFO - Custom bins confusion matrix:
2022-05-04 00:36:54,564 - INFO - [[226962 133485  45787  16961   7875   7299   3781   2633   5063     81]
 [ 86792  91542  39975  16212   8068   7317   3936   2896   6334    170]
 [ 26685  55537  33033  15586   8121   7723   3983   2996   7441    287]
 [  6177  27864  24477  13940   8756   9080   4177   3203   8561    552]
 [  1591  11250  14777  11578   8493  10048   3808   3254   9924    819]
 [   482   4974   8597   7714   6932   9706   3945   3120  10622   1056]
 [   128   2175   4660   4820   4741   7666   3489   2912  11522   1347]
 [    54    993   2553   2970   3153   5324   3221   2705  12041   1611]
 [    84   1220   3608   5040   5128   8307   7526   8300  57430  14553]
 [    61    221    925   1150   1290   2748   2780   3438  38293  20782]]
2022-05-04 00:36:56,690 - INFO - Epoch: 2 | Validation Loss: 2867.2608
2022-05-04 00:36:56,693 - INFO - Done epoch 2, spent 0:16:20.057828.
2022-05-04 00:50:45,243 - INFO - Train Metrics:
2022-05-04 00:51:21,581 - INFO - Custom bins confusion matrix:
2022-05-04 00:51:21,582 - INFO - [[1036229  449396  267522  135837   52857  112387   22227   10190   15211
     1072]
 [ 453080  283594  194716  117639   54075   81738   22116   11782   18261
     1411]
 [ 179164  170335  134186   96684   52490   67956   22772   12936   21671
     1775]
 [  61974   92922   88603   76293   51926   67427   23446   14647   26461
     2308]
 [  20033   43992   51886   52660   44511   70191   24796   16169   31970
     3064]
 [   7208   19590   27602   32560   32786   65392   25188   16981   36659
     4065]
 [   2970    8828   14241   18579   21310   52499   25103   17348   41290
     5248]
 [   1412    4240    7303   10285   13058   36228   22720   17475   44587
     6407]
 [   2132    6222   11148   16390   22093   57784   57407   59051  234268
    55043]
 [    885    2170    3585    4838    6392   17163   20439   26288  176226
    78548]]
2022-05-04 00:51:29,846 - INFO - Epoch: 3 | Train Loss: 1399.0054
2022-05-04 00:53:14,698 - INFO - Validation Metrics:
2022-05-04 00:53:22,465 - INFO - Custom bins confusion matrix:
2022-05-04 00:53:22,465 - INFO - [[210641 117741  53439  25975  13359   8220   7103   4584   8674    191]
 [ 81018  77985  41371  22121  12330   7616   6665   4629   9160    347]
 [ 24543  44977  31805  19185  11329   7780   6669   4711   9895    498]
 [  5304  20571  22492  15766  10377   8213   7712   4762  10802    788]
 [  1125   7620  11870  11095   8946   8019   9406   4678  12009    774]
 [   352   2990   5826   6690   6923   6931   9604   4242  12728    862]
 [    92   1177   2711   3596   3916   4982   8941   3626  13355   1064]
 [    31    574   1355   2114   2224   2887   6814   4129  13229   1268]
 [   150    576   1530   2695   3387   4262   9237  11865  65281  12213]
 [    47    287    366    632    946   1341   2222   3934  43639  18274]]
2022-05-04 00:53:24,677 - INFO - Epoch: 3 | Validation Loss: 2892.0991
2022-05-04 00:53:24,679 - INFO - Done epoch 3, spent 0:16:27.986361.
2022-05-04 01:07:09,344 - INFO - Train Metrics:
2022-05-04 01:07:45,313 - INFO - Custom bins confusion matrix:
2022-05-04 01:07:45,313 - INFO - [[1093448  427655  249164  129097   51433   37664   90993    9244   13163
     1024]
 [ 488361  276188  185486  111260   51264   32949   65242   10526   15840
     1249]
 [ 196293  171446  131170   93662   51154   32036   51641   12193   18766
     1595]
 [  66613   95318   89566   75930   53008   37152   48686   14257   23489
     1987]
 [  20648   44321   52138   52975   46526   42388   52357   15953   29290
     2672]
 [   6850   18978   26701   31604   33703   39054   55042   16979   35468
     3676]
 [   2683    8112   13281   17699   20678   29827   51619   17639   41135
     4767]
 [   1157    3646    6326    9224   12071   19365   42367   17712   45587
     6286]
 [   1742    4880    9100   13896   18600   29829   79520   59493  241422
    63344]
 [    691    1820    2977    4370    5453    8355   22372   24713  172121
    93956]]
2022-05-04 01:07:53,654 - INFO - Epoch: 4 | Train Loss: 1328.5389
2022-05-04 01:09:38,434 - INFO - Validation Metrics:
2022-05-04 01:09:45,862 - INFO - Custom bins confusion matrix:
2022-05-04 01:09:45,862 - INFO - [[269779 110189  38736  14343   6104   3519   2999   1324   2819    115]
 [106764  86040  37276  14302   6121   3739   3850   1790   3218    142]
 [ 31359  55696  35381  16140   7456   4364   4444   2079   4371    102]
 [  6423  25705  26538  16970  10316   6185   5496   2653   6344    157]
 [  1335   8573  14315  12947  10194   8612   8169   2746   8284    367]
 [   405   3122   6657   8101   7381   7423  10805   2938   9616    700]
 [   182   1210   2850   4086   4443   5218  10468   3048  10997    958]
 [   123    560   1353   2152   2565   3269   7896   3470  12031   1206]
 [   371    838   1807   2743   3645   4916  11843   9161  59676  16196]
 [    58    273    633    731    888   1225   3103   3001  38224  23552]]
2022-05-04 01:09:48,015 - INFO - Epoch: 4 | Validation Loss: 2686.6529
2022-05-04 01:09:48,016 - INFO - Done epoch 4, spent 0:16:23.336420.
2022-05-04 01:23:35,287 - INFO - Train Metrics:
2022-05-04 01:24:11,456 - INFO - Custom bins confusion matrix:
2022-05-04 01:24:11,457 - INFO - [[1149713  410053  233178  117270   47796   19540  104282    8197   11893
      986]
 [ 516617  271796  178342  105057   47992   20763   72630    9593   14458
     1149]
 [ 206569  172955  128596   91812   49351   23691   56972   10820   17684
     1495]
 [  68021   95932   88390   76222   53404   30919   55953   12697   22410
     2034]
 [  20204   43357   51412   52669   47193   35710   63384   14480   28109
     2734]
 [   6472   17677   25987   31018   33049   31781   67793   16298   34164
     3792]
 [   2361    7254   12332   16675   19810   23132   62968   17425   40411
     5055]
 [    881    3097    5941    8511   11398   14602   49599   17778   45390
     6544]
 [   1425    3901    7560   11395   16302   21925   83492   58447  249333
    68046]
 [    747    1592    2440    3362    4304    5104   19772   21152  175079
   103276]]
2022-05-04 01:24:19,953 - INFO - Epoch: 5 | Train Loss: 1278.6180
2022-05-04 01:26:04,559 - INFO - Validation Metrics:
2022-05-04 01:26:12,093 - INFO - Custom bins confusion matrix:
2022-05-04 01:26:12,094 - INFO - [[271979  98635  40683  16515   8193   4742   4628   1757   2754     41]
 [110306  77245  36876  16050   7737   4476   5424   1870   3161     97]
 [ 31584  51333  34063  17540   9110   5125   6315   2311   3883    128]
 [  5184  21567  24701  18129  11797   7996   9109   2967   5128    209]
 [   816   6296  11403  12267  10205   9847  13871   3624   6956    257]
 [   248   1924   4641   6691   6469   7325  16765   3767   8987    331]
 [    95    671   1926   3159   3390   4159  15388   3367  10840    465]
 [    59    330    915   1558   1836   2286  11790   3670  11564    617]
 [   183    449   1082   1861   2399   3200  17095  11043  62963  10921]
 [    30    120    319    495    458    650   3956   3508  42735  19417]]
2022-05-04 01:26:14,228 - INFO - Epoch: 5 | Validation Loss: 2722.7709
2022-05-04 01:26:14,230 - INFO - Done epoch 5, spent 0:16:26.214622.
2022-05-04 01:39:55,816 - INFO - Train Metrics:
2022-05-04 01:40:30,813 - INFO - Custom bins confusion matrix:
2022-05-04 01:40:30,813 - INFO - [[1177555  398194  225475  114361   47064   18720  102819    7174   10583
      952]
 [ 535523  265794  172237  103217   47838   20540   71097    8638   12442
     1072]
 [ 215184  171058  126098   89939   49877   23718   57020   10175   15521
     1355]
 [  70874   95734   87148   75091   54255   31360   57270   11989   20480
     1791]
 [  21165   42569   50484   52017   47947   36582   65783   13923   26245
     2537]
 [   6643   17568   25151   29794   32976   32404   72257   15563   32325
     3350]
 [   2521    7274   11981   15950   19621   23266   68448   16337   37588
     4435]
 [   1046    3224    5644    7973   10880   14358   55141   17206   42382
     5887]
 [   1536    4199    7371   11275   15965   21216   94333   59047  239567
    67317]
 [    742    1277    2103    2988    3842    4955   21790   20820  166919
   111392]]
2022-05-04 01:40:39,081 - INFO - Epoch: 6 | Train Loss: 1240.2741
2022-05-04 01:42:23,905 - INFO - Validation Metrics:
2022-05-04 01:42:31,626 - INFO - Custom bins confusion matrix:
2022-05-04 01:42:31,626 - INFO - [[249813 106557  46154  21183   9717   5591   4506   1988   4203    215]
 [ 95083  80780  41217  19474   9453   5350   5294   2055   4307    229]
 [ 24594  48613  37368  20863  10520   6035   5935   2430   4640    394]
 [  3318  17413  25267  20715  13681   8836   8174   3104   5730    549]
 [   450   3858  10168  12745  12598  11165  12648   3848   7356    706]
 [   141    919   3435   6185   7750   9119  15855   3882   9077    785]
 [    73    384   1164   2527   3514   5211  15227   3996  10363   1001]
 [    57    175    523   1196   1824   2790  11494   3779  11477   1310]
 [   329    364    856   1396   2023   3096  16641  10996  57529  17966]
 [    96    206    316    483    590    785   3307   3332  34448  28125]]
2022-05-04 01:42:33,840 - INFO - Epoch: 6 | Validation Loss: 2683.9028
2022-05-04 01:42:33,843 - INFO - Done epoch 6, spent 0:16:19.612183.
2022-05-04 01:56:18,814 - INFO - Train Metrics:
2022-05-04 01:56:54,583 - INFO - Custom bins confusion matrix:
2022-05-04 01:56:54,584 - INFO - [[1193658  389598  219172  112056   46668   18876  104083    7237   10481
     1070]
 [ 544960  262299  167377  100727   46784   20294   73525    8760   12381
     1272]
 [ 219869  169202  123263   88500   49815   23966   58950   10026   14866
     1475]
 [  73077   95225   86115   73518   53909   31570   59452   11906   19422
     1814]
 [  21210   42405   49782   51252   47597   37478   68257   13954   24855
     2486]
 [   6482   17076   24130   29262   32845   33337   74937   15951   30596
     3439]
 [   2384    6991   11333   15622   19582   23394   70706   16653   36073
     4702]
 [   1016    2901    5423    8141   10905   14225   56475   17391   41062
     6202]
 [   1434    3996    7097   11110   15559   21071   97616   59520  238593
    65830]
 [    645    1282    1949    2789    3770    5077   22313   22229  168687
   108087]]
2022-05-04 01:57:02,749 - INFO - Epoch: 7 | Train Loss: 1213.7647
2022-05-04 01:58:47,115 - INFO - Validation Metrics:
2022-05-04 01:58:54,519 - INFO - Custom bins confusion matrix:
2022-05-04 01:58:54,520 - INFO - [[295544  85432  34153  14330   7172   4202   4951   1561   2492     90]
 [129460  69802  30078  13253   6321   3757   5954   1894   2624     99]
 [ 41343  50981  30300  15015   7445   4142   6527   2274   3247    118]
 [  7716  23593  24048  17030  11441   7333   8720   2681   4113    112]
 [  1062   7044  11762  12181  10855  10232  13158   3509   5581    158]
 [   227   1878   4473   6571   7408   8867  16177   4062   7254    231]
 [    71    596   1641   2804   3772   5236  15921   3832   9269    318]
 [    43    271    734   1293   1858   2812  12693   3789  10598    534]
 [   160    373    817   1496   1971   2994  20107  13365  61965   7948]
 [    42    184    289    406    465    761   4635   4603  44965  15338]]
2022-05-04 01:58:56,631 - INFO - Epoch: 7 | Validation Loss: 2728.0761
2022-05-04 01:58:56,633 - INFO - Done epoch 7, spent 0:16:22.790813.
2022-05-04 02:12:39,115 - INFO - Train Metrics:
2022-05-04 02:13:14,046 - INFO - Custom bins confusion matrix:
2022-05-04 02:13:14,047 - INFO - [[1198168  384004  216147  112500   48912   20154  105307    7068    9748
      870]
 [ 551333  258037  164881   98954   48204   21599   73779    8512   11968
     1068]
 [ 224121  166596  121714   87153   49904   24680   60080    9873   14428
     1360]
 [  74387   94149   85233   73734   53975   32163   60523   11720   18361
     1715]
 [  21639   42807   49773   50792   47708   37197   69546   14169   23378
     2229]
 [   6659   17101   24726   29447   32935   33203   75510   16248   29214
     2988]
 [   2449    6929   11614   15413   19494   23416   72139   17267   34566
     4129]
 [    987    2919    5485    7995   10847   14510   57879   18270   39455
     5370]
 [   1724    4084    7090   11068   15806   21722  104696   63289  231872
    60439]
 [    714    1249    2148    3105    4466    5861   28569   23392  163542
   103782]]
2022-05-04 02:13:22,513 - INFO - Epoch: 8 | Train Loss: 1169.2219
2022-05-04 02:15:06,093 - INFO - Validation Metrics:
2022-05-04 02:15:13,593 - INFO - Custom bins confusion matrix:
2022-05-04 02:15:13,593 - INFO - [[281970  91396  37910  16760   7526   4035   5000   1823   3284    223]
 [114365  74606  34696  15568   7724   4314   5267   2549   3929    224]
 [ 32705  48849  33422  17484   9043   5340   5832   2852   5493    372]
 [  5226  20383  23435  17514  11879   8179   9204   3130   7261    576]
 [   770   5462  11064  11559   9702   9038  14279   3613   9048   1007]
 [   193   1507   3950   6314   6299   6565  15956   4025  11038   1301]
 [    92    503   1452   2547   3330   3820  13457   4192  12216   1851]
 [    72    189    665   1224   1674   1969   8797   4721  12597   2717]
 [   177    366    732   1140   1773   2629  10607  10065  56112  27595]
 [    41    122    288    483    522    734   2553   2251  29145  35549]]
2022-05-04 02:15:15,705 - INFO - Epoch: 8 | Validation Loss: 2692.2893
2022-05-04 02:15:15,707 - INFO - Done epoch 8, spent 0:16:19.074004.
2022-05-04 02:28:52,972 - INFO - Train Metrics:
2022-05-04 02:29:27,840 - INFO - Custom bins confusion matrix:
2022-05-04 02:29:27,841 - INFO - [[1206828  382068  214498  112080   48100   19230  102606    7225    9446
      803]
 [ 553909  258213  164674   99200   48068   20738   72058    8802   11650
     1070]
 [ 226130  168455  121492   86829   49812   23610   57617   10078   14610
     1315]
 [  74550   95895   85715   73508   53814   31760   57905   12624   18402
     1833]
 [  21451   41937   50154   51062   47977   37676   67461   14885   24286
     2363]
 [   6474   16773   24476   29198   32742   33366   75398   16543   29901
     3160]
 [   2399    6513   11279   15204   19105   23157   72561   17644   35314
     4240]
 [    959    2994    5092    7729   10466   13993   57976   18804   40094
     5610]
 [   1514    3801    6728   10508   15157   21060   96460   65320  237969
    63174]
 [    519    1141    1893    2747    3726    4914   22061   23608  168829
   107390]]
2022-05-04 02:29:36,043 - INFO - Epoch: 9 | Train Loss: 1129.7589
2022-05-04 02:31:20,867 - INFO - Validation Metrics:
2022-05-04 02:31:28,400 - INFO - Custom bins confusion matrix:
2022-05-04 02:31:28,401 - INFO - [[284046  92456  36862  16406   7676   4244   4008   1341   2583    305]
 [117215  75258  34332  15513   7359   4282   4835   1441   2720    287]
 [ 33490  49284  33904  18251   9420   5453   5944   1884   3297    465]
 [  4801  19755  25109  19142  12697   8959   9172   2391   4172    589]
 [   569   4750  10458  12988  11488  11058  14931   3012   5483    805]
 [   246   1275   3793   6138   6905   8141  18729   3699   7196   1026]
 [    73    520   1264   2391   3292   4434  17430   3947   8869   1240]
 [    58    261    583   1148   1682   2216  12730   4319  10022   1606]
 [   372    471    904   1282   1944   3286  18870  12555  47203  24309]
 [    50    137    314    454    682    967   4379   3549  29206  31950]]
2022-05-04 02:31:30,487 - INFO - Epoch: 9 | Validation Loss: 2696.6790
2022-05-04 02:31:30,489 - INFO - Done epoch 9, spent 0:16:14.781402.
2022-05-04 02:45:03,242 - INFO - Train Metrics:
2022-05-04 02:45:38,210 - INFO - Custom bins confusion matrix:
2022-05-04 02:45:38,211 - INFO - [[1239495  375550  206709  104385   44096   16831  100858    5749    8240
      971]
 [ 570133  258182  162329   96361   45319   18729   69544    6859    9743
     1156]
 [ 227086  171866  123647   88247   49279   22446   56056    8181   11883
     1268]
 [  71361   96890   88216   75537   56609   32261   56887   10613   16103
     1529]
 [  19663   41033   50061   52192   50769   40298   68566   12894   21636
     2164]
 [   5767   15527   23219   29142   34048   35222   78706   15418   27894
     3112]
 [   2104    6230   10289   14460   18803   23519   76421   17128   34258
     4228]
 [    908    2531    4705    7009    9987   13459   60145   19140   40111
     5746]
 [   1450    3300    6064    9540   13639   19462   92052   62324  245255
    68740]
 [    563    1083    1670    2279    3158    4151   17765   19397  168889
   117873]]
2022-05-04 02:45:46,645 - INFO - Epoch: 10 | Train Loss: 1076.4365
2022-05-04 02:47:28,642 - INFO - Validation Metrics:
2022-05-04 02:47:36,045 - INFO - Custom bins confusion matrix:
2022-05-04 02:47:36,046 - INFO - [[280977  91524  37483  16648   7975   4624   5284   1577   3298    537]
 [117325  73668  33359  15160   7850   4295   6343   1676   3148    418]
 [ 35395  49664  31926  17105   8787   5162   7309   2082   3555    407]
 [  6194  20952  24398  18002  11925   7755   9462   2804   4877    418]
 [   847   5516  10707  12742  11215   9656  14194   3239   6828    598]
 [   243   1569   3821   6148   6865   7572  17371   3927   8717    915]
 [    90    480   1336   2454   3396   4008  15674   4101  10706   1215]
 [    37    233    555   1111   1626   2109  10976   4687  11574   1717]
 [   157    372    834   1275   1829   2694  15452  10832  52009  25742]
 [    10     54    189    269    446    690   4716   2961  28513  33840]]
2022-05-04 02:47:38,144 - INFO - Epoch: 10 | Validation Loss: 2695.6775
2022-05-04 02:47:38,146 - INFO - Done epoch 10, spent 0:16:07.657315.
2022-05-04 03:01:00,035 - INFO - Train Metrics:
2022-05-04 03:01:35,609 - INFO - Custom bins confusion matrix:
2022-05-04 03:01:35,610 - INFO - [[1244891  375284  205175  102209   42553   16887  101152    5640    8305
      823]
 [ 571686  258216  162597   95210   43547   18775   70474    6983    9967
      953]
 [ 225969  172103  124346   88174   48670   22650   56259    8532   12113
     1153]
 [  70092   96471   88824   76353   56515   32167   57107   10665   16319
     1493]
 [  18200   40222   50163   52891   51424   41137   68220   13139   21728
     2128]
 [   5244   14404   22667   29087   34216   36822   79209   15424   28139
     2819]
 [   1797    5502    9619   14012   18451   24474   77645   17411   34660
     3858]
 [    808    2249    4215    6612    9553   13845   61131   18822   41176
     5330]
 [   1354    3077    5608    8947   13172   18663   92698   62262  247579
    68466]
 [    470     843    1420    2161    3135    4078   17945   19102  168727
   118947]]
2022-05-04 03:01:43,864 - INFO - Epoch: 11 | Train Loss: 1041.9832
2022-05-04 03:03:27,535 - INFO - Validation Metrics:
2022-05-04 03:03:35,111 - INFO - Custom bins confusion matrix:
2022-05-04 03:03:35,112 - INFO - [[277347  89785  40154  18278   9091   5112   5305   1388   3049    418]
 [110052  73293  36699  17870   8969   5444   5870   1538   3116    391]
 [ 30382  45054  34780  20543  11110   6575   7012   1876   3562    498]
 [  4814  16236  22939  20290  14635  10188  10201   2387   4592    505]
 [   467   3567   8371  12126  13160  12469  15884   2953   5912    633]
 [    79    761   2649   5289   7273   9650  19992   3474   7119    862]
 [    32    225    839   1956   3204   5463  18311   3944   8393   1093]
 [    11    126    378    852   1518   2912  13092   4394  10097   1245]
 [   111    243    528   1087   1808   3407  18614  11506  50757  23135]
 [     7     60    311    386    502    767   4591   3125  27086  34853]]
2022-05-04 03:03:37,370 - INFO - Epoch: 11 | Validation Loss: 2619.7282
2022-05-04 03:03:37,371 - INFO - Done epoch 11, spent 0:15:59.225137.
2022-05-04 03:17:02,215 - INFO - Train Metrics:
2022-05-04 03:17:38,255 - INFO - Custom bins confusion matrix:
2022-05-04 03:17:38,255 - INFO - [[1267395  367480  198483   98310   40678   16176  100873    5360    7442
      730]
 [ 582504  257062  160287   92923   42745   17805   68898    6410    8894
      888]
 [ 229780  172240  124337   87964   48324   22218   55001    7967   11163
      998]
 [  69851   96605   88750   76781   57850   32519   57588   10080   14659
     1323]
 [  17269   39359   49955   53106   52084   42071   70908   12395   20206
     1899]
 [   4688   13900   22313   28514   34196   37153   83605   15077   25969
     2616]
 [   1734    5238    9415   13860   18510   24260   81107   17696   31981
     3615]
 [    681    2198    4137    6562    9478   13265   64172   20026   38313
     4885]
 [   1210    2982    5369    8478   12506   18171   95836   67682  244430
    65018]
 [    404     769    1315    1963    2760    3929   18042   20453  164710
   122418]]
2022-05-04 03:17:46,501 - INFO - Epoch: 12 | Train Loss: 970.2283
2022-05-04 03:19:30,034 - INFO - Validation Metrics:
2022-05-04 03:19:37,708 - INFO - Custom bins confusion matrix:
2022-05-04 03:19:37,708 - INFO - [[300920  72153  29947  14827   8766   5728   7155   2619   6058   1754]
 [126915  61454  28554  14950   8433   5193   7593   2813   5777   1560]
 [ 35988  42081  28809  17411  10377   6709   9047   2915   6481   1574]
 [  6011  15952  18753  15836  12303   9687  15223   3605   7546   1871]
 [  1038   3664   6993   8571   8832   8687  21884   4337   9165   2371]
 [   274   1245   2328   3325   4201   4820  22396   5549  10175   2835]
 [   130    365    725   1301   1811   2236  16911   5565  11275   3141]
 [    51    184    311    528    891   1239  11084   5347  11338   3652]
 [   161    213    482    740   1150   1681  16452  11886  40558  37873]
 [     7     37    123    275    330    506   5372   3960  19158  41920]]
2022-05-04 03:19:39,809 - INFO - Epoch: 12 | Validation Loss: 3077.1560
2022-05-04 03:19:39,812 - INFO - Done epoch 12, spent 0:16:02.440306.
2022-05-04 03:33:05,341 - INFO - Train Metrics:
2022-05-04 03:33:41,388 - INFO - Custom bins confusion matrix:
2022-05-04 03:33:41,388 - INFO - [[1275122  365144  196808   96691   40126   15900   99962    5470    6933
      748]
 [ 585975  256624  158962   92136   41979   17659   69142    6529    8623
      791]
 [ 230253  172690  123617   87932   48295   21893   55360    8216   10796
      917]
 [  68859   95848   88623   77455   58395   33281   57127   10557   14714
     1147]
 [  17240   38403   48761   52772   52718   43005   70734   13476   20469
     1674]
 [   4670   13452   21713   28214   34027   37920   82443   15865   27324
     2403]
 [   1711    5007    8982   13558   18099   24622   79773   17930   34346
     3392]
 [    663    2075    3944    6528    9406   13677   62026   19991   40689
     4742]
 [   1236    2822    5221    8351   12585   18236   90865   65735  251310
    65465]
 [    502     818    1409    1916    2737    3607   16207   19494  167059
   123079]]
2022-05-04 03:33:49,816 - INFO - Epoch: 13 | Train Loss: 957.5807
2022-05-04 03:35:33,189 - INFO - Validation Metrics:
2022-05-04 03:35:40,705 - INFO - Custom bins confusion matrix:
2022-05-04 03:35:40,705 - INFO - [[301888  78108  32879  15208   7749   4635   4755   1317   2807    581]
 [123448  68736  32410  15899   8087   4526   5645   1386   2659    446]
 [ 34958  44994  32565  19398  11224   6441   6977   1655   2787    393]
 [  5110  16322  21539  19616  14895  11100  12304   2274   3198    429]
 [   595   3050   7286  10165  12312  12799  21955   2874   4052    454]
 [   156    774   2084   3630   5485   8323  27546   3860   4811    479]
 [    82    331    681   1212   2218   3309  24260   4745   6041    581]
 [    21    190    345    655    993   1726  16279   5889   7776    751]
 [   237    331    594   1139   1900   3088  24575  14086  41289  23957]
 [    17    102    236    452    622   1137  10001   4555  19585  34981]]
2022-05-04 03:35:42,805 - INFO - Epoch: 13 | Validation Loss: 2703.4832
2022-05-04 03:35:42,806 - INFO - Done epoch 13, spent 0:16:02.994480.
2022-05-04 03:49:10,211 - INFO - Train Metrics:
2022-05-04 03:49:46,034 - INFO - Custom bins confusion matrix:
2022-05-04 03:49:46,035 - INFO - [[1297478  357809  190249   92959   37918   14804   98895    5053    7035
      678]
 [ 596999  255332  156563   89398   40823   16447   67531    6132    8413
      700]
 [ 232516  173722  124511   86964   47599   21064   53997    7589   11007
      928]
 [  68517   96481   89223   78042   58735   33336   56069    9731   14613
     1187]
 [  16457   38137   48995   53156   53337   44279   70712   12234   20254
     1619]
 [   4514   12777   20763   27436   33938   39112   85925   14599   26567
     2351]
 [   1532    4671    8310   12698   17890   24568   84505   16984   32878
     3374]
 [    522    1794    3762    6078    9086   13493   65851   19425   39159
     4571]
 [    968    2581    4597    7740   11839   17522   93148   66300  250181
    66950]
 [    476     745    1155    1599    2380    3336   14433   16932  163302
   132470]]
2022-05-04 03:49:54,358 - INFO - Epoch: 14 | Train Loss: 939.2060
2022-05-04 03:51:36,719 - INFO - Validation Metrics:
2022-05-04 03:51:44,366 - INFO - Custom bins confusion matrix:
2022-05-04 03:51:44,367 - INFO - [[275556  89062  38566  18856   9837   5735   5909   1795   3525   1086]
 [113058  70935  34804  17096   9316   5747   6272   1845   3289    880]
 [ 34003  46372  31863  19039  10346   5985   7109   2000   3838    837]
 [  5824  18769  23154  18995  13090   9087  10089   2300   4613    866]
 [   779   4296   9307  12419  12415  11058  15656   2823   5732   1057]
 [   178   1117   2926   5224   6812   8534  20413   3668   6968   1308]
 [    52    406    963   1789   2715   4221  19047   4305   8302   1660]
 [    42    195    451    741   1112   2278  13059   4918   9712   2117]
 [    81    186    407    922   1487   2626  20678  11504  40914  32391]
 [     7     43    109    257    457    684   4620   3209  20544  41758]]
2022-05-04 03:51:46,656 - INFO - Epoch: 14 | Validation Loss: 2840.5130
2022-05-04 03:51:46,658 - INFO - Done epoch 14, spent 0:16:03.851670.
2022-05-04 03:51:46,659 - INFO - Experiment ended. Checkpoints stored =)
2022-05-04 03:51:46,659 - INFO - Experiment ended at 22-05-04_03:51:46, spent 4:03:35.338578.
