2022-05-01 10:39:24,367 - INFO - Config:
2022-05-01 10:39:24,368 - INFO - {
    "L2_regularisation": 0,
    "alpha": 100,
    "base_dir": "models/experiments/final/eICU/LoS/PointwiseOnly",
    "batch_norm": "mybatchnorm",
    "batch_size": 512,
    "batch_size_test": 512,
    "batchnorm": "mybatchnorm",
    "dataset": "eICU",
    "diagnosis_size": 64,
    "disable_cuda": false,
    "exp_name": "PointwiseOnly",
    "intermediate_reporting": false,
    "kernel_size": 4,
    "labs_only": false,
    "last_linear_size": 17,
    "learning_rate": 0.00226,
    "loss": "msle",
    "main_dropout_rate": 0.45,
    "mode": "train",
    "model_type": "pointwise_only",
    "n_epochs": 15,
    "n_layers": 9,
    "name": "PointwiseOnly",
    "no_diag": false,
    "no_exp": false,
    "no_labs": false,
    "no_mask": false,
    "no_skip_connections": false,
    "no_temp_kernels": 12,
    "percentage_data": 100.0,
    "point_size": 13,
    "point_sizes": [
        13,
        13,
        13,
        13,
        13,
        13,
        13,
        13,
        13
    ],
    "save_results_csv": false,
    "seed": 121537415,
    "share_weights": false,
    "shuffle_train": true,
    "sum_losses": true,
    "task": "LoS",
    "temp_dropout_rate": 0.05,
    "temp_kernels": [
        12,
        12,
        12,
        12,
        12,
        12,
        12,
        12,
        12
    ]
}
2022-05-01 10:39:30,016 - INFO - Experiment set up.
2022-05-01 10:39:30,055 - INFO - TempPointConv(
  (relu): ReLU()
  (sigmoid): Sigmoid()
  (hardtanh): Hardtanh(min_val=0.020833333333333332, max_val=100)
  (msle_loss): MSLELoss(
    (squared_error): MSELoss()
  )
  (mse_loss): MSELoss(
    (squared_error): MSELoss()
  )
  (bce_loss): BCELoss()
  (main_dropout): Dropout(p=0.45, inplace=False)
  (temp_dropout): Dropout(p=0.05, inplace=False)
  (empty_module): EmptyModule()
  (diagnosis_encoder): Linear(in_features=293, out_features=64, bias=True)
  (bn_diagnosis_encoder): MyBatchNorm1d(64, eps=1e-05, momentum=0.1, affine=True, track_running_stats=True)
  (bn_point_last_los): MyBatchNorm1d(17, eps=1e-05, momentum=0.1, affine=True, track_running_stats=True)
  (bn_point_last_mort): MyBatchNorm1d(17, eps=1e-05, momentum=0.1, affine=True, track_running_stats=True)
  (point_final_los): Linear(in_features=17, out_features=1, bias=True)
  (point_final_mort): Linear(in_features=17, out_features=1, bias=True)
  (layer_modules): ModuleDict(
    (0): ModuleDict(
      (point): Linear(in_features=241, out_features=13, bias=True)
      (bn_point): MyBatchNorm1d(13, eps=1e-05, momentum=0.1, affine=True, track_running_stats=True)
    )
    (1): ModuleDict(
      (point): Linear(in_features=254, out_features=13, bias=True)
      (bn_point): MyBatchNorm1d(13, eps=1e-05, momentum=0.1, affine=True, track_running_stats=True)
    )
    (2): ModuleDict(
      (point): Linear(in_features=267, out_features=13, bias=True)
      (bn_point): MyBatchNorm1d(13, eps=1e-05, momentum=0.1, affine=True, track_running_stats=True)
    )
    (3): ModuleDict(
      (point): Linear(in_features=280, out_features=13, bias=True)
      (bn_point): MyBatchNorm1d(13, eps=1e-05, momentum=0.1, affine=True, track_running_stats=True)
    )
    (4): ModuleDict(
      (point): Linear(in_features=293, out_features=13, bias=True)
      (bn_point): MyBatchNorm1d(13, eps=1e-05, momentum=0.1, affine=True, track_running_stats=True)
    )
    (5): ModuleDict(
      (point): Linear(in_features=306, out_features=13, bias=True)
      (bn_point): MyBatchNorm1d(13, eps=1e-05, momentum=0.1, affine=True, track_running_stats=True)
    )
    (6): ModuleDict(
      (point): Linear(in_features=319, out_features=13, bias=True)
      (bn_point): MyBatchNorm1d(13, eps=1e-05, momentum=0.1, affine=True, track_running_stats=True)
    )
    (7): ModuleDict(
      (point): Linear(in_features=332, out_features=13, bias=True)
      (bn_point): MyBatchNorm1d(13, eps=1e-05, momentum=0.1, affine=True, track_running_stats=True)
    )
    (8): ModuleDict(
      (point): Linear(in_features=345, out_features=13, bias=True)
      (bn_point): MyBatchNorm1d(13, eps=1e-05, momentum=0.1, affine=True, track_running_stats=True)
    )
  )
  (point_last_los): Linear(in_features=422, out_features=17, bias=True)
  (point_last_mort): Linear(in_features=422, out_features=17, bias=True)
)
2022-05-01 11:14:43,796 - INFO - Custom bins confusion matrix:
2022-05-01 11:14:43,798 - INFO - [[857594 967474 163329  53010  22926  11540   6604   3943   7171   2128]
 [341543 605359 155389  61791  29405  15215   8527   5256   9508   2226]
 [150332 359649 122179  55012  27947  15278   8876   5380  10308   2319]
 [ 75414 224584  93380  46575  25056  13850   8129   5244   9568   2338]
 [ 41874 149365  71858  38036  21123  12310   7406   4736   9130   2133]
 [ 25709 104275  56183  31399  17922  10682   6550   4223   8170   1977]
 [ 16445  75961  44934  26525  15234   9286   5717   3735   7059   1843]
 [ 10796  56320  36312  22209  13229   7971   4840   3253   6445   1802]
 [ 25480 159682 118132  75862  47159  29286  18929  12591  25928   7197]
 [ 11122  81720  74501  52849  35167  22928  15467  10530  23420   8283]]
2022-05-01 11:14:52,138 - INFO - Epoch: 0 | Train Loss: 109.7024
2022-05-01 11:20:06,562 - INFO - Custom bins confusion matrix:
2022-05-01 11:20:06,563 - INFO - [[200948 169658  46047  17278   7972   3918   1866    994    907     16]
 [ 75384 101867  39819  21769  12134   6341   3031   1471   1169     11]
 [ 30933  57864  28270  18768  12190   6662   3541   1704   1279      4]
 [ 15061  33500  19615  14817  10717   6353   3430   1712   1426     12]
 [  7912  20593  13678  11588   9020   5787   3440   1838   1526     16]
 [  4810  13732  10350   9294   7513   4874   3116   1753   1549     13]
 [  3193   8770   7688   7483   6181   4220   2786   1601   1399      9]
 [  2104   6605   5884   5918   5050   3785   2415   1490   1313      3]
 [  4082  16851  18320  19868  18252  14392   8922   4612   5662     59]
 [  1634   8545  10373  12115  11583   9863   6991   4463   5917    197]]
2022-05-01 11:20:08,834 - INFO - Epoch: 0 | Validation Loss: 98.4590
2022-05-01 11:55:30,762 - INFO - Custom bins confusion matrix:
2022-05-01 11:55:30,765 - INFO - [[937612 895004 156192  53828  23688  11890   6567   3794   6220   1077]
 [358872 563720 162527  71285  34365  17823   9781   5721   9197   1220]
 [153121 328149 128923  65095  34626  19040  10610   6359  10196   1464]
 [ 74336 199257  98249  55523  31324  17361  10319   6156  10357   1514]
 [ 40543 128709  74843  45613  26552  15242   9219   5864   9865   1606]
 [ 24577  86926  58197  37673  22395  13564   8148   5083   9209   1474]
 [ 15379  61186  46427  31671  19238  11525   7144   4514   8271   1502]
 [  9891  43980  37020  25934  16641  10260   6444   4086   7598   1438]
 [ 22481 119982 117104  88553  58486  37861  23963  15770  30346   6078]
 [  9330  56811  69312  59258  43094  29232  19979  13361  28243   7088]]
2022-05-01 11:55:39,099 - INFO - Epoch: 1 | Train Loss: 101.8257
2022-05-01 12:00:53,176 - INFO - Custom bins confusion matrix:
2022-05-01 12:00:53,177 - INFO - [[196528 190640  32998  14002   7224   3733   2022   1154   1268     35]
 [ 70403 116650  33270  19369  11236   5844   3069   1643   1486     26]
 [ 28396  66326  24115  17183  11651   6558   3450   1886   1620     30]
 [ 13969  38150  16662  13833  10520   6373   3651   1733   1717     35]
 [  7339  23363  11698  10887   8945   5947   3459   1830   1883     47]
 [  4349  15716   9012   8496   7400   5087   3256   1793   1848     47]
 [  2786  10132   6762   6912   5963   4237   2982   1754   1761     41]
 [  1884   7378   5160   5553   4903   3734   2643   1625   1651     36]
 [  3807  19215  15502  17825  17555  13935  10020   5686   7321    154]
 [  1562   9291   8380  10742  10869   9665   7135   4787   8707    543]]
2022-05-01 12:00:55,517 - INFO - Epoch: 1 | Validation Loss: 95.1128
2022-05-01 12:36:10,969 - INFO - Custom bins confusion matrix:
2022-05-01 12:36:10,972 - INFO - [[953413 878988 154606  54686  24584  12046   6611   3756   6080    951]
 [358227 557042 164184  73823  36475  18450  10139   5503   8885   1220]
 [151117 320620 131413  69159  36075  19545  11130   6461  10281   1460]
 [ 72660 192963 100038  58351  32780  18425  10583   6357  10630   1515]
 [ 39936 122566  75706  48166  28214  16187   9656   6017  10080   1557]
 [ 23629  82291  58180  39672  24191  14143   8692   5485   9440   1510]
 [ 14980  57141  46026  33209  20610  12683   7577   4714   8421   1453]
 [  9487  40306  36859  27601  17772  10703   6842   4334   7921   1437]
 [ 21411 109023 113136  92031  62843  40435  25755  16659  32220   6435]
 [  8419  49512  65725  60666  45096  31232  21507  14691  31175   7971]]
2022-05-01 12:36:19,387 - INFO - Epoch: 2 | Train Loss: 99.5578
2022-05-01 12:41:34,273 - INFO - Custom bins confusion matrix:
2022-05-01 12:41:34,274 - INFO - [[217147 183304  29203  11575   5084   1994    801    312    184      0]
 [ 79602 119005  34048  17720   7738   3197   1112    367    207      0]
 [ 32730  69434  26835  18018   8713   3569   1211    446    259      0]
 [ 16446  40523  19606  15666   8748   3645   1216    478    315      0]
 [  8551  25543  14119  13283   8052   3665   1313    485    387      0]
 [  4970  17556  11191  10656   7052   3376   1325    536    342      0]
 [  3190  11375   8752   8900   5777   3201   1344    492    299      0]
 [  2056   8568   6701   7213   5139   2947   1207    481    255      0]
 [  4217  22496  21087  24336  19371  11038   4906   2195   1374      0]
 [  1965  10929  12314  14925  13257   8694   5108   2293   2196      0]]
2022-05-01 12:41:36,649 - INFO - Epoch: 2 | Validation Loss: 94.6701
2022-05-01 13:17:05,913 - INFO - Custom bins confusion matrix:
2022-05-01 13:17:05,916 - INFO - [[958475 878676 151823  54630  23857  11850   6316   3694   5834    836]
 [358424 558067 163902  74141  36036  18467   9942   5815   8479   1116]
 [151212 320661 130177  69562  37104  19935  11201   6372  10109   1323]
 [ 72418 192078  99199  59891  33215  18572  10789   6464  10452   1498]
 [ 39083 121776  74865  48765  29295  16744  10097   6074  10045   1505]
 [ 23319  81101  57397  40289  24870  14812   9056   5580   9467   1443]
 [ 14682  55840  45409  33681  21260  12908   8031   4914   8651   1449]
 [  9028  39513  36027  27771  18242  11573   7220   4375   8162   1319]
 [ 20140 104733 110725  93247  64473  42145  27226  17767  33372   6364]
 [  7985  45454  62278  60951  46602  32620  22132  15472  33191   8578]]
2022-05-01 13:17:14,335 - INFO - Epoch: 3 | Train Loss: 98.2759
2022-05-01 13:22:29,299 - INFO - Custom bins confusion matrix:
2022-05-01 13:22:29,300 - INFO - [[250823 141442  30805  13690   6596   3397   1446    658    747      0]
 [ 96169  93845  32788  19490  10777   5410   2453   1051   1013      0]
 [ 40800  55257  24561  17807  11248   6074   2914   1323   1226      5]
 [ 20507  32487  17261  14367  10156   6069   3175   1358   1244     19]
 [ 10946  20534  12002  11291   9035   5633   3143   1414   1381     19]
 [  6546  14003   9218   9221   7338   5077   2863   1365   1351     22]
 [  4253   9003   6939   7729   5959   4232   2553   1307   1341     14]
 [  2717   6746   5624   6031   4999   3666   2297   1218   1267      2]
 [  5593  18037  16859  19340  18625  13590   8524   4891   5551     10]
 [  2733   8912   9334  11577  12052   9617   6713   4205   6339    199]]
2022-05-01 13:22:31,831 - INFO - Epoch: 3 | Validation Loss: 93.5370
2022-05-01 13:57:57,609 - INFO - Custom bins confusion matrix:
2022-05-01 13:57:57,612 - INFO - [[970874 867782 149158  54282  24457  12213   6511   3727   5798    916]
 [359413 553404 164197  75661  36550  18624  10442   5695   8724   1189]
 [150699 316390 131017  71266  37562  20202  11368   6701  10512   1418]
 [ 71605 189077  99559  60470  34266  19462  11101   6599  10526   1482]
 [ 38627 119425  74758  49354  29507  17550  10447   6351  10403   1572]
 [ 22593  79128  57768  40660  25655  15179   9353   5622   9610   1603]
 [ 14065  54378  45124  34377  21909  13260   8203   5102   8838   1450]
 [  8782  37702  36119  28686  18569  11611   7244   4577   8303   1522]
 [ 19633  98782 108621  94322  66343  43560  27974  18447  35063   7060]
 [  7454  43153  59276  60672  47403  33700  23486  15965  34526   9214]]
2022-05-01 13:58:06,119 - INFO - Epoch: 4 | Train Loss: 97.1008
2022-05-01 14:03:20,792 - INFO - Custom bins confusion matrix:
2022-05-01 14:03:20,792 - INFO - [[238342 157922  30828  12656   5582   2403    984    492    395      0]
 [ 88326 105338  34434  19109   9117   3912   1576    701    483      0]
 [ 36748  61230  27105  18279   9920   4554   1925    807    647      0]
 [ 18171  36133  19068  15207   9613   4927   2044    826    651      3]
 [  9689  22455  13699  12409   8659   4792   2110    842    738      5]
 [  5666  15443  10502  10106   7331   4390   1974    914    669      9]
 [  3621   9927   8243   8159   6181   3723   1986    855    630      5]
 [  2435   7278   6385   6606   5372   3291   1804    813    582      1]
 [  5040  19381  19029  22356  19187  13005   6687   3535   2776     24]
 [  2245   9695  10318  13224  12494   9655   6250   3663   4078     59]]
2022-05-01 14:03:23,193 - INFO - Epoch: 4 | Validation Loss: 92.8721
2022-05-01 14:38:55,105 - INFO - Custom bins confusion matrix:
2022-05-01 14:38:55,107 - INFO - [[970104 870580 148977  54175  23885  11899   6275   3635   5673    849]
 [358204 556440 163939  75258  36579  18723   9868   5633   8646   1216]
 [149152 318186 131594  70965  37609  20443  11346   6630  10325   1333]
 [ 71341 188975 100122  60454  34102  19170  11295   6610  10826   1499]
 [ 38145 119110  75444  49952  29714  17181  10315   6175  10518   1627]
 [ 22306  79010  57676  41026  25491  15461   9199   5687   9805   1560]
 [ 13913  54107  45101  34306  21941  13307   8205   5255   9088   1550]
 [  8617  37613  35607  28460  18861  11818   7445   4626   8668   1527]
 [ 18817  97965 106639  94426  66517  44319  28840  18830  36291   7281]
 [  7114  40213  57828  60273  47697  34758  24211  16763  36293  10010]]
2022-05-01 14:39:03,555 - INFO - Epoch: 5 | Train Loss: 96.4313
2022-05-01 14:44:16,214 - INFO - Custom bins confusion matrix:
2022-05-01 14:44:16,214 - INFO - [[246044 156012  24700  11117   5805   2921   1445    740    819      1]
 [ 91907 107262  27528  16936   9753   5111   2342   1139   1013      5]
 [ 38730  63207  21699  15727  10398   5917   2946   1307   1282      2]
 [ 19250  37574  15386  13167   9553   5778   3167   1441   1308     19]
 [ 10412  23304  11256  10231   8615   5410   3197   1555   1400     18]
 [  6236  15944   8704   8444   7046   4814   2912   1474   1392     38]
 [  3908  10474   6688   6728   5889   4139   2642   1476   1367     19]
 [  2608   7675   5166   5421   4964   3670   2420   1333   1302      8]
 [  5760  20241  15878  17470  17619  13782   8968   5534   5708     60]
 [  2758   9982   8977  10809  10819   9203   7301   4674   6800    358]]
2022-05-01 14:44:18,553 - INFO - Epoch: 5 | Validation Loss: 92.6588
2022-05-01 15:19:40,128 - INFO - Custom bins confusion matrix:
2022-05-01 15:19:40,130 - INFO - [[982204 860738 147189  54140  24087  11594   6225   3546   5605    870]
 [361006 554242 163020  75403  36795  18545   9946   5654   8597   1101]
 [150651 316616 130871  71572  37717  20410  11446   6675  10177   1367]
 [ 71225 188305  99319  60986  34689  19525  11382   6724  10874   1481]
 [ 38048 118724  74840  49981  30152  17688  10404   6261  10519   1591]
 [ 22159  78224  57260  41135  25891  15472   9391   5953  10032   1676]
 [ 13611  53485  44795  34682  22081  13568   8486   5190   9245   1579]
 [  8438  36906  35762  28517  19056  11973   7383   4758   8728   1586]
 [ 18521  94733 105867  94928  67403  44853  29475  18972  36962   7780]
 [  6852  38547  55808  59774  48277  34849  24337  17339  38105  10775]]
2022-05-01 15:19:48,276 - INFO - Epoch: 6 | Train Loss: 95.6900
2022-05-01 15:25:01,803 - INFO - Custom bins confusion matrix:
2022-05-01 15:25:01,804 - INFO - [[239768 141197  34150  14892   8186   4475   2639   1533   2556    208]
 [ 88506  92309  31905  19238  12477   7278   4672   2530   3812    269]
 [ 36641  52503  22878  16341  11755   7961   5146   2955   4636    399]
 [ 18082  30186  15333  12394   9945   7172   4901   3421   4772    437]
 [  9555  18423  10623   9112   8212   6257   4578   3176   5014    448]
 [  5612  12396   8038   7138   6537   5362   3916   2740   4868    397]
 [  3488   7940   5943   5685   5394   4270   3329   2313   4574    394]
 [  2368   5763   4506   4380   4347   3748   2823   1958   4375    299]
 [  4825  15108  13015  13343  14062  13552  10567   8009  16712   1827]
 [  2368   7096   7038   7710   8420   8079   7217   5687  15127   2939]]
2022-05-01 15:25:04,338 - INFO - Epoch: 6 | Validation Loss: 93.0632
2022-05-01 16:00:31,478 - INFO - Custom bins confusion matrix:
2022-05-01 16:00:31,480 - INFO - [[990270 853298 145471  54178  24205  11789   6271   3663   5783    899]
 [364852 550435 161580  75466  36857  18755  10336   5908   8847   1237]
 [150603 315632 130774  71705  38135  20459  11334   6758  10604   1490]
 [ 71229 187211  98912  61212  35086  19778  11411   6924  11157   1542]
 [ 38052 117196  74661  50548  30413  17802  10460   6426  11044   1625]
 [ 21764  77583  56985  41962  25831  15688   9612   5968  10254   1764]
 [ 13180  53069  44978  34623  22139  13803   8496   5384   9605   1680]
 [  8234  36279  35197  28513  19593  12370   7525   4933   9036   1670]
 [ 17504  92812 103861  94306  68671  45620  30040  19929  39307   8673]
 [  6535  36068  54195  58540  47901  35610  25342  18070  40971  13186]]
2022-05-01 16:00:39,814 - INFO - Epoch: 7 | Train Loss: 94.9774
2022-05-01 16:05:53,596 - INFO - Custom bins confusion matrix:
2022-05-01 16:05:53,597 - INFO - [[249217 154404  21508  10391   5782   3190   1875   1205   1839    193]
 [ 93158 107766  24426  15553   9295   5372   2964   1782   2463    217]
 [ 39162  63856  19686  14358   9565   5796   3481   2118   2917    276]
 [ 19447  37999  14038  11759   8507   5518   3813   2290   2927    345]
 [ 10404  23944   9885   9064   7733   5175   3412   2275   3157    349]
 [  6165  16539   7656   7309   6297   4565   2989   2030   3135    319]
 [  3944  10739   6075   5908   4980   3809   2798   1711   3072    294]
 [  2697   7894   4578   4723   4276   3262   2274   1584   3047    232]
 [  5863  21110  13781  15045  15206  11983   8366   5968  12553   1145]
 [  2811   9958   7724   8788   8657   7659   6390   5109  12242   2343]]
2022-05-01 16:05:55,941 - INFO - Epoch: 7 | Validation Loss: 92.5617
2022-05-01 16:41:19,820 - INFO - Custom bins confusion matrix:
2022-05-01 16:41:19,823 - INFO - [[990642 854956 144408  53758  23908  11746   6346   3588   5599    868]
 [363678 553083 160712  75134  36747  18767   9959   5769   8918   1208]
 [150202 316687 130563  71545  37796  20441  11381   6638  10402   1477]
 [ 70722 187734  99628  61388  34438  19302  11515   6859  11001   1612]
 [ 37656 118121  74730  50347  30292  17404  10547   6363  10763   1717]
 [ 21579  77827  57108  41283  26155  15608   9506   5822  10356   1765]
 [ 13149  52864  44862  34693  22374  13568   8555   5315   9518   1740]
 [  8049  36387  35011  29125  19161  11966   7491   4821   9152   1864]
 [ 17794  91433 104444  94516  67874  45213  29859  19709  39607   8847]
 [  6578  35387  54490  58550  48223  35345  25492  17999  41028  13063]]
2022-05-01 16:41:27,969 - INFO - Epoch: 8 | Train Loss: 94.7373
2022-05-01 16:46:40,471 - INFO - Custom bins confusion matrix:
2022-05-01 16:46:40,471 - INFO - [[232174 167308  26607  12202   5525   2723   1480    780    796      9]
 [ 83593 112158  30779  18079   9257   4622   2181   1210   1098     19]
 [ 34570  65010  24098  16860   9945   5341   2704   1290   1357     40]
 [ 17130  38120  17053  13963   9348   5362   2844   1357   1413     53]
 [  9074  23607  12179  11404   8229   4986   2989   1410   1464     56]
 [  5412  16331   9125   9119   7182   4409   2513   1368   1491     54]
 [  3381  10770   7092   7326   5797   3861   2350   1162   1541     50]
 [  2320   7860   5415   5969   5049   3100   2085   1230   1508     31]
 [  5088  20518  16105  19461  17593  12373   8125   5104   6564     89]
 [  2426  10155   9027  11194  11333   8869   6426   4468   7232    551]]
2022-05-01 16:46:42,893 - INFO - Epoch: 8 | Validation Loss: 92.1899
2022-05-01 17:22:09,378 - INFO - Custom bins confusion matrix:
2022-05-01 17:22:09,381 - INFO - [[998894 849935 142162  53049  23995  11878   6222   3504   5644    864]
 [365616 553096 160915  74401  36523  18515   9884   5747   8570   1232]
 [150444 317485 130146  71229  38115  20278  11268   6790  10376   1451]
 [ 70279 187789  99406  61337  35144  19668  11307   6702  11171   1663]
 [ 37164 117752  74836  50800  30030  17935  10436   6437  10984   1730]
 [ 21186  77304  57156  41950  26137  15513   9473   5954  10706   1807]
 [ 12856  52566  44887  34614  22172  13899   8771   5394   9724   1884]
 [  7735  36108  35457  28705  19170  12131   7660   4970   9480   1842]
 [ 16868  89442 103737  94647  68351  45568  30549  20038  41236   9780]
 [  5764  33365  52004  58216  47895  35855  25861  18469  43066  14876]]
2022-05-01 17:22:17,853 - INFO - Epoch: 9 | Train Loss: 93.8202
2022-05-01 17:27:32,151 - INFO - Custom bins confusion matrix:
2022-05-01 17:27:32,151 - INFO - [[250316 136138  31087  14240   7875   4041   2256   1419   2054    178]
 [ 93487  91441  30776  19209  11925   6683   4012   2168   3064    231]
 [ 39022  52904  22841  16605  11357   7501   4448   2678   3547    312]
 [ 19522  30566  15710  12836   9798   6683   4478   2969   3726    355]
 [ 10346  19002  10806   9619   8373   6001   4199   2759   3925    368]
 [  6095  12971   8144   7548   6852   5195   3682   2319   3831    367]
 [  3742   8384   6110   6133   5459   4326   3019   2126   3661    370]
 [  2499   6066   4734   4720   4716   3639   2511   1819   3557    306]
 [  5378  15816  13397  15155  15230  12991   9686   7213  14772   1382]
 [  2498   7669   7368   8357   8861   8403   7247   5873  12972   2433]]
2022-05-01 17:27:34,455 - INFO - Epoch: 9 | Validation Loss: 92.6432
2022-05-01 18:03:05,636 - INFO - Custom bins confusion matrix:
2022-05-01 18:03:05,640 - INFO - [[1003985  846646  140525   52653   23816   11578    6299    3655    5657
      889]
 [ 369265  551521  158641   74862   36130   18266    9983    5622    8801
     1224]
 [ 152598  315725  129744   71221   37745   20464   11345    6697   10533
     1556]
 [  71520  187507   98391   60900   34932   19837   11340    6873   11422
     1723]
 [  37892  117358   74176   50432   30355   17748   10839    6531   10954
     1875]
 [  21721   77138   56599   41241   26164   15783    9855    5981   10845
     1867]
 [  13240   51977   44306   34771   22416   13931    8706    5555    9977
     1847]
 [   8061   35987   34266   29068   19495   12218    7856    4925    9372
     1949]
 [  16831   89053  101711   94593   68838   46295   31131   20838   41243
     9727]
 [   5708   32892   51228   57602   48238   36117   26144   19169   44117
    14784]]
2022-05-01 18:03:14,121 - INFO - Epoch: 10 | Train Loss: 93.7419
2022-05-01 18:08:26,854 - INFO - Custom bins confusion matrix:
2022-05-01 18:08:26,855 - INFO - [[232503 158063  29084  13041   7118   4002   2222   1390   2026    155]
 [ 83524 104769  30179  17783  11032   6511   3800   2223   2956    219]
 [ 34198  60039  22709  15567  10985   6916   4286   2601   3583    331]
 [ 16931  34820  15391  12350   9380   6590   4384   2760   3687    350]
 [  8999  21521  10617   9417   7994   5818   4113   2621   3926    372]
 [  5336  14537   8181   7373   6543   4961   3572   2338   3812    351]
 [  3275   9286   6383   5902   5431   4008   3005   2094   3583    363]
 [  2208   6840   4717   4720   4509   3554   2568   1787   3439    225]
 [  4693  17885  13631  14778  15072  12666   9504   7237  14237   1317]
 [  2183   8276   7458   8802   9160   7980   6937   5560  12979   2346]]
2022-05-01 18:08:29,199 - INFO - Epoch: 10 | Validation Loss: 92.3217
2022-05-01 18:43:58,567 - INFO - Custom bins confusion matrix:
2022-05-01 18:43:58,571 - INFO - [[1006025  847078  140363   51784   23070   11472    6064    3486    5597
      937]
 [ 367473  555376  158376   73268   35886   18343    9767    5653    8702
     1316]
 [ 150853  318439  129487   70708   37309   20261   11379    6574   10666
     1497]
 [  70242  189425   98871   60502   34370   19576   11272    6778   11393
     1773]
 [  37148  118237   74419   50100   30287   17792   10501    6491   11130
     1867]
 [  21270   77092   56808   41384   26132   15830    9805    6050   10880
     1852]
 [  12582   52494   44689   34589   22375   13898    8653    5455   10161
     1888]
 [   7560   35809   35049   28601   19382   12270    7852    5128    9607
     1937]
 [  16240   88050  102345   92998   68789   46194   31190   20587   42681
    10737]
 [   5610   31473   49658   55411   47091   35719   26305   19122   46640
    17119]]
2022-05-01 18:44:06,842 - INFO - Epoch: 11 | Train Loss: 92.9733
2022-05-01 18:49:21,587 - INFO - Custom bins confusion matrix:
2022-05-01 18:49:21,588 - INFO - [[249692 147962  24039  11294   6414   3682   2236   1416   2586    283]
 [ 92622 101898  26117  15681   9870   6383   3761   2300   3886    478]
 [ 38642  59684  20339  13942   9692   6672   4270   2826   4481    667]
 [ 19291  35259  14044  10724   8604   6098   4260   2898   4761    704]
 [ 10369  21916   9875   8399   6941   5512   4009   2781   4880    716]
 [  6162  15064   7483   6578   5817   4608   3555   2385   4692    660]
 [  3930   9687   5683   5286   4803   3768   3057   2139   4285    692]
 [  2649   7099   4366   4201   3978   3267   2416   1860   4177    554]
 [  5746  18688  13196  13273  12960  11480   9055   7030  16961   2631]
 [  2820   8963   7299   7724   7556   7010   6602   5539  14276   3892]]
2022-05-01 18:49:24,076 - INFO - Epoch: 11 | Validation Loss: 92.7150
2022-05-01 19:24:52,223 - INFO - Custom bins confusion matrix:
2022-05-01 19:24:52,226 - INFO - [[1014058  840154  138194   52228   23163   11557    6183    3482    5781
      939]
 [ 370780  552730  156913   73125   35569   18484   10159    5790    9120
     1396]
 [ 152104  318324  127590   70091   37784   20352   11617    6668   11005
     1775]
 [  70876  188064   98624   60200   34563   19591   11485    7004   11762
     1962]
 [  36971  117560   74349   49897   30472   17890   10656    6557   11482
     2021]
 [  21186   76718   56945   41269   26039   15804    9751    6090   11073
     2074]
 [  12747   52015   44245   34220   22402   13945    8949    5668   10392
     2051]
 [   7768   34961   35095   28646   19246   12419    7873    5085    9868
     2105]
 [  16091   86142  101851   93607   68647   46585   30872   21037   43804
    11109]
 [   5363   30221   48697   55769   47339   36171   26580   19326   48144
    17984]]
2022-05-01 19:25:00,470 - INFO - Epoch: 12 | Train Loss: 92.6531
2022-05-01 19:30:13,364 - INFO - Custom bins confusion matrix:
2022-05-01 19:30:13,364 - INFO - [[225568 169593  27833  12891   6646   3241   1715   1029   1079      9]
 [ 79711 112661  30790  18036  10524   5474   2806   1419   1547     28]
 [ 32494  64430  23623  16514  10843   6241   3477   1731   1812     50]
 [ 16021  37433  16139  13614   9882   6360   3538   1734   1858     64]
 [  8456  22983  11551  10681   8537   5945   3321   1839   2027     58]
 [  4886  15612   8750   8658   7138   5026   3028   1773   2067     66]
 [  3054   9948   6852   6857   5765   4438   2723   1598   2035     60]
 [  2148   7248   5029   5619   4941   3668   2428   1411   2037     38]
 [  4640  18930  15780  17534  16409  13337   9620   6037   8504    229]
 [  2341   9292   8661  10369  10117   9483   7107   4927   8655    729]]
2022-05-01 19:30:15,709 - INFO - Epoch: 12 | Validation Loss: 92.0769
2022-05-01 20:05:39,138 - INFO - Custom bins confusion matrix:
2022-05-01 20:05:39,141 - INFO - [[1014884  840775  137277   51607   23149   11653    6216    3529    5732
      941]
 [ 370139  554771  156527   73135   35428   18386   10020    5626    8835
     1338]
 [ 152127  318736  127892   70320   37463   20335   11508    6757   10677
     1589]
 [  70361  188687   98849   60551   34699   19700   11395    6840   11486
     1782]
 [  36661  117951   74526   50026   30292   17952   10786    6587   11280
     1949]
 [  20846   76825   57255   41597   26177   15761    9780    6084   10797
     2032]
 [  12347   51921   44827   34592   22554   13835    8989    5397   10233
     2018]
 [   7553   35159   34683   28872   19444   12442    7923    5122    9824
     2111]
 [  16002   85551  100385   93678   68267   46871   31560   21031   44684
    11833]
 [   5398   29702   47907   54941   47479   36451   26998   19840   48460
    18435]]
2022-05-01 20:05:47,431 - INFO - Epoch: 13 | Train Loss: 92.4141
2022-05-01 20:11:02,087 - INFO - Custom bins confusion matrix:
2022-05-01 20:11:02,087 - INFO - [[246438 145206  28193  13339   7127   3678   2227   1308   1898    190]
 [ 90832  98938  29545  17744  10895   6282   3483   2057   2870    350]
 [ 37698  57374  22691  15840  10582   6573   3979   2577   3470    431]
 [ 18775  33684  15750  11826   9269   6416   4198   2633   3539    553]
 [  9858  20890  11116   9364   7997   5483   4003   2522   3660    505]
 [  5822  14330   8377   7519   6574   4648   3225   2328   3765    416]
 [  3579   9207   6615   5987   5201   3959   2848   2053   3527    354]
 [  2411   6795   4732   4947   4462   3489   2431   1714   3315    271]
 [  5366  17617  14296  15369  14629  12271   9258   6918  13947   1349]
 [  2635   8198   7744   9203   8724   8033   7073   5668  12233   2170]]
2022-05-01 20:11:04,467 - INFO - Epoch: 13 | Validation Loss: 92.6336
2022-05-01 20:46:33,612 - INFO - Custom bins confusion matrix:
2022-05-01 20:46:33,616 - INFO - [[1016931  839873  137280   51429   23087   11340    6181    3498    5533
      933]
 [ 371941  555022  156616   71750   35657   17912    9932    5677    8788
     1331]
 [ 152085  320152  128439   69461   36557   20186   11536    6793   10802
     1667]
 [  69985  190891   98152   60020   34296   19537   11387    6784   11480
     1963]
 [  36625  117886   75001   50024   30012   17795   10691    6526   11623
     2130]
 [  20908   77160   57074   41324   25664   15766    9748    6071   11305
     2267]
 [  12302   51948   44875   34202   22342   13973    8668    5644   10704
     2176]
 [   7270   35087   34878   28628   19364   12336    8078    5215   10055
     2280]
 [  15312   84464   99978   92515   68355   47013   31940   21640   46288
    12322]
 [   4678   28912   47220   54295   46988   35909   27108   20183   50048
    20368]]
2022-05-01 20:46:41,994 - INFO - Epoch: 14 | Train Loss: 91.9798
2022-05-01 20:51:55,164 - INFO - Custom bins confusion matrix:
2022-05-01 20:51:55,165 - INFO - [[288926 119003  20605   9856   5057   2667   1455    780   1175     80]
 [114908  90214  24492  14619   8342   4517   2512   1419   1823    150]
 [ 50194  55973  20059  13771   8802   5268   3117   1700   2121    210]
 [ 25853  33869  14829  11338   7923   5280   3170   1775   2354    252]
 [ 14037  21956  10803   9007   7164   4823   3083   1701   2582    242]
 [  8593  15466   8321   7263   6131   4152   2658   1609   2584    227]
 [  5439  10194   6552   6043   5031   3600   2314   1544   2399    214]
 [  3654   7672   5052   4908   4312   3102   1922   1421   2320    204]
 [  8456  20558  16253  15622  14499  10971   8150   5715  10118    678]
 [  4133  10392   9258   9791   8524   7320   6528   4819   9527   1389]]
2022-05-01 20:51:57,561 - INFO - Epoch: 14 | Validation Loss: 94.9250
2022-05-01 20:51:57,564 - INFO - Experiment ended. Checkpoints stored =)
